#
# There is insufficient memory for the Java Runtime Environment to continue.
# Native memory allocation (malloc) failed to allocate 1156736 bytes for Chunk::new
# Possible reasons:
#   The system is out of physical RAM or swap space
#   The process is running with CompressedOops enabled, and the Java Heap may be blocking the growth of the native heap
# Possible solutions:
#   Reduce memory load on the system
#   Increase physical memory or swap space
#   Check if swap backing store is full
#   Decrease Java heap size (-Xmx/-Xms)
#   Decrease number of Java threads
#   Decrease Java thread stack sizes (-Xss)
#   Set larger code cache with -XX:ReservedCodeCacheSize=
#   JVM is running with Unscaled Compressed Oops mode in which the Java heap is
#     placed in the first 4GB address space. The Java Heap base address is the
#     maximum limit for the native heap growth. Please use -XX:HeapBaseMinAddress
#     to set the Java Heap base and to place the Java Heap above 4GB virtual address.
# This output file may be truncated or incomplete.
#
#  Out of Memory Error (arena.cpp:189), pid=43636, tid=4892
#
# JRE version: OpenJDK Runtime Environment Temurin-17.0.4.1+1 (17.0.4.1+1) (build 17.0.4.1+1)
# Java VM: OpenJDK 64-Bit Server VM Temurin-17.0.4.1+1 (17.0.4.1+1, mixed mode, tiered, compressed oops, compressed class ptrs, parallel gc, windows-amd64)
# No core dump will be written. Minidumps are not enabled by default on client versions of Windows
#

---------------  S U M M A R Y ------------

Command Line: --add-modules=ALL-SYSTEM --add-opens=java.base/java.util=ALL-UNNAMED --add-opens=java.base/java.lang=ALL-UNNAMED --add-opens=java.base/sun.nio.fs=ALL-UNNAMED -Declipse.application=org.eclipse.jdt.ls.core.id1 -Dosgi.bundles.defaultStartLevel=4 -Declipse.product=org.eclipse.jdt.ls.core.product -Djava.import.generatesMetadataFilesAtProjectRoot=false -Dfile.encoding=utf8 -XX:+UseParallelGC -XX:GCTimeRatio=4 -XX:AdaptiveSizePolicyWeight=90 -Dsun.zip.disableMemoryMapping=true -Xmx1G -Xms100m -Xlog:disable -javaagent:c:\Users\59553\.antigravity\extensions\redhat.java-1.12.0-win32-x64\lombok\lombok-1.18.24.jar -XX:+HeapDumpOnOutOfMemoryError -XX:HeapDumpPath=c:\Users\59553\AppData\Roaming\Antigravity\User\workspaceStorage\74d62bd06157901407eed9eddba0cf6c\redhat.java c:\Users\59553\.antigravity\extensions\redhat.java-1.12.0-win32-x64\server\plugins\org.eclipse.equinox.launcher_1.6.400.v20210924-0641.jar -configuration c:\Users\59553\AppData\Roaming\Antigravity\User\globalStorage\redhat.java\1.12.0\config_win -data c:\Users\59553\AppData\Roaming\Antigravity\User\workspaceStorage\74d62bd06157901407eed9eddba0cf6c\redhat.java\jdt_ws

Host: Intel(R) Core(TM) i7-14650HX, 24 cores, 15G,  Windows 11 , 64 bit Build 26100 (10.0.26100.5074)
Time: Sun Mar 22 11:15:28 2026  Windows 11 , 64 bit Build 26100 (10.0.26100.5074) elapsed time: 6.361122 seconds (0d 0h 0m 6s)

---------------  T H R E A D  ---------------

Current thread (0x000001a42c9ece60):  JavaThread "C2 CompilerThread1" daemon [_thread_in_native, id=4892, stack(0x0000006aa6a00000,0x0000006aa6b00000)]


Current CompileTask:
C2:   6361 7973 %     4       org.eclipse.jdt.internal.core.search.indexing.BinaryIndexer::extractReferenceFromConstantPool @ 147 (341 bytes)

Stack: [0x0000006aa6a00000,0x0000006aa6b00000]
Native frames: (J=compiled Java code, j=interpreted, Vv=VM code, C=native code)
V  [jvm.dll+0x67731a]
V  [jvm.dll+0x832284]
V  [jvm.dll+0x833a2e]
V  [jvm.dll+0x834093]
V  [jvm.dll+0x245775]
V  [jvm.dll+0xabd7b]
V  [jvm.dll+0xac30c]
V  [jvm.dll+0x2ac80f]
V  [jvm.dll+0x57dd77]
V  [jvm.dll+0x220892]
V  [jvm.dll+0x220c6f]
V  [jvm.dll+0x21a4d5]
V  [jvm.dll+0x21799b]
V  [jvm.dll+0x1a3f8d]
V  [jvm.dll+0x227498]
V  [jvm.dll+0x2255e5]
V  [jvm.dll+0x7e7e9b]
V  [jvm.dll+0x7e240a]
V  [jvm.dll+0x6761a5]
C  [ucrtbase.dll+0x37b0]
C  [KERNEL32.DLL+0x2e8d7]
C  [ntdll.dll+0x8d9c]


---------------  P R O C E S S  ---------------

Threads class SMR info:
_java_thread_list=0x000001a431feb5c0, length=56, elements={
0x000001a416d67860, 0x000001a416e2e080, 0x000001a42abe3500, 0x000001a42abed910,
0x000001a42abee1d0, 0x000001a42abeea90, 0x000001a42c7f3990, 0x000001a42c7f5890,
0x000001a42c7f9c50, 0x000001a42c7fc170, 0x000001a42c8298d0, 0x000001a42c97a050,
0x000001a42c995090, 0x000001a42c998530, 0x000001a42c9ece60, 0x000001a42f61cfa0,
0x000001a42ff04950, 0x000001a42ff05230, 0x000001a42ff05700, 0x000001a42ff640e0,
0x000001a42ff645b0, 0x000001a42ff64a80, 0x000001a42f9a2460, 0x000001a43011e240,
0x000001a42fff8ff0, 0x000001a42fff7cb0, 0x000001a42fff6970, 0x000001a42fff64a0,
0x000001a42fff6e40, 0x000001a42fff8180, 0x000001a42fff77e0, 0x000001a42fff7310,
0x000001a42fff8b20, 0x000001a42fff94c0, 0x000001a42fff9990, 0x000001a4303aed90,
0x000001a4303ac240, 0x000001a4303acbe0, 0x000001a4303ae8c0, 0x000001a4303ab8a0,
0x000001a4303ac710, 0x000001a4303adf20, 0x000001a4303ae3f0, 0x000001a4303af260,
0x000001a4303ad0b0, 0x000001a4303abd70, 0x000001a4303b05a0, 0x000001a4303b0a70,
0x000001a4303b0f40, 0x000001a4303ad580, 0x000001a4303b1410, 0x000001a4303ada50,
0x000001a4303b2280, 0x000001a4303b18e0, 0x000001a4303b2c20, 0x000001a4303b2750
}

Java Threads: ( => current thread )
  0x000001a416d67860 JavaThread "main" [_thread_blocked, id=21252, stack(0x0000006aa5a00000,0x0000006aa5b00000)]
  0x000001a416e2e080 JavaThread "Reference Handler" daemon [_thread_blocked, id=53696, stack(0x0000006aa5d00000,0x0000006aa5e00000)]
  0x000001a42abe3500 JavaThread "Finalizer" daemon [_thread_blocked, id=40544, stack(0x0000006aa5e00000,0x0000006aa5f00000)]
  0x000001a42abed910 JavaThread "Signal Dispatcher" daemon [_thread_blocked, id=28540, stack(0x0000006aa5f00000,0x0000006aa6000000)]
  0x000001a42abee1d0 JavaThread "Attach Listener" daemon [_thread_blocked, id=11788, stack(0x0000006aa6000000,0x0000006aa6100000)]
  0x000001a42abeea90 JavaThread "Service Thread" daemon [_thread_blocked, id=9712, stack(0x0000006aa6100000,0x0000006aa6200000)]
  0x000001a42c7f3990 JavaThread "Monitor Deflation Thread" daemon [_thread_blocked, id=3468, stack(0x0000006aa6200000,0x0000006aa6300000)]
  0x000001a42c7f5890 JavaThread "C2 CompilerThread0" daemon [_thread_in_native, id=29920, stack(0x0000006aa6300000,0x0000006aa6400000)]
  0x000001a42c7f9c50 JavaThread "C1 CompilerThread0" daemon [_thread_blocked, id=48104, stack(0x0000006aa6400000,0x0000006aa6500000)]
  0x000001a42c7fc170 JavaThread "Sweeper thread" daemon [_thread_blocked, id=15540, stack(0x0000006aa6500000,0x0000006aa6600000)]
  0x000001a42c8298d0 JavaThread "Common-Cleaner" daemon [_thread_blocked, id=55120, stack(0x0000006aa6600000,0x0000006aa6700000)]
  0x000001a42c97a050 JavaThread "C1 CompilerThread1" daemon [_thread_blocked, id=10860, stack(0x0000006aa6700000,0x0000006aa6800000)]
  0x000001a42c995090 JavaThread "C1 CompilerThread2" daemon [_thread_blocked, id=10644, stack(0x0000006aa6800000,0x0000006aa6900000)]
  0x000001a42c998530 JavaThread "C1 CompilerThread3" daemon [_thread_blocked, id=25644, stack(0x0000006aa6900000,0x0000006aa6a00000)]
=>0x000001a42c9ece60 JavaThread "C2 CompilerThread1" daemon [_thread_in_native, id=4892, stack(0x0000006aa6a00000,0x0000006aa6b00000)]
  0x000001a42f61cfa0 JavaThread "Notification Thread" daemon [_thread_blocked, id=2544, stack(0x0000006aa6c00000,0x0000006aa6d00000)]
  0x000001a42ff04950 JavaThread "Equinox resolver thread - Equinox Container: 59b3a8b4-61f6-401d-b3b9-f630dfc79451" daemon [_thread_blocked, id=11408, stack(0x0000006aa7400000,0x0000006aa7500000)]
  0x000001a42ff05230 JavaThread "Equinox resolver thread - Equinox Container: 59b3a8b4-61f6-401d-b3b9-f630dfc79451" daemon [_thread_blocked, id=29336, stack(0x0000006aa7500000,0x0000006aa7600000)]
  0x000001a42ff05700 JavaThread "Equinox resolver thread - Equinox Container: 59b3a8b4-61f6-401d-b3b9-f630dfc79451" daemon [_thread_blocked, id=19548, stack(0x0000006aa7600000,0x0000006aa7700000)]
  0x000001a42ff640e0 JavaThread "Equinox resolver thread - Equinox Container: 59b3a8b4-61f6-401d-b3b9-f630dfc79451" daemon [_thread_blocked, id=12848, stack(0x0000006aa7700000,0x0000006aa7800000)]
  0x000001a42ff645b0 JavaThread "Equinox resolver thread - Equinox Container: 59b3a8b4-61f6-401d-b3b9-f630dfc79451" daemon [_thread_blocked, id=14128, stack(0x0000006aa7800000,0x0000006aa7900000)]
  0x000001a42ff64a80 JavaThread "Equinox resolver thread - Equinox Container: 59b3a8b4-61f6-401d-b3b9-f630dfc79451" daemon [_thread_blocked, id=42784, stack(0x0000006aa7900000,0x0000006aa7a00000)]
  0x000001a42f9a2460 JavaThread "Active Thread: Equinox Container: 59b3a8b4-61f6-401d-b3b9-f630dfc79451" [_thread_blocked, id=52824, stack(0x0000006aa7a00000,0x0000006aa7b00000)]
  0x000001a43011e240 JavaThread "Framework Event Dispatcher: Equinox Container: 59b3a8b4-61f6-401d-b3b9-f630dfc79451" daemon [_thread_blocked, id=35892, stack(0x0000006aa7b00000,0x0000006aa7c00000)]
  0x000001a42fff8ff0 JavaThread "Start Level: Equinox Container: 59b3a8b4-61f6-401d-b3b9-f630dfc79451" daemon [_thread_blocked, id=53904, stack(0x0000006aa7c00000,0x0000006aa7d00000)]
  0x000001a42fff7cb0 JavaThread "Refresh Thread: Equinox Container: 59b3a8b4-61f6-401d-b3b9-f630dfc79451" daemon [_thread_blocked, id=2948, stack(0x0000006aa7f00000,0x0000006aa8000000)]
  0x000001a42fff6970 JavaThread "Equinox resolver thread - Equinox Container: 59b3a8b4-61f6-401d-b3b9-f630dfc79451" daemon [_thread_blocked, id=36408, stack(0x0000006aa8000000,0x0000006aa8100000)]
  0x000001a42fff64a0 JavaThread "Equinox resolver thread - Equinox Container: 59b3a8b4-61f6-401d-b3b9-f630dfc79451" daemon [_thread_blocked, id=54696, stack(0x0000006aa8100000,0x0000006aa8200000)]
  0x000001a42fff6e40 JavaThread "Equinox resolver thread - Equinox Container: 59b3a8b4-61f6-401d-b3b9-f630dfc79451" daemon [_thread_blocked, id=28700, stack(0x0000006aa8200000,0x0000006aa8300000)]
  0x000001a42fff8180 JavaThread "Equinox resolver thread - Equinox Container: 59b3a8b4-61f6-401d-b3b9-f630dfc79451" daemon [_thread_blocked, id=34080, stack(0x0000006aa8300000,0x0000006aa8400000)]
  0x000001a42fff77e0 JavaThread "Equinox resolver thread - Equinox Container: 59b3a8b4-61f6-401d-b3b9-f630dfc79451" daemon [_thread_blocked, id=35396, stack(0x0000006aa8400000,0x0000006aa8500000)]
  0x000001a42fff7310 JavaThread "Equinox resolver thread - Equinox Container: 59b3a8b4-61f6-401d-b3b9-f630dfc79451" daemon [_thread_blocked, id=25232, stack(0x0000006aa8500000,0x0000006aa8600000)]
  0x000001a42fff8b20 JavaThread "Equinox resolver thread - Equinox Container: 59b3a8b4-61f6-401d-b3b9-f630dfc79451" daemon [_thread_blocked, id=26384, stack(0x0000006aa8600000,0x0000006aa8700000)]
  0x000001a42fff94c0 JavaThread "Equinox resolver thread - Equinox Container: 59b3a8b4-61f6-401d-b3b9-f630dfc79451" daemon [_thread_blocked, id=51472, stack(0x0000006aa8700000,0x0000006aa8800000)]
  0x000001a42fff9990 JavaThread "Equinox resolver thread - Equinox Container: 59b3a8b4-61f6-401d-b3b9-f630dfc79451" daemon [_thread_blocked, id=19836, stack(0x0000006aa8800000,0x0000006aa8900000)]
  0x000001a4303aed90 JavaThread "Equinox resolver thread - Equinox Container: 59b3a8b4-61f6-401d-b3b9-f630dfc79451" daemon [_thread_blocked, id=38348, stack(0x0000006aa8900000,0x0000006aa8a00000)]
  0x000001a4303ac240 JavaThread "Equinox resolver thread - Equinox Container: 59b3a8b4-61f6-401d-b3b9-f630dfc79451" daemon [_thread_blocked, id=46716, stack(0x0000006aa8a00000,0x0000006aa8b00000)]
  0x000001a4303acbe0 JavaThread "Equinox resolver thread - Equinox Container: 59b3a8b4-61f6-401d-b3b9-f630dfc79451" daemon [_thread_blocked, id=47036, stack(0x0000006aa8b00000,0x0000006aa8c00000)]
  0x000001a4303ae8c0 JavaThread "Equinox resolver thread - Equinox Container: 59b3a8b4-61f6-401d-b3b9-f630dfc79451" daemon [_thread_blocked, id=34572, stack(0x0000006aa8c00000,0x0000006aa8d00000)]
  0x000001a4303ab8a0 JavaThread "Equinox resolver thread - Equinox Container: 59b3a8b4-61f6-401d-b3b9-f630dfc79451" daemon [_thread_blocked, id=55144, stack(0x0000006aa8d00000,0x0000006aa8e00000)]
  0x000001a4303ac710 JavaThread "Equinox resolver thread - Equinox Container: 59b3a8b4-61f6-401d-b3b9-f630dfc79451" daemon [_thread_blocked, id=28236, stack(0x0000006aa8e00000,0x0000006aa8f00000)]
  0x000001a4303adf20 JavaThread "Equinox resolver thread - Equinox Container: 59b3a8b4-61f6-401d-b3b9-f630dfc79451" daemon [_thread_blocked, id=46728, stack(0x0000006aa8f00000,0x0000006aa9000000)]
  0x000001a4303ae3f0 JavaThread "Equinox resolver thread - Equinox Container: 59b3a8b4-61f6-401d-b3b9-f630dfc79451" daemon [_thread_blocked, id=7768, stack(0x0000006aa9000000,0x0000006aa9100000)]
  0x000001a4303af260 JavaThread "Equinox resolver thread - Equinox Container: 59b3a8b4-61f6-401d-b3b9-f630dfc79451" daemon [_thread_blocked, id=25204, stack(0x0000006aa9100000,0x0000006aa9200000)]
  0x000001a4303ad0b0 JavaThread "SCR Component Actor" daemon [_thread_blocked, id=51988, stack(0x0000006aa9200000,0x0000006aa9300000)]
  0x000001a4303abd70 JavaThread "SCR Component Registry" daemon [_thread_blocked, id=8060, stack(0x0000006aa9300000,0x0000006aa9400000)]
  0x000001a4303b05a0 JavaThread "Worker-JM" [_thread_blocked, id=28876, stack(0x0000006aa9500000,0x0000006aa9600000)]
  0x000001a4303b0a70 JavaThread "Worker-0: Initialize Workspace" [_thread_in_native, id=32912, stack(0x0000006aa9900000,0x0000006aa9a00000)]
  0x000001a4303b0f40 JavaThread "Worker-1" [_thread_blocked, id=45372, stack(0x0000006aa9a00000,0x0000006aa9b00000)]
  0x000001a4303ad580 JavaThread "Bundle File Closer" daemon [_thread_blocked, id=45288, stack(0x0000006aa9b00000,0x0000006aa9c00000)]
  0x000001a4303b1410 JavaThread "Java indexing" daemon [_thread_in_Java, id=23264, stack(0x0000006aa9f00000,0x0000006aaa000000)]
  0x000001a4303ada50 JavaThread "Worker-2: Java indexing... " [_thread_blocked, id=7728, stack(0x0000006aaa000000,0x0000006aaa100000)]
  0x000001a4303b2280 JavaThread "JNA Cleaner" daemon [_thread_blocked, id=45264, stack(0x0000006aa6e00000,0x0000006aa6f00000)]
  0x000001a4303b18e0 JavaThread "pool-2-thread-1" [_thread_blocked, id=44008, stack(0x0000006aaa600000,0x0000006aaa700000)]
  0x000001a4303b2c20 JavaThread "pool-1-thread-1" [_thread_blocked, id=20116, stack(0x0000006aaa700000,0x0000006aaa800000)]
  0x000001a4303b2750 JavaThread "Worker-3" [_thread_blocked, id=25744, stack(0x0000006aaa800000,0x0000006aaa900000)]

Other Threads:
  0x000001a42c78af50 VMThread "VM Thread" [stack: 0x0000006aa5c00000,0x0000006aa5d00000] [id=34996]
  0x000001a42f621ac0 WatcherThread [stack: 0x0000006aa6d00000,0x0000006aa6e00000] [id=43676]
  0x000001a416d76f00 GCTaskThread "GC Thread#0" [stack: 0x0000006aa5b00000,0x0000006aa5c00000] [id=54748]
  0x000001a42facea60 GCTaskThread "GC Thread#1" [stack: 0x0000006aa6f00000,0x0000006aa7000000] [id=34424]
  0x000001a42facf120 GCTaskThread "GC Thread#2" [stack: 0x0000006aa7000000,0x0000006aa7100000] [id=29072]
  0x000001a42facf3d0 GCTaskThread "GC Thread#3" [stack: 0x0000006aa7100000,0x0000006aa7200000] [id=2224]
  0x000001a42ffd2090 GCTaskThread "GC Thread#4" [stack: 0x0000006aa7200000,0x0000006aa7300000] [id=39044]
  0x000001a42ffd2340 GCTaskThread "GC Thread#5" [stack: 0x0000006aa7300000,0x0000006aa7400000] [id=32584]
  0x000001a42f5d16a0 GCTaskThread "GC Thread#6" [stack: 0x0000006aa7d00000,0x0000006aa7e00000] [id=38228]
  0x000001a430019560 GCTaskThread "GC Thread#7" [stack: 0x0000006aa7e00000,0x0000006aa7f00000] [id=5124]
  0x000001a4303fcf50 GCTaskThread "GC Thread#8" [stack: 0x0000006aa9400000,0x0000006aa9500000] [id=42216]
  0x000001a4303fcca0 GCTaskThread "GC Thread#9" [stack: 0x0000006aa9600000,0x0000006aa9700000] [id=26596]
  0x000001a4303fd200 GCTaskThread "GC Thread#10" [stack: 0x0000006aa9700000,0x0000006aa9800000] [id=55028]
  0x000001a4303fc9f0 GCTaskThread "GC Thread#11" [stack: 0x0000006aa9800000,0x0000006aa9900000] [id=5504]
  0x000001a4303fd760 GCTaskThread "GC Thread#12" [stack: 0x0000006aa9c00000,0x0000006aa9d00000] [id=26968]
  0x000001a4303fda10 GCTaskThread "GC Thread#13" [stack: 0x0000006aa9d00000,0x0000006aa9e00000] [id=47028]
  0x000001a4303fc1e0 GCTaskThread "GC Thread#14" [stack: 0x0000006aa9e00000,0x0000006aa9f00000] [id=33180]
  0x000001a4303fbf30 GCTaskThread "GC Thread#15" [stack: 0x0000006aaa100000,0x0000006aaa200000] [id=38908]
  0x000001a4303fc490 GCTaskThread "GC Thread#16" [stack: 0x0000006aaa200000,0x0000006aaa300000] [id=20472]
  0x000001a432257270 GCTaskThread "GC Thread#17" [stack: 0x0000006aaa300000,0x0000006aaa400000] [id=4484]

Threads with active compile tasks:
C2 CompilerThread0     6381 7718   !   4       org.eclipse.osgi.internal.loader.classpath.ClasspathManager::defineClass (636 bytes)
C2 CompilerThread1     6381 7973 %     4       org.eclipse.jdt.internal.core.search.indexing.BinaryIndexer::extractReferenceFromConstantPool @ 147 (341 bytes)

VM state: not at safepoint (normal execution)

VM Mutex/Monitor currently owned by a thread: None

Heap address: 0x00000000c0000000, size: 1024 MB, Compressed Oops mode: 32-bit

CDS archive(s) not mapped
Compressed class space mapped at: 0x0000000100000000-0x0000000140000000, reserved size: 1073741824
Narrow klass base: 0x0000000000000000, Narrow klass shift: 3, Narrow klass range: 0x140000000

GC Precious Log:
 CPUs: 24 total, 24 available
 Memory: 16087M
 Large Page Support: Disabled
 NUMA Support: Disabled
 Compressed Oops: Enabled (32-bit)
 Alignments: Space 512K, Generation 512K, Heap 2M
 Heap Min Capacity: 100M
 Heap Initial Capacity: 100M
 Heap Max Capacity: 1G
 Pre-touch: Disabled
 Parallel Workers: 18

Heap:
 PSYoungGen      total 17920K, used 13422K [0x00000000eab00000, 0x00000000ec700000, 0x0000000100000000)
  eden space 14336K, 68% used [0x00000000eab00000,0x00000000eb49c250,0x00000000eb900000)
  from space 3584K, 99% used [0x00000000eb900000,0x00000000ebc7f760,0x00000000ebc80000)
  to   space 7168K, 0% used [0x00000000ec000000,0x00000000ec000000,0x00000000ec700000)
 ParOldGen       total 68608K, used 51419K [0x00000000c0000000, 0x00000000c4300000, 0x00000000eab00000)
  object space 68608K, 74% used [0x00000000c0000000,0x00000000c3236c68,0x00000000c4300000)
 Metaspace       used 51505K, committed 52352K, reserved 1097728K
  class space    used 5405K, committed 5760K, reserved 1048576K

Card table byte_map: [0x000001a416710000,0x000001a416920000] _byte_map_base: 0x000001a416110000

Marking Bits: (ParMarkBitMap*) 0x00007ffdc7722cc0
 Begin Bits: [0x000001a4289f0000, 0x000001a4299f0000)
 End Bits:   [0x000001a4299f0000, 0x000001a42a9f0000)

Polling page: 0x000001a414c10000

Metaspace:

Usage:
  Non-class:     45.02 MB used.
      Class:      5.28 MB used.
       Both:     50.30 MB used.

Virtual space:
  Non-class space:       48.00 MB reserved,      45.50 MB ( 95%) committed,  6 nodes.
      Class space:        1.00 GB reserved,       5.62 MB ( <1%) committed,  1 nodes.
             Both:        1.05 GB reserved,      51.12 MB (  5%) committed. 

Chunk freelists:
   Non-Class:  2.45 MB
       Class:  2.34 MB
        Both:  4.79 MB

MaxMetaspaceSize: unlimited
CompressedClassSpaceSize: 1.00 GB
Initial GC threshold: 21.00 MB
Current GC threshold: 58.38 MB
CDS: off
MetaspaceReclaimPolicy: balanced
 - commit_granule_bytes: 65536.
 - commit_granule_words: 8192.
 - virtual_space_node_default_size: 1048576.
 - enlarge_chunks_in_place: 1.
 - new_chunks_are_fully_committed: 0.
 - uncommit_free_chunks: 1.
 - use_allocation_guard: 0.
 - handle_deallocations: 1.


Internal statistics:

num_allocs_failed_limit: 6.
num_arena_births: 476.
num_arena_deaths: 14.
num_vsnodes_births: 7.
num_vsnodes_deaths: 0.
num_space_committed: 818.
num_space_uncommitted: 0.
num_chunks_returned_to_freelist: 20.
num_chunks_taken_from_freelist: 2256.
num_chunk_merges: 10.
num_chunk_splits: 1525.
num_chunks_enlarged: 1054.
num_purges: 2.
num_inconsistent_stats: 0.

CodeHeap 'non-profiled nmethods': size=119168Kb used=4122Kb max_used=4122Kb free=115045Kb
 bounds [0x000001a421590000, 0x000001a4219a0000, 0x000001a4289f0000]
CodeHeap 'profiled nmethods': size=119104Kb used=15011Kb max_used=15011Kb free=104092Kb
 bounds [0x000001a41a140000, 0x000001a41aff0000, 0x000001a421590000]
CodeHeap 'non-nmethods': size=7488Kb used=3037Kb max_used=3052Kb free=4450Kb
 bounds [0x000001a4199f0000, 0x000001a419cf0000, 0x000001a41a140000]
 total_blobs=7768 nmethods=7152 adapters=525
 compilation: enabled
              stopped_count=0, restarted_count=0
 full_count=0

Compilation events (20 events):
Event: 6.007 Thread 0x000001a42c995090 8039       2       org.eclipse.sisu.wire.EntrySetAdapter$ValueIterator::next (18 bytes)
Event: 6.007 Thread 0x000001a42c995090 nmethod 8039 0x000001a41afe0f90 code [0x000001a41afe1140, 0x000001a41afe12d8]
Event: 6.018 Thread 0x000001a42c998530 8041       2       java.lang.StringBuilder::getChars (10 bytes)
Event: 6.018 Thread 0x000001a42c7f9c50 8042  s    2       java.io.ByteArrayInputStream::available (10 bytes)
Event: 6.018 Thread 0x000001a42c998530 nmethod 8041 0x000001a41afe1390 code [0x000001a41afe1520, 0x000001a41afe1648]
Event: 6.018 Thread 0x000001a42c7f9c50 nmethod 8042 0x000001a41afe1710 code [0x000001a41afe18a0, 0x000001a41afe1a58]
Event: 6.038 Thread 0x000001a42c97a050 8046       2       org.eclipse.jdt.ls.core.internal.JobHelpers::getJob (50 bytes)
Event: 6.038 Thread 0x000001a42c998530 8047       2       org.eclipse.core.internal.jobs.JobManager::find (25 bytes)
Event: 6.038 Thread 0x000001a42c995090 8048       2       org.eclipse.core.internal.jobs.JobManager::select (8 bytes)
Event: 6.038 Thread 0x000001a42c7f9c50 8049   !   2       org.eclipse.core.internal.jobs.JobManager::select (160 bytes)
Event: 6.038 Thread 0x000001a42c995090 nmethod 8048 0x000001a41afe1b10 code [0x000001a41afe1ca0, 0x000001a41afe1dc8]
Event: 6.038 Thread 0x000001a42c998530 nmethod 8047 0x000001a41afe1e90 code [0x000001a41afe2040, 0x000001a41afe2288]
Event: 6.038 Thread 0x000001a42c97a050 nmethod 8046 0x000001a41afe2390 code [0x000001a41afe2580, 0x000001a41afe28f8]
Event: 6.039 Thread 0x000001a42c7f9c50 nmethod 8049 0x000001a41afe2b10 code [0x000001a41afe2d80, 0x000001a41afe3478]
Event: 6.057 Thread 0x000001a42c998530 8054       2       java.util.WeakHashMap::get (75 bytes)
Event: 6.057 Thread 0x000001a42c998530 nmethod 8054 0x000001a41afe3b10 code [0x000001a41afe3ce0, 0x000001a41afe3ff8]
Event: 6.084 Thread 0x000001a42c97a050 8055       2       org.eclipse.core.runtime.jobs.Job::wakeUp (6 bytes)
Event: 6.084 Thread 0x000001a42c998530 8056       2       org.eclipse.core.internal.jobs.InternalJob::wakeUp (9 bytes)
Event: 6.084 Thread 0x000001a42c7f9c50 8057   !   2       org.eclipse.core.internal.jobs.JobManager::wakeUp (101 bytes)
Event: 6.108 Thread 0x000001a42c995090 8059       1       org.apache.maven.model.License::setName (6 bytes)

GC Heap History (20 events):
Event: 4.354 GC heap before
{Heap before GC invocations=24 (full 2):
 PSYoungGen      total 23552K, used 23360K [0x00000000eab00000, 0x00000000ec480000, 0x0000000100000000)
  eden space 20992K, 100% used [0x00000000eab00000,0x00000000ebf80000,0x00000000ebf80000)
  from space 2560K, 92% used [0x00000000ebf80000,0x00000000ec1d0000,0x00000000ec200000)
  to   space 2560K, 0% used [0x00000000ec200000,0x00000000ec200000,0x00000000ec480000)
 ParOldGen       total 68608K, used 29928K [0x00000000c0000000, 0x00000000c4300000, 0x00000000eab00000)
  object space 68608K, 43% used [0x00000000c0000000,0x00000000c1d3a388,0x00000000c4300000)
 Metaspace       used 47415K, committed 48256K, reserved 1097728K
  class space    used 5022K, committed 5376K, reserved 1048576K
}
Event: 4.356 GC heap after
{Heap after GC invocations=24 (full 2):
 PSYoungGen      total 23552K, used 2235K [0x00000000eab00000, 0x00000000ec480000, 0x0000000100000000)
  eden space 20992K, 0% used [0x00000000eab00000,0x00000000eab00000,0x00000000ebf80000)
  from space 2560K, 87% used [0x00000000ec200000,0x00000000ec42ed10,0x00000000ec480000)
  to   space 2560K, 0% used [0x00000000ebf80000,0x00000000ebf80000,0x00000000ec200000)
 ParOldGen       total 68608K, used 32032K [0x00000000c0000000, 0x00000000c4300000, 0x00000000eab00000)
  object space 68608K, 46% used [0x00000000c0000000,0x00000000c1f48388,0x00000000c4300000)
 Metaspace       used 47415K, committed 48256K, reserved 1097728K
  class space    used 5022K, committed 5376K, reserved 1048576K
}
Event: 4.824 GC heap before
{Heap before GC invocations=25 (full 2):
 PSYoungGen      total 23552K, used 23227K [0x00000000eab00000, 0x00000000ec480000, 0x0000000100000000)
  eden space 20992K, 100% used [0x00000000eab00000,0x00000000ebf80000,0x00000000ebf80000)
  from space 2560K, 87% used [0x00000000ec200000,0x00000000ec42ed10,0x00000000ec480000)
  to   space 2560K, 0% used [0x00000000ebf80000,0x00000000ebf80000,0x00000000ec200000)
 ParOldGen       total 68608K, used 32032K [0x00000000c0000000, 0x00000000c4300000, 0x00000000eab00000)
  object space 68608K, 46% used [0x00000000c0000000,0x00000000c1f48388,0x00000000c4300000)
 Metaspace       used 47677K, committed 48512K, reserved 1097728K
  class space    used 5029K, committed 5376K, reserved 1048576K
}
Event: 4.826 GC heap after
{Heap after GC invocations=25 (full 2):
 PSYoungGen      total 22016K, used 640K [0x00000000eab00000, 0x00000000ec280000, 0x0000000100000000)
  eden space 20992K, 0% used [0x00000000eab00000,0x00000000eab00000,0x00000000ebf80000)
  from space 1024K, 62% used [0x00000000ebf80000,0x00000000ec020000,0x00000000ec080000)
  to   space 1536K, 0% used [0x00000000ec100000,0x00000000ec100000,0x00000000ec280000)
 ParOldGen       total 68608K, used 34008K [0x00000000c0000000, 0x00000000c4300000, 0x00000000eab00000)
  object space 68608K, 49% used [0x00000000c0000000,0x00000000c21363f0,0x00000000c4300000)
 Metaspace       used 47677K, committed 48512K, reserved 1097728K
  class space    used 5029K, committed 5376K, reserved 1048576K
}
Event: 5.052 GC heap before
{Heap before GC invocations=26 (full 2):
 PSYoungGen      total 22016K, used 21632K [0x00000000eab00000, 0x00000000ec280000, 0x0000000100000000)
  eden space 20992K, 100% used [0x00000000eab00000,0x00000000ebf80000,0x00000000ebf80000)
  from space 1024K, 62% used [0x00000000ebf80000,0x00000000ec020000,0x00000000ec080000)
  to   space 1536K, 0% used [0x00000000ec100000,0x00000000ec100000,0x00000000ec280000)
 ParOldGen       total 68608K, used 34008K [0x00000000c0000000, 0x00000000c4300000, 0x00000000eab00000)
  object space 68608K, 49% used [0x00000000c0000000,0x00000000c21363f0,0x00000000c4300000)
 Metaspace       used 48538K, committed 49344K, reserved 1097728K
  class space    used 5098K, committed 5440K, reserved 1048576K
}
Event: 5.054 GC heap after
{Heap after GC invocations=26 (full 2):
 PSYoungGen      total 19968K, used 1536K [0x00000000eab00000, 0x00000000ec780000, 0x0000000100000000)
  eden space 18432K, 0% used [0x00000000eab00000,0x00000000eab00000,0x00000000ebd00000)
  from space 1536K, 100% used [0x00000000ec100000,0x00000000ec280000,0x00000000ec280000)
  to   space 4096K, 0% used [0x00000000ebd00000,0x00000000ebd00000,0x00000000ec100000)
 ParOldGen       total 68608K, used 36005K [0x00000000c0000000, 0x00000000c4300000, 0x00000000eab00000)
  object space 68608K, 52% used [0x00000000c0000000,0x00000000c2329440,0x00000000c4300000)
 Metaspace       used 48538K, committed 49344K, reserved 1097728K
  class space    used 5098K, committed 5440K, reserved 1048576K
}
Event: 5.130 GC heap before
{Heap before GC invocations=27 (full 2):
 PSYoungGen      total 19968K, used 19968K [0x00000000eab00000, 0x00000000ec780000, 0x0000000100000000)
  eden space 18432K, 100% used [0x00000000eab00000,0x00000000ebd00000,0x00000000ebd00000)
  from space 1536K, 100% used [0x00000000ec100000,0x00000000ec280000,0x00000000ec280000)
  to   space 4096K, 0% used [0x00000000ebd00000,0x00000000ebd00000,0x00000000ec100000)
 ParOldGen       total 68608K, used 36005K [0x00000000c0000000, 0x00000000c4300000, 0x00000000eab00000)
  object space 68608K, 52% used [0x00000000c0000000,0x00000000c2329440,0x00000000c4300000)
 Metaspace       used 48664K, committed 49472K, reserved 1097728K
  class space    used 5099K, committed 5440K, reserved 1048576K
}
Event: 5.131 GC heap after
{Heap after GC invocations=27 (full 2):
 PSYoungGen      total 20480K, used 1664K [0x00000000eab00000, 0x00000000ec200000, 0x0000000100000000)
  eden space 18432K, 0% used [0x00000000eab00000,0x00000000eab00000,0x00000000ebd00000)
  from space 2048K, 81% used [0x00000000ebd00000,0x00000000ebea0000,0x00000000ebf00000)
  to   space 2560K, 0% used [0x00000000ebf80000,0x00000000ebf80000,0x00000000ec200000)
 ParOldGen       total 68608K, used 37321K [0x00000000c0000000, 0x00000000c4300000, 0x00000000eab00000)
  object space 68608K, 54% used [0x00000000c0000000,0x00000000c24726a8,0x00000000c4300000)
 Metaspace       used 48664K, committed 49472K, reserved 1097728K
  class space    used 5099K, committed 5440K, reserved 1048576K
}
Event: 5.457 GC heap before
{Heap before GC invocations=28 (full 2):
 PSYoungGen      total 20480K, used 20096K [0x00000000eab00000, 0x00000000ec200000, 0x0000000100000000)
  eden space 18432K, 100% used [0x00000000eab00000,0x00000000ebd00000,0x00000000ebd00000)
  from space 2048K, 81% used [0x00000000ebd00000,0x00000000ebea0000,0x00000000ebf00000)
  to   space 2560K, 0% used [0x00000000ebf80000,0x00000000ebf80000,0x00000000ec200000)
 ParOldGen       total 68608K, used 37321K [0x00000000c0000000, 0x00000000c4300000, 0x00000000eab00000)
  object space 68608K, 54% used [0x00000000c0000000,0x00000000c24726a8,0x00000000c4300000)
 Metaspace       used 49693K, committed 50560K, reserved 1097728K
  class space    used 5236K, committed 5568K, reserved 1048576K
}
Event: 5.459 GC heap after
{Heap after GC invocations=28 (full 2):
 PSYoungGen      total 20480K, used 1680K [0x00000000eab00000, 0x00000000ec180000, 0x0000000100000000)
  eden space 18432K, 0% used [0x00000000eab00000,0x00000000eab00000,0x00000000ebd00000)
  from space 2048K, 82% used [0x00000000ebf80000,0x00000000ec124010,0x00000000ec180000)
  to   space 2048K, 0% used [0x00000000ebd00000,0x00000000ebd00000,0x00000000ebf00000)
 ParOldGen       total 68608K, used 38754K [0x00000000c0000000, 0x00000000c4300000, 0x00000000eab00000)
  object space 68608K, 56% used [0x00000000c0000000,0x00000000c25d8b30,0x00000000c4300000)
 Metaspace       used 49693K, committed 50560K, reserved 1097728K
  class space    used 5236K, committed 5568K, reserved 1048576K
}
Event: 5.831 GC heap before
{Heap before GC invocations=29 (full 2):
 PSYoungGen      total 20480K, used 20111K [0x00000000eab00000, 0x00000000ec180000, 0x0000000100000000)
  eden space 18432K, 99% used [0x00000000eab00000,0x00000000ebcfff90,0x00000000ebd00000)
  from space 2048K, 82% used [0x00000000ebf80000,0x00000000ec124010,0x00000000ec180000)
  to   space 2048K, 0% used [0x00000000ebd00000,0x00000000ebd00000,0x00000000ebf00000)
 ParOldGen       total 68608K, used 38754K [0x00000000c0000000, 0x00000000c4300000, 0x00000000eab00000)
  object space 68608K, 56% used [0x00000000c0000000,0x00000000c25d8b30,0x00000000c4300000)
 Metaspace       used 51160K, committed 52096K, reserved 1097728K
  class space    used 5384K, committed 5760K, reserved 1048576K
}
Event: 5.832 GC heap after
{Heap after GC invocations=29 (full 2):
 PSYoungGen      total 20480K, used 1504K [0x00000000eab00000, 0x00000000ec100000, 0x0000000100000000)
  eden space 18432K, 0% used [0x00000000eab00000,0x00000000eab00000,0x00000000ebd00000)
  from space 2048K, 73% used [0x00000000ebd00000,0x00000000ebe78000,0x00000000ebf00000)
  to   space 2048K, 0% used [0x00000000ebf00000,0x00000000ebf00000,0x00000000ec100000)
 ParOldGen       total 68608K, used 40141K [0x00000000c0000000, 0x00000000c4300000, 0x00000000eab00000)
  object space 68608K, 58% used [0x00000000c0000000,0x00000000c27337d0,0x00000000c4300000)
 Metaspace       used 51160K, committed 52096K, reserved 1097728K
  class space    used 5384K, committed 5760K, reserved 1048576K
}
Event: 5.932 GC heap before
{Heap before GC invocations=30 (full 2):
 PSYoungGen      total 20480K, used 19936K [0x00000000eab00000, 0x00000000ec100000, 0x0000000100000000)
  eden space 18432K, 100% used [0x00000000eab00000,0x00000000ebd00000,0x00000000ebd00000)
  from space 2048K, 73% used [0x00000000ebd00000,0x00000000ebe78000,0x00000000ebf00000)
  to   space 2048K, 0% used [0x00000000ebf00000,0x00000000ebf00000,0x00000000ec100000)
 ParOldGen       total 68608K, used 40141K [0x00000000c0000000, 0x00000000c4300000, 0x00000000eab00000)
  object space 68608K, 58% used [0x00000000c0000000,0x00000000c27337d0,0x00000000c4300000)
 Metaspace       used 51393K, committed 52288K, reserved 1097728K
  class space    used 5395K, committed 5760K, reserved 1048576K
}
Event: 5.934 GC heap after
{Heap after GC invocations=30 (full 2):
 PSYoungGen      total 16384K, used 2042K [0x00000000eab00000, 0x00000000ec900000, 0x0000000100000000)
  eden space 14336K, 0% used [0x00000000eab00000,0x00000000eab00000,0x00000000eb900000)
  from space 2048K, 99% used [0x00000000ebf00000,0x00000000ec0fe9b8,0x00000000ec100000)
  to   space 6144K, 0% used [0x00000000eb900000,0x00000000eb900000,0x00000000ebf00000)
 ParOldGen       total 68608K, used 43245K [0x00000000c0000000, 0x00000000c4300000, 0x00000000eab00000)
  object space 68608K, 63% used [0x00000000c0000000,0x00000000c2a3b438,0x00000000c4300000)
 Metaspace       used 51393K, committed 52288K, reserved 1097728K
  class space    used 5395K, committed 5760K, reserved 1048576K
}
Event: 5.977 GC heap before
{Heap before GC invocations=31 (full 2):
 PSYoungGen      total 16384K, used 16378K [0x00000000eab00000, 0x00000000ec900000, 0x0000000100000000)
  eden space 14336K, 100% used [0x00000000eab00000,0x00000000eb900000,0x00000000eb900000)
  from space 2048K, 99% used [0x00000000ebf00000,0x00000000ec0fe9b8,0x00000000ec100000)
  to   space 6144K, 0% used [0x00000000eb900000,0x00000000eb900000,0x00000000ebf00000)
 ParOldGen       total 68608K, used 43245K [0x00000000c0000000, 0x00000000c4300000, 0x00000000eab00000)
  object space 68608K, 63% used [0x00000000c0000000,0x00000000c2a3b438,0x00000000c4300000)
 Metaspace       used 51476K, committed 52352K, reserved 1097728K
  class space    used 5404K, committed 5760K, reserved 1048576K
}
Event: 5.979 GC heap after
{Heap after GC invocations=31 (full 2):
 PSYoungGen      total 17920K, used 3571K [0x00000000eab00000, 0x00000000ec200000, 0x0000000100000000)
  eden space 14336K, 0% used [0x00000000eab00000,0x00000000eab00000,0x00000000eb900000)
  from space 3584K, 99% used [0x00000000eb900000,0x00000000ebc7cfc0,0x00000000ebc80000)
  to   space 4608K, 0% used [0x00000000ebd80000,0x00000000ebd80000,0x00000000ec200000)
 ParOldGen       total 68608K, used 45208K [0x00000000c0000000, 0x00000000c4300000, 0x00000000eab00000)
  object space 68608K, 65% used [0x00000000c0000000,0x00000000c2c260f0,0x00000000c4300000)
 Metaspace       used 51476K, committed 52352K, reserved 1097728K
  class space    used 5404K, committed 5760K, reserved 1048576K
}
Event: 6.011 GC heap before
{Heap before GC invocations=32 (full 2):
 PSYoungGen      total 17920K, used 17907K [0x00000000eab00000, 0x00000000ec200000, 0x0000000100000000)
  eden space 14336K, 100% used [0x00000000eab00000,0x00000000eb900000,0x00000000eb900000)
  from space 3584K, 99% used [0x00000000eb900000,0x00000000ebc7cfc0,0x00000000ebc80000)
  to   space 4608K, 0% used [0x00000000ebd80000,0x00000000ebd80000,0x00000000ec200000)
 ParOldGen       total 68608K, used 45208K [0x00000000c0000000, 0x00000000c4300000, 0x00000000eab00000)
  object space 68608K, 65% used [0x00000000c0000000,0x00000000c2c260f0,0x00000000c4300000)
 Metaspace       used 51485K, committed 52352K, reserved 1097728K
  class space    used 5404K, committed 5760K, reserved 1048576K
}
Event: 6.013 GC heap after
{Heap after GC invocations=32 (full 2):
 PSYoungGen      total 17920K, used 3170K [0x00000000eab00000, 0x00000000ec100000, 0x0000000100000000)
  eden space 14336K, 0% used [0x00000000eab00000,0x00000000eab00000,0x00000000eb900000)
  from space 3584K, 88% used [0x00000000ebd80000,0x00000000ec0989d8,0x00000000ec100000)
  to   space 3584K, 0% used [0x00000000eb900000,0x00000000eb900000,0x00000000ebc80000)
 ParOldGen       total 68608K, used 48555K [0x00000000c0000000, 0x00000000c4300000, 0x00000000eab00000)
  object space 68608K, 70% used [0x00000000c0000000,0x00000000c2f6add8,0x00000000c4300000)
 Metaspace       used 51485K, committed 52352K, reserved 1097728K
  class space    used 5404K, committed 5760K, reserved 1048576K
}
Event: 6.049 GC heap before
{Heap before GC invocations=33 (full 2):
 PSYoungGen      total 17920K, used 17506K [0x00000000eab00000, 0x00000000ec100000, 0x0000000100000000)
  eden space 14336K, 100% used [0x00000000eab00000,0x00000000eb900000,0x00000000eb900000)
  from space 3584K, 88% used [0x00000000ebd80000,0x00000000ec0989d8,0x00000000ec100000)
  to   space 3584K, 0% used [0x00000000eb900000,0x00000000eb900000,0x00000000ebc80000)
 ParOldGen       total 68608K, used 48555K [0x00000000c0000000, 0x00000000c4300000, 0x00000000eab00000)
  object space 68608K, 70% used [0x00000000c0000000,0x00000000c2f6add8,0x00000000c4300000)
 Metaspace       used 51488K, committed 52352K, reserved 1097728K
  class space    used 5404K, committed 5760K, reserved 1048576K
}
Event: 6.052 GC heap after
{Heap after GC invocations=33 (full 2):
 PSYoungGen      total 17920K, used 3581K [0x00000000eab00000, 0x00000000ec700000, 0x0000000100000000)
  eden space 14336K, 0% used [0x00000000eab00000,0x00000000eab00000,0x00000000eb900000)
  from space 3584K, 99% used [0x00000000eb900000,0x00000000ebc7f760,0x00000000ebc80000)
  to   space 7168K, 0% used [0x00000000ec000000,0x00000000ec000000,0x00000000ec700000)
 ParOldGen       total 68608K, used 51419K [0x00000000c0000000, 0x00000000c4300000, 0x00000000eab00000)
  object space 68608K, 74% used [0x00000000c0000000,0x00000000c3236c68,0x00000000c4300000)
 Metaspace       used 51488K, committed 52352K, reserved 1097728K
  class space    used 5404K, committed 5760K, reserved 1048576K
}

Deoptimization events (20 events):
Event: 6.045 Thread 0x000001a4303b1410 DEOPT PACKING pc=0x000001a41af25c15 sp=0x0000006aa9ffe880
Event: 6.045 Thread 0x000001a4303b1410 DEOPT UNPACKING pc=0x000001a419a42843 sp=0x0000006aa9ffdc38 mode 0
Event: 6.046 Thread 0x000001a4303b1410 DEOPT PACKING pc=0x000001a41af13b93 sp=0x0000006aa9ffe7b0
Event: 6.046 Thread 0x000001a4303b1410 DEOPT UNPACKING pc=0x000001a419a42843 sp=0x0000006aa9ffdc50 mode 0
Event: 6.046 Thread 0x000001a4303b1410 DEOPT PACKING pc=0x000001a41af25c15 sp=0x0000006aa9ffe810
Event: 6.046 Thread 0x000001a4303b1410 DEOPT UNPACKING pc=0x000001a419a42843 sp=0x0000006aa9ffdbc8 mode 0
Event: 6.047 Thread 0x000001a4303b1410 DEOPT PACKING pc=0x000001a41af13b93 sp=0x0000006aa9ffe710
Event: 6.047 Thread 0x000001a4303b1410 DEOPT UNPACKING pc=0x000001a419a42843 sp=0x0000006aa9ffdbb0 mode 0
Event: 6.048 Thread 0x000001a4303b1410 DEOPT PACKING pc=0x000001a41af25c15 sp=0x0000006aa9ffe810
Event: 6.048 Thread 0x000001a4303b1410 DEOPT UNPACKING pc=0x000001a419a42843 sp=0x0000006aa9ffdbc8 mode 0
Event: 6.048 Thread 0x000001a4303b1410 DEOPT PACKING pc=0x000001a41af13b93 sp=0x0000006aa9ffe7b0
Event: 6.048 Thread 0x000001a4303b1410 DEOPT UNPACKING pc=0x000001a419a42843 sp=0x0000006aa9ffdc50 mode 0
Event: 6.053 Thread 0x000001a4303b1410 DEOPT PACKING pc=0x000001a41af13b93 sp=0x0000006aa9ffe740
Event: 6.053 Thread 0x000001a4303b1410 DEOPT UNPACKING pc=0x000001a419a42843 sp=0x0000006aa9ffdbe0 mode 0
Event: 6.053 Thread 0x000001a4303b1410 DEOPT PACKING pc=0x000001a41af25c15 sp=0x0000006aa9ffe810
Event: 6.053 Thread 0x000001a4303b1410 DEOPT UNPACKING pc=0x000001a419a42843 sp=0x0000006aa9ffdbc8 mode 0
Event: 6.055 Thread 0x000001a4303b1410 DEOPT PACKING pc=0x000001a41af13b93 sp=0x0000006aa9ffe740
Event: 6.055 Thread 0x000001a4303b1410 DEOPT UNPACKING pc=0x000001a419a42843 sp=0x0000006aa9ffdbe0 mode 0
Event: 6.055 Thread 0x000001a4303b1410 DEOPT PACKING pc=0x000001a41af25c15 sp=0x0000006aa9ffe810
Event: 6.294 Thread 0x000001a4303ada50 Uncommon trap: trap_request=0xffffffde fr.pc=0x000001a4216950ec relative=0x000000000000062c

Classes unloaded (7 events):
Event: 1.658 Thread 0x000001a42c78af50 Unloading class 0x0000000100218000 'java/lang/invoke/LambdaForm$MH+0x0000000100218000'
Event: 1.658 Thread 0x000001a42c78af50 Unloading class 0x0000000100217c00 'java/lang/invoke/LambdaForm$MH+0x0000000100217c00'
Event: 1.658 Thread 0x000001a42c78af50 Unloading class 0x0000000100217800 'java/lang/invoke/LambdaForm$MH+0x0000000100217800'
Event: 1.658 Thread 0x000001a42c78af50 Unloading class 0x0000000100217400 'java/lang/invoke/LambdaForm$MH+0x0000000100217400'
Event: 1.658 Thread 0x000001a42c78af50 Unloading class 0x0000000100216c00 'java/lang/invoke/LambdaForm$BMH+0x0000000100216c00'
Event: 1.658 Thread 0x000001a42c78af50 Unloading class 0x0000000100216800 'java/lang/invoke/LambdaForm$DMH+0x0000000100216800'
Event: 1.658 Thread 0x000001a42c78af50 Unloading class 0x0000000100214000 'java/lang/invoke/LambdaForm$DMH+0x0000000100214000'

Classes redefined (0 events):
No events

Internal exceptions (20 events):
Event: 5.157 Thread 0x000001a4303b0a70 Exception <a 'java/lang/NoSuchMethodError'{0x00000000eacb4048}: 'java.lang.Object java.lang.invoke.DirectMethodHandle$Holder.invokeSpecial(java.lang.Object, java.lang.Object, java.lang.Object, java.lang.Object, int)'> (0x00000000eacb4048) 
thrown [s\src\hotspot\share\interpreter\linkResolver.cpp, line 759]
Event: 5.157 Thread 0x000001a4303b0a70 Exception <a 'java/lang/NoSuchMethodError'{0x00000000eacb7750}: 'java.lang.Object java.lang.invoke.Invokers$Holder.linkToTargetMethod(java.lang.Object, java.lang.Object, int, java.lang.Object)'> (0x00000000eacb7750) 
thrown [s\src\hotspot\share\interpreter\linkResolver.cpp, line 759]
Event: 5.187 Thread 0x000001a4303b0a70 Exception <a 'java/io/FileNotFoundException'{0x00000000eaf32808}> (0x00000000eaf32808) 
thrown [s\src\hotspot\share\prims\jni.cpp, line 516]
Event: 5.187 Thread 0x000001a4303b0a70 Exception <a 'java/lang/NoSuchMethodError'{0x00000000eaf39e10}: 'void java.lang.invoke.DirectMethodHandle$Holder.invokeStatic(java.lang.Object, int)'> (0x00000000eaf39e10) 
thrown [s\src\hotspot\share\interpreter\linkResolver.cpp, line 759]
Event: 5.266 Thread 0x000001a4303b0f40 Exception <a 'java/lang/ClassNotFoundException'{0x00000000eb0c8e48}: com/sun/org/apache/xerces/internal/impl/msg/spi/DOMMessagesProvider> (0x00000000eb0c8e48) 
thrown [s\src\hotspot\share\classfile\systemDictionary.cpp, line 256]
Event: 5.268 Thread 0x000001a4303b0f40 Exception <a 'java/lang/ClassNotFoundException'{0x00000000eb0eb898}: com/sun/org/apache/xerces/internal/impl/msg/spi/XMLSerializerMessagesProvider> (0x00000000eb0eb898) 
thrown [s\src\hotspot\share\classfile\systemDictionary.cpp, line 256]
Event: 5.269 Thread 0x000001a4303b0f40 Exception <a 'java/lang/ClassNotFoundException'{0x00000000eb105888}: com/sun/org/apache/xerces/internal/impl/msg/spi/XMLMessagesProvider> (0x00000000eb105888) 
thrown [s\src\hotspot\share\classfile\systemDictionary.cpp, line 256]
Event: 5.280 Thread 0x000001a4303b0f40 Exception <a 'java/io/FileNotFoundException'{0x00000000eb1df160}> (0x00000000eb1df160) 
thrown [s\src\hotspot\share\prims\jni.cpp, line 516]
Event: 5.280 Thread 0x000001a4303b0f40 Implicit null exception at 0x000001a42188e598 to 0x000001a42188f3b0
Event: 5.281 Thread 0x000001a4303b0f40 Exception <a 'java/io/FileNotFoundException'{0x00000000eb1e8a98}> (0x00000000eb1e8a98) 
thrown [s\src\hotspot\share\prims\jni.cpp, line 516]
Event: 5.290 Thread 0x000001a4303b0f40 Exception <a 'java/io/FileNotFoundException'{0x00000000eb2198b0}> (0x00000000eb2198b0) 
thrown [s\src\hotspot\share\prims\jni.cpp, line 516]
Event: 5.290 Thread 0x000001a4303b0f40 Exception <a 'java/io/FileNotFoundException'{0x00000000eb21cb18}> (0x00000000eb21cb18) 
thrown [s\src\hotspot\share\prims\jni.cpp, line 516]
Event: 5.378 Thread 0x000001a4303b0a70 Exception <a 'java/lang/NoSuchMethodError'{0x00000000eb4376e8}: 'java.lang.Object java.lang.invoke.DirectMethodHandle$Holder.invokeInterface(java.lang.Object, java.lang.Object, java.lang.Object)'> (0x00000000eb4376e8) 
thrown [s\src\hotspot\share\interpreter\linkResolver.cpp, line 759]
Event: 5.381 Thread 0x000001a4303b0a70 Exception <a 'java/lang/NoSuchMethodError'{0x00000000eb464638}: 'int java.lang.invoke.DirectMethodHandle$Holder.invokeSpecialIFC(java.lang.Object, java.lang.Object, java.lang.Object)'> (0x00000000eb464638) 
thrown [s\src\hotspot\share\interpreter\linkResolver.cpp, line 759]
Event: 5.388 Thread 0x000001a4303b0a70 Exception <a 'java/lang/NoSuchMethodError'{0x00000000eb4c3968}: 'java.lang.Object java.lang.invoke.DirectMethodHandle$Holder.invokeSpecial(java.lang.Object, java.lang.Object, java.lang.Object, java.lang.Object, java.lang.Object, java.lang.Object, java.lang.Object, java.lang.Object, java.lang.Object, java.lang.Object, java.lang.Object, java.lang.Object, java.lang.Object)'> (0x00000000eb4c3968) 
thrown [s\src\hotspot\share\interpreter\linkResolver.cpp, line 759]
Event: 5.388 Thread 0x000001a4303b0a70 Exception <a 'java/lang/NoSuchMethodError'{0x00000000eb4c84a8}: 'java.lang.Object java.lang.invoke.Invokers$Holder.invoker(java.lang.Object, java.lang.Object, java.lang.Object, java.lang.Object, java.lang.Object, java.lang.Object, java.lang.Object, java.lang.Object, java.lang.Object, java.lang.Object, java.lang.Object, java.lang.Object, java.lang.Object)'> (0x00000000eb4c84a8) 
thrown [s\src\hotspot\share\interpreter\linkResolver.cpp, line 759]
Event: 5.388 Thread 0x000001a4303b0a70 Exception <a 'java/lang/NoSuchMethodError'{0x00000000eb4ce1b8}: 'java.lang.Object java.lang.invoke.DirectMethodHandle$Holder.invokeSpecial(java.lang.Object, java.lang.Object, java.lang.Object, java.lang.Object, java.lang.Object, java.lang.Object, java.lang.Object, java.lang.Object, java.lang.Object, java.lang.Object, java.lang.Object, java.lang.Object, java.lang.Object, java.lang.Object)'> (0x00000000eb4ce1b8) 
thrown [s\src\hotspot\share\interpreter\linkResolver.cpp, line 759]
Event: 5.425 Thread 0x000001a4303b0a70 Implicit null exception at 0x000001a421743d76 to 0x000001a421744200
Event: 5.735 Thread 0x000001a4303b0a70 Exception <a 'java/io/FileNotFoundException'{0x00000000eb5fdf10}> (0x00000000eb5fdf10) 
thrown [s\src\hotspot\share\prims\jni.cpp, line 516]
Event: 5.954 Thread 0x000001a4303b1410 Implicit null exception at 0x000001a42198e62c to 0x000001a42198e71c

VM Operations (20 events):
Event: 5.252 Executing VM operation: HandshakeAllThreads
Event: 5.252 Executing VM operation: HandshakeAllThreads done
Event: 5.384 Executing VM operation: HandshakeAllThreads
Event: 5.384 Executing VM operation: HandshakeAllThreads done
Event: 5.387 Executing VM operation: ICBufferFull
Event: 5.387 Executing VM operation: ICBufferFull done
Event: 5.457 Executing VM operation: ParallelGCFailedAllocation
Event: 5.459 Executing VM operation: ParallelGCFailedAllocation done
Event: 5.831 Executing VM operation: ParallelGCFailedAllocation
Event: 5.832 Executing VM operation: ParallelGCFailedAllocation done
Event: 5.932 Executing VM operation: ParallelGCFailedAllocation
Event: 5.934 Executing VM operation: ParallelGCFailedAllocation done
Event: 5.940 Executing VM operation: HandshakeAllThreads
Event: 5.940 Executing VM operation: HandshakeAllThreads done
Event: 5.977 Executing VM operation: ParallelGCFailedAllocation
Event: 5.979 Executing VM operation: ParallelGCFailedAllocation done
Event: 6.010 Executing VM operation: ParallelGCFailedAllocation
Event: 6.013 Executing VM operation: ParallelGCFailedAllocation done
Event: 6.048 Executing VM operation: ParallelGCFailedAllocation
Event: 6.052 Executing VM operation: ParallelGCFailedAllocation done

Events (20 events):
Event: 5.279 loading class sun/nio/cs/ThreadLocalCoders
Event: 5.279 loading class sun/nio/cs/ThreadLocalCoders done
Event: 5.279 loading class sun/nio/cs/ThreadLocalCoders$1
Event: 5.279 loading class sun/nio/cs/ThreadLocalCoders$Cache
Event: 5.279 loading class sun/nio/cs/ThreadLocalCoders$Cache done
Event: 5.279 loading class sun/nio/cs/ThreadLocalCoders$1 done
Event: 5.279 loading class sun/nio/cs/ThreadLocalCoders$2
Event: 5.279 loading class sun/nio/cs/ThreadLocalCoders$2 done
Event: 5.304 loading class java/util/Hashtable$KeySet
Event: 5.304 loading class java/util/Hashtable$KeySet done
Event: 5.379 loading class java/util/Collections$2
Event: 5.379 loading class java/util/Collections$2 done
Event: 5.385 Thread 0x000001a42c7fc170 flushing nmethod 0x000001a4216cbd90
Event: 5.385 Thread 0x000001a42c7fc170 flushing nmethod 0x000001a42175d510
Event: 5.394 Thread 0x000001a42c7fc170 flushing nmethod 0x000001a41aad7290
Event: 5.394 Thread 0x000001a42c7fc170 flushing nmethod 0x000001a41aad9c90
Event: 5.394 Thread 0x000001a42c7fc170 flushing nmethod 0x000001a41aada710
Event: 5.435 loading class sun/nio/cs/ISO_8859_1$Decoder
Event: 5.435 loading class sun/nio/cs/ISO_8859_1$Decoder done
Event: 5.689 Thread 0x000001a42fc88dd0 Thread exited: 0x000001a42fc88dd0


Dynamic libraries:
0x00007ff73ecf0000 - 0x00007ff73ecfe000 	c:\Users\59553\.antigravity\extensions\redhat.java-1.12.0-win32-x64\jre\17.0.4.1-win32-x86_64\bin\java.exe
0x00007fff47be0000 - 0x00007fff47e49000 	C:\WINDOWS\SYSTEM32\ntdll.dll
0x00007fff45c00000 - 0x00007fff45cc9000 	C:\WINDOWS\System32\KERNEL32.DLL
0x00007fff44ee0000 - 0x00007fff452d3000 	C:\WINDOWS\System32\KERNELBASE.dll
0x00007fff45860000 - 0x00007fff459ab000 	C:\WINDOWS\System32\ucrtbase.dll
0x00007fff12920000 - 0x00007fff12938000 	c:\Users\59553\.antigravity\extensions\redhat.java-1.12.0-win32-x64\jre\17.0.4.1-win32-x86_64\bin\jli.dll
0x00007fff104c0000 - 0x00007fff104d9000 	c:\Users\59553\.antigravity\extensions\redhat.java-1.12.0-win32-x64\jre\17.0.4.1-win32-x86_64\bin\VCRUNTIME140.dll
0x00007fff45e90000 - 0x00007fff46054000 	C:\WINDOWS\System32\USER32.dll
0x00007fff20c80000 - 0x00007fff20f13000 	C:\WINDOWS\WinSxS\amd64_microsoft.windows.common-controls_6595b64144ccf1df_6.0.26100.5074_none_3e0d6f78e32fd63f\COMCTL32.dll
0x00007fff452e0000 - 0x00007fff45307000 	C:\WINDOWS\System32\win32u.dll
0x00007fff469a0000 - 0x00007fff46a49000 	C:\WINDOWS\System32\msvcrt.dll
0x00007fff46bb0000 - 0x00007fff46bdb000 	C:\WINDOWS\System32\GDI32.dll
0x00007fff455c0000 - 0x00007fff456ed000 	C:\WINDOWS\System32\gdi32full.dll
0x00007fff457b0000 - 0x00007fff45853000 	C:\WINDOWS\System32\msvcp_win.dll
0x00007fff45ad0000 - 0x00007fff45aff000 	C:\WINDOWS\System32\IMM32.DLL
0x00007fff3ceb0000 - 0x00007fff3cebc000 	c:\Users\59553\.antigravity\extensions\redhat.java-1.12.0-win32-x64\jre\17.0.4.1-win32-x86_64\bin\vcruntime140_1.dll
0x00007ffeffe30000 - 0x00007ffeffec1000 	c:\Users\59553\.antigravity\extensions\redhat.java-1.12.0-win32-x64\jre\17.0.4.1-win32-x86_64\bin\msvcp140.dll
0x00007ffdc6ba0000 - 0x00007ffdc77e6000 	c:\Users\59553\.antigravity\extensions\redhat.java-1.12.0-win32-x64\jre\17.0.4.1-win32-x86_64\bin\server\jvm.dll
0x00007fff47540000 - 0x00007fff475f4000 	C:\WINDOWS\System32\ADVAPI32.dll
0x00007fff45b20000 - 0x00007fff45bc6000 	C:\WINDOWS\System32\sechost.dll
0x00007fff459b0000 - 0x00007fff45ac8000 	C:\WINDOWS\System32\RPCRT4.dll
0x00007fff45b10000 - 0x00007fff45b18000 	C:\WINDOWS\System32\PSAPI.DLL
0x00007fff13730000 - 0x00007fff1373a000 	C:\WINDOWS\SYSTEM32\WSOCK32.dll
0x00007fff37a60000 - 0x00007fff37a6b000 	C:\WINDOWS\SYSTEM32\VERSION.dll
0x00007fff39ae0000 - 0x00007fff39b15000 	C:\WINDOWS\SYSTEM32\WINMM.dll
0x00007fff45db0000 - 0x00007fff45e24000 	C:\WINDOWS\System32\WS2_32.dll
0x00007fff43c40000 - 0x00007fff43c5b000 	C:\WINDOWS\SYSTEM32\kernel.appcore.dll
0x00007fff38f70000 - 0x00007fff38f7a000 	c:\Users\59553\.antigravity\extensions\redhat.java-1.12.0-win32-x64\jre\17.0.4.1-win32-x86_64\bin\jimage.dll
0x00007fff41fb0000 - 0x00007fff421f2000 	C:\WINDOWS\SYSTEM32\DBGHELP.DLL
0x00007fff46060000 - 0x00007fff463db000 	C:\WINDOWS\System32\combase.dll
0x00007fff45cd0000 - 0x00007fff45da7000 	C:\WINDOWS\System32\OLEAUT32.dll
0x00007fff138d0000 - 0x00007fff1390d000 	C:\WINDOWS\SYSTEM32\dbgcore.DLL
0x00007fff45520000 - 0x00007fff455b9000 	C:\WINDOWS\System32\bcryptPrimitives.dll
0x00007fff25e20000 - 0x00007fff25e2e000 	c:\Users\59553\.antigravity\extensions\redhat.java-1.12.0-win32-x64\jre\17.0.4.1-win32-x86_64\bin\instrument.dll
0x00007fff07d50000 - 0x00007fff07d75000 	c:\Users\59553\.antigravity\extensions\redhat.java-1.12.0-win32-x64\jre\17.0.4.1-win32-x86_64\bin\java.dll
0x00007fff0a760000 - 0x00007fff0a778000 	c:\Users\59553\.antigravity\extensions\redhat.java-1.12.0-win32-x64\jre\17.0.4.1-win32-x86_64\bin\zip.dll
0x00007fff46ce0000 - 0x00007fff4742d000 	C:\WINDOWS\System32\SHELL32.dll
0x00007fff44d70000 - 0x00007fff44edc000 	C:\WINDOWS\System32\wintypes.dll
0x00007fff429b0000 - 0x00007fff43209000 	C:\WINDOWS\SYSTEM32\windows.storage.dll
0x00007fff47440000 - 0x00007fff47530000 	C:\WINDOWS\System32\SHCORE.dll
0x00007fff46830000 - 0x00007fff46892000 	C:\WINDOWS\System32\shlwapi.dll
0x00007fff44c90000 - 0x00007fff44cb9000 	C:\WINDOWS\SYSTEM32\profapi.dll
0x00007fff09d80000 - 0x00007fff09d99000 	C:\Users\59553\.antigravity\extensions\redhat.java-1.12.0-win32-x64\jre\17.0.4.1-win32-x86_64\bin\net.dll
0x00007fff3b140000 - 0x00007fff3b25f000 	C:\WINDOWS\SYSTEM32\WINHTTP.dll
0x00007fff441a0000 - 0x00007fff4420b000 	C:\WINDOWS\system32\mswsock.dll
0x00007fff09290000 - 0x00007fff092a5000 	C:\Users\59553\.antigravity\extensions\redhat.java-1.12.0-win32-x64\jre\17.0.4.1-win32-x86_64\bin\nio.dll
0x00007fff19b60000 - 0x00007fff19b70000 	c:\Users\59553\.antigravity\extensions\redhat.java-1.12.0-win32-x64\jre\17.0.4.1-win32-x86_64\bin\verify.dll
0x00007fff06b70000 - 0x00007fff06bae000 	C:\Users\59553\AppData\Roaming\Antigravity\User\globalStorage\redhat.java\1.12.0\config_win\org.eclipse.equinox.launcher\org.eclipse.equinox.launcher.win32.win32.x86_64_1.2.600.v20220720-1916\eclipse_11700.dll
0x00007fff465d0000 - 0x00007fff46768000 	C:\WINDOWS\System32\ole32.dll
0x00007fff44480000 - 0x00007fff4449b000 	C:\WINDOWS\SYSTEM32\CRYPTSP.dll
0x00007fff43ba0000 - 0x00007fff43bdb000 	C:\WINDOWS\system32\rsaenh.dll
0x00007fff44250000 - 0x00007fff4427b000 	C:\WINDOWS\SYSTEM32\USERENV.dll
0x00007fff44c60000 - 0x00007fff44c86000 	C:\WINDOWS\SYSTEM32\bcrypt.dll
0x00007fff44470000 - 0x00007fff4447c000 	C:\WINDOWS\SYSTEM32\CRYPTBASE.dll
0x00007fff435f0000 - 0x00007fff43624000 	C:\WINDOWS\SYSTEM32\IPHLPAPI.DLL
0x00007fff465c0000 - 0x00007fff465ca000 	C:\WINDOWS\System32\NSI.dll
0x00007fff3b820000 - 0x00007fff3b83e000 	C:\WINDOWS\SYSTEM32\dhcpcsvc6.DLL
0x00007fff3b540000 - 0x00007fff3b563000 	C:\WINDOWS\SYSTEM32\dhcpcsvc.DLL
0x00007fff43630000 - 0x00007fff43756000 	C:\WINDOWS\SYSTEM32\DNSAPI.dll
0x00007fff061d0000 - 0x00007fff06210000 	C:\Users\59553\AppData\Local\Temp\jna-50697327\jna17287148364359780813.dll

dbghelp: loaded successfully - version: 4.0.5 - missing functions: none
symbol engine: initialized successfully - sym options: 0x614 - pdb path: .;c:\Users\59553\.antigravity\extensions\redhat.java-1.12.0-win32-x64\jre\17.0.4.1-win32-x86_64\bin;C:\WINDOWS\SYSTEM32;C:\WINDOWS\WinSxS\amd64_microsoft.windows.common-controls_6595b64144ccf1df_6.0.26100.5074_none_3e0d6f78e32fd63f;c:\Users\59553\.antigravity\extensions\redhat.java-1.12.0-win32-x64\jre\17.0.4.1-win32-x86_64\bin\server;C:\Users\59553\AppData\Roaming\Antigravity\User\globalStorage\redhat.java\1.12.0\config_win\org.eclipse.equinox.launcher\org.eclipse.equinox.launcher.win32.win32.x86_64_1.2.600.v20220720-1916;C:\Users\59553\AppData\Local\Temp\jna-50697327

VM Arguments:
jvm_args: --add-modules=ALL-SYSTEM --add-opens=java.base/java.util=ALL-UNNAMED --add-opens=java.base/java.lang=ALL-UNNAMED --add-opens=java.base/sun.nio.fs=ALL-UNNAMED -Declipse.application=org.eclipse.jdt.ls.core.id1 -Dosgi.bundles.defaultStartLevel=4 -Declipse.product=org.eclipse.jdt.ls.core.product -Djava.import.generatesMetadataFilesAtProjectRoot=false -Dfile.encoding=utf8 -XX:+UseParallelGC -XX:GCTimeRatio=4 -XX:AdaptiveSizePolicyWeight=90 -Dsun.zip.disableMemoryMapping=true -Xmx1G -Xms100m -Xlog:disable -javaagent:c:\Users\59553\.antigravity\extensions\redhat.java-1.12.0-win32-x64\lombok\lombok-1.18.24.jar -XX:+HeapDumpOnOutOfMemoryError -XX:HeapDumpPath=c:\Users\59553\AppData\Roaming\Antigravity\User\workspaceStorage\74d62bd06157901407eed9eddba0cf6c\redhat.java 
java_command: c:\Users\59553\.antigravity\extensions\redhat.java-1.12.0-win32-x64\server\plugins\org.eclipse.equinox.launcher_1.6.400.v20210924-0641.jar -configuration c:\Users\59553\AppData\Roaming\Antigravity\User\globalStorage\redhat.java\1.12.0\config_win -data c:\Users\59553\AppData\Roaming\Antigravity\User\workspaceStorage\74d62bd06157901407eed9eddba0cf6c\redhat.java\jdt_ws
java_class_path (initial): c:\Users\59553\.antigravity\extensions\redhat.java-1.12.0-win32-x64\server\plugins\org.eclipse.equinox.launcher_1.6.400.v20210924-0641.jar
Launcher Type: SUN_STANDARD

[Global flags]
    uintx AdaptiveSizePolicyWeight                 = 90                                        {product} {command line}
     intx CICompilerCount                          = 12                                        {product} {ergonomic}
    uintx GCTimeRatio                              = 4                                         {product} {command line}
     bool HeapDumpOnOutOfMemoryError               = true                                   {manageable} {command line}
    ccstr HeapDumpPath                             = c:\Users\59553\AppData\Roaming\Antigravity\User\workspaceStorage\74d62bd06157901407eed9eddba0cf6c\redhat.java         {manageable} {command line}
   size_t InitialHeapSize                          = 104857600                                 {product} {command line}
   size_t MaxHeapSize                              = 1073741824                                {product} {command line}
   size_t MaxNewSize                               = 357564416                                 {product} {ergonomic}
   size_t MinHeapDeltaBytes                        = 524288                                    {product} {ergonomic}
   size_t MinHeapSize                              = 104857600                                 {product} {command line}
   size_t NewSize                                  = 34603008                                  {product} {ergonomic}
    uintx NonNMethodCodeHeapSize                   = 7602480                                {pd product} {ergonomic}
    uintx NonProfiledCodeHeapSize                  = 122027880                              {pd product} {ergonomic}
   size_t OldSize                                  = 70254592                                  {product} {ergonomic}
    uintx ProfiledCodeHeapSize                     = 122027880                              {pd product} {ergonomic}
    uintx ReservedCodeCacheSize                    = 251658240                              {pd product} {ergonomic}
     bool SegmentedCodeCache                       = true                                      {product} {ergonomic}
   size_t SoftMaxHeapSize                          = 1073741824                             {manageable} {ergonomic}
     bool UseCompressedClassPointers               = true                           {product lp64_product} {ergonomic}
     bool UseCompressedOops                        = true                           {product lp64_product} {ergonomic}
     bool UseLargePagesIndividualAllocation        = false                                  {pd product} {ergonomic}
     bool UseParallelGC                            = true                                      {product} {command line}

Logging:
Log output configuration:
 #0: stdout all=off uptime,level,tags
 #1: stderr all=off uptime,level,tags

Environment Variables:
JAVA_HOME=D:\jdk21
CLASSPATH=.;%JAVA_HOME%\lib\dt.jar;%JAVA_HOME%\lib\tools.jar
PATH=D:\剞攜儂\VMware\bin\;D:;VMware\bin\;E:\bin\;C:\windows\system32;D:\jdk21\bin;C:\windows;C:\windows\System32\Wbem;C:\windows\System32\WindowsPowerShell\v1.0\;C:\windows\System32\OpenSSH\;C:\Program Files (x86)\NVIDIA Corporation\PhysX\Common;C:\Users\Administrator\AppData\Local\Microsoft\WindowsApps;C:\Program Files\HP\OMEN-Broadcast\Common;C:\WINDOWS\system32;C:\WINDOWS;C:\WINDOWS\System32\Wbem;C:\WINDOWS\System32\WindowsPowerShell\v1.0\;C:\WINDOWS\System32\OpenSSH\;C:\Program Files (x86)\Windows Kits\10\Windows Performance Toolkit\;C:\Program Files\Microsoft SQL Server\130\Tools\Binn\;C:\Program Files\NVIDIA Corporation\NVIDIA app\NvDLISR;D:\maltab\runtime\win64;D:\maltab\bin;D:\mysql\mysql-8.0.26-winx64\bin;D:\maven\apache-maven-3.9.4\bin;D:\jdk21\bin;D:\NodeJS\;C:\Program Files\Git\cmd;C:\Users\59553\AppData\Local\Temp\_MEI347522\PyQt5\Qt5\bin;C:\Users\59553\AppData\Local\Temp\_MEI347522;C:\Users\59553\AppData\Local\Temp\_MEI347522\pywin32_system32;C:\Program Files\Common Files\Oracle\Java\javapath;E:\bin\;C:\windows\system32;C:\windows;C:\windows\System32\Wbem;C:\windows\System32\WindowsPowerShell\v1.0\;C:\windows\System32\OpenSSH\;C:\Program Files (x86)\NVIDIA Corporation\PhysX\Common;C:\Users\Administrator\AppData\Local\Microsoft\WindowsApps;C:\Program Files\HP\OMEN-Broadcast\Common;C:\WINDOWS\system32;C:\WINDOWS;C:\WINDOWS\System32\Wbem;C:\WINDOWS\System32\WindowsPowerShell\v1.0\;C:\WINDOWS\System32\OpenSSH\;C:\Program Files (x86)\Windows Kits\10\Windows Performance Toolkit\;C:\Program Files\Microsoft SQL Server\130\Tools\Binn\;C:\Program Files\NVIDIA Corporation\NVIDIA app\NvDLISR;D:\maltab\runtime\win64;D:\maltab\bin;D:\mysql\mysql-8.0.26-winx64\bin;D:\python3\Scripts\;D:\python3\;C:\Users\59553\AppData\Local\Programs\Python\Launcher\;C:\Users\59553\AppData\Local\Programs\Python\Pytho;D:\visual studio code\Microsoft VS Code\bin;D:\DataGrip\DataGrip 2024.1.1\bin;;C:\Users\59553\AppData\Roaming\npm;D:\Antigravity\Antigravity\bin
USERNAME=59553
OS=Windows_NT
PROCESSOR_IDENTIFIER=Intel64 Family 6 Model 183 Stepping 1, GenuineIntel
TMP=C:\Users\59553\AppData\Local\Temp
TEMP=C:\Users\59553\AppData\Local\Temp



---------------  S Y S T E M  ---------------

OS:
 Windows 11 , 64 bit Build 26100 (10.0.26100.5074)
OS uptime: 10 days 23:00 hours
Hyper-V role detected

CPU: total 24 (initial active 24) (12 cores per cpu, 2 threads per core) family 6 model 183 stepping 1 microcode 0x129, cx8, cmov, fxsr, ht, mmx, 3dnowpref, sse, sse2, sse3, ssse3, sse4.1, sse4.2, popcnt, lzcnt, tsc, tscinvbit, avx, avx2, aes, erms, clmul, bmi1, bmi2, adx, sha, fma, vzeroupper, clflush, clflushopt, clwb, hv

Memory: 4k page, system-wide physical 16087M (576M free)
TotalPageFile size 49901M (AvailPageFile size 77M)
current process WorkingSet (physical memory assigned to process): 249M, peak: 260M
current process commit charge ("private bytes"): 337M, peak: 353M

vm_info: OpenJDK 64-Bit Server VM (17.0.4.1+1) for windows-amd64 JRE (17.0.4.1+1), built on Aug 17 2022 07:42:43 by "temurin" with MS VC++ 16.7 (VS2019)

END.
