#
# There is insufficient memory for the Java Runtime Environment to continue.
# Native memory allocation (malloc) failed to allocate 1517136 bytes for Chunk::new
# Possible reasons:
#   The system is out of physical RAM or swap space
#   The process is running with CompressedOops enabled, and the Java Heap may be blocking the growth of the native heap
# Possible solutions:
#   Reduce memory load on the system
#   Increase physical memory or swap space
#   Check if swap backing store is full
#   Decrease Java heap size (-Xmx/-Xms)
#   Decrease number of Java threads
#   Decrease Java thread stack sizes (-Xss)
#   Set larger code cache with -XX:ReservedCodeCacheSize=
#   JVM is running with Unscaled Compressed Oops mode in which the Java heap is
#     placed in the first 4GB address space. The Java Heap base address is the
#     maximum limit for the native heap growth. Please use -XX:HeapBaseMinAddress
#     to set the Java Heap base and to place the Java Heap above 4GB virtual address.
# This output file may be truncated or incomplete.
#
#  Out of Memory Error (arena.cpp:189), pid=19684, tid=50356
#
# JRE version: OpenJDK Runtime Environment Temurin-17.0.4.1+1 (17.0.4.1+1) (build 17.0.4.1+1)
# Java VM: OpenJDK 64-Bit Server VM Temurin-17.0.4.1+1 (17.0.4.1+1, mixed mode, tiered, compressed oops, compressed class ptrs, parallel gc, windows-amd64)
# No core dump will be written. Minidumps are not enabled by default on client versions of Windows
#

---------------  S U M M A R Y ------------

Command Line: --add-modules=ALL-SYSTEM --add-opens=java.base/java.util=ALL-UNNAMED --add-opens=java.base/java.lang=ALL-UNNAMED --add-opens=java.base/sun.nio.fs=ALL-UNNAMED -Declipse.application=org.eclipse.jdt.ls.core.id1 -Dosgi.bundles.defaultStartLevel=4 -Declipse.product=org.eclipse.jdt.ls.core.product -Djava.import.generatesMetadataFilesAtProjectRoot=false -Dfile.encoding=utf8 -XX:+UseParallelGC -XX:GCTimeRatio=4 -XX:AdaptiveSizePolicyWeight=90 -Dsun.zip.disableMemoryMapping=true -Xmx1G -Xms100m -Xlog:disable -javaagent:c:\Users\59553\.antigravity\extensions\redhat.java-1.12.0-win32-x64\lombok\lombok-1.18.24.jar -XX:+HeapDumpOnOutOfMemoryError -XX:HeapDumpPath=c:\Users\59553\AppData\Roaming\Antigravity\User\workspaceStorage\74d62bd06157901407eed9eddba0cf6c\redhat.java c:\Users\59553\.antigravity\extensions\redhat.java-1.12.0-win32-x64\server\plugins\org.eclipse.equinox.launcher_1.6.400.v20210924-0641.jar -configuration c:\Users\59553\AppData\Roaming\Antigravity\User\globalStorage\redhat.java\1.12.0\config_win -data c:\Users\59553\AppData\Roaming\Antigravity\User\workspaceStorage\74d62bd06157901407eed9eddba0cf6c\redhat.java\jdt_ws

Host: Intel(R) Core(TM) i7-14650HX, 24 cores, 15G,  Windows 11 , 64 bit Build 26100 (10.0.26100.5074)
Time: Sun Mar 22 11:14:57 2026  Windows 11 , 64 bit Build 26100 (10.0.26100.5074) elapsed time: 17.222781 seconds (0d 0h 0m 17s)

---------------  T H R E A D  ---------------

Current thread (0x000001bfd21e5090):  JavaThread "C2 CompilerThread0" daemon [_thread_in_native, id=50356, stack(0x000000379d900000,0x000000379da00000)]


Current CompileTask:
C2:  17222 7808       4       org.eclipse.jdt.internal.compiler.util.JrtFileSystem$2::visitFile (10 bytes)

Stack: [0x000000379d900000,0x000000379da00000]
Native frames: (J=compiled Java code, j=interpreted, Vv=VM code, C=native code)
V  [jvm.dll+0x67731a]
V  [jvm.dll+0x832284]
V  [jvm.dll+0x833a2e]
V  [jvm.dll+0x834093]
V  [jvm.dll+0x245775]
V  [jvm.dll+0xabd7b]
V  [jvm.dll+0xac30c]
V  [jvm.dll+0x363a97]
V  [jvm.dll+0x1bbf38]
V  [jvm.dll+0x2187d9]
V  [jvm.dll+0x217aa1]
V  [jvm.dll+0x1a3f8d]
V  [jvm.dll+0x227498]
V  [jvm.dll+0x2255e5]
V  [jvm.dll+0x7e7e9b]
V  [jvm.dll+0x7e240a]
V  [jvm.dll+0x6761a5]
C  [ucrtbase.dll+0x37b0]
C  [KERNEL32.DLL+0x2e8d7]
C  [ntdll.dll+0x8d9c]


---------------  P R O C E S S  ---------------

Threads class SMR info:
_java_thread_list=0x000001bfd94c2d00, length=54, elements={
0x000001bfbc707f40, 0x000001bfbc7ccf00, 0x000001bfd2194ce0, 0x000001bfd21c5550,
0x000001bfd058e970, 0x000001bfd21de270, 0x000001bfd21e2dc0, 0x000001bfd21e5090,
0x000001bfd21ec680, 0x000001bfd21edaf0, 0x000001bfbc76ad00, 0x000001bfd4fe6660,
0x000001bfd55fc440, 0x000001bfd55fc910, 0x000001bfd55fcde0, 0x000001bfd5a0e7a0,
0x000001bfd5a10c80, 0x000001bfd5a13160, 0x000001bfd54e8560, 0x000001bfd5a67ae0,
0x000001bfd5a09240, 0x000001bfd5a083d0, 0x000001bfd5a06220, 0x000001bfd5a088a0,
0x000001bfd5a07a30, 0x000001bfd5a09710, 0x000001bfd5a05d50, 0x000001bfd5a066f0,
0x000001bfd5a07f00, 0x000001bfd5a07090, 0x000001bfd5a06bc0, 0x000001bfd5cb19e0,
0x000001bfd5cafd00, 0x000001bfd5caf830, 0x000001bfd5caf360, 0x000001bfd5cb01d0,
0x000001bfd5cb06a0, 0x000001bfd5cb0b70, 0x000001bfd5cae4f0, 0x000001bfd5cb1040,
0x000001bfd5cae020, 0x000001bfd5cae9c0, 0x000001bfd5cb2850, 0x000001bfd5caee90,
0x000001bfd5cb2d20, 0x000001bfd512ab30, 0x000001bfd5cb31f0, 0x000001bfd5cb53a0,
0x000001bfd5cb5870, 0x000001bfd5cb36c0, 0x000001bfd5cb3b90, 0x000001bfd5cb4530,
0x000001bfdb6174b0, 0x000001bfd50351a0
}

Java Threads: ( => current thread )
  0x000001bfbc707f40 JavaThread "main" [_thread_blocked, id=11692, stack(0x000000379d000000,0x000000379d100000)]
  0x000001bfbc7ccf00 JavaThread "Reference Handler" daemon [_thread_blocked, id=26376, stack(0x000000379d300000,0x000000379d400000)]
  0x000001bfd2194ce0 JavaThread "Finalizer" daemon [_thread_blocked, id=29096, stack(0x000000379d400000,0x000000379d500000)]
  0x000001bfd21c5550 JavaThread "Signal Dispatcher" daemon [_thread_blocked, id=44376, stack(0x000000379d500000,0x000000379d600000)]
  0x000001bfd058e970 JavaThread "Attach Listener" daemon [_thread_blocked, id=33296, stack(0x000000379d600000,0x000000379d700000)]
  0x000001bfd21de270 JavaThread "Service Thread" daemon [_thread_blocked, id=43136, stack(0x000000379d700000,0x000000379d800000)]
  0x000001bfd21e2dc0 JavaThread "Monitor Deflation Thread" daemon [_thread_blocked, id=37596, stack(0x000000379d800000,0x000000379d900000)]
=>0x000001bfd21e5090 JavaThread "C2 CompilerThread0" daemon [_thread_in_native, id=50356, stack(0x000000379d900000,0x000000379da00000)]
  0x000001bfd21ec680 JavaThread "C1 CompilerThread0" daemon [_thread_blocked, id=40844, stack(0x000000379da00000,0x000000379db00000)]
  0x000001bfd21edaf0 JavaThread "Sweeper thread" daemon [_thread_blocked, id=46600, stack(0x000000379db00000,0x000000379dc00000)]
  0x000001bfbc76ad00 JavaThread "Common-Cleaner" daemon [_thread_blocked, id=49516, stack(0x000000379dc00000,0x000000379dd00000)]
  0x000001bfd4fe6660 JavaThread "Notification Thread" daemon [_thread_blocked, id=17104, stack(0x000000379e100000,0x000000379e200000)]
  0x000001bfd55fc440 JavaThread "Equinox resolver thread - Equinox Container: 4247c70b-5146-48bf-a2ff-590c502841a5" daemon [_thread_blocked, id=5264, stack(0x000000379e800000,0x000000379e900000)]
  0x000001bfd55fc910 JavaThread "Equinox resolver thread - Equinox Container: 4247c70b-5146-48bf-a2ff-590c502841a5" daemon [_thread_blocked, id=30616, stack(0x000000379e900000,0x000000379ea00000)]
  0x000001bfd55fcde0 JavaThread "Equinox resolver thread - Equinox Container: 4247c70b-5146-48bf-a2ff-590c502841a5" daemon [_thread_blocked, id=43464, stack(0x000000379ea00000,0x000000379eb00000)]
  0x000001bfd5a0e7a0 JavaThread "Equinox resolver thread - Equinox Container: 4247c70b-5146-48bf-a2ff-590c502841a5" daemon [_thread_blocked, id=28532, stack(0x000000379eb00000,0x000000379ec00000)]
  0x000001bfd5a10c80 JavaThread "Equinox resolver thread - Equinox Container: 4247c70b-5146-48bf-a2ff-590c502841a5" daemon [_thread_blocked, id=46936, stack(0x000000379ec00000,0x000000379ed00000)]
  0x000001bfd5a13160 JavaThread "Equinox resolver thread - Equinox Container: 4247c70b-5146-48bf-a2ff-590c502841a5" daemon [_thread_blocked, id=31584, stack(0x000000379ed00000,0x000000379ee00000)]
  0x000001bfd54e8560 JavaThread "Active Thread: Equinox Container: 4247c70b-5146-48bf-a2ff-590c502841a5" [_thread_blocked, id=54380, stack(0x000000379ee00000,0x000000379ef00000)]
  0x000001bfd5a67ae0 JavaThread "Framework Event Dispatcher: Equinox Container: 4247c70b-5146-48bf-a2ff-590c502841a5" daemon [_thread_blocked, id=44280, stack(0x000000379ef00000,0x000000379f000000)]
  0x000001bfd5a09240 JavaThread "Start Level: Equinox Container: 4247c70b-5146-48bf-a2ff-590c502841a5" daemon [_thread_blocked, id=41112, stack(0x000000379f000000,0x000000379f100000)]
  0x000001bfd5a083d0 JavaThread "Refresh Thread: Equinox Container: 4247c70b-5146-48bf-a2ff-590c502841a5" daemon [_thread_blocked, id=23376, stack(0x000000379f300000,0x000000379f400000)]
  0x000001bfd5a06220 JavaThread "Equinox resolver thread - Equinox Container: 4247c70b-5146-48bf-a2ff-590c502841a5" daemon [_thread_blocked, id=31896, stack(0x000000379f400000,0x000000379f500000)]
  0x000001bfd5a088a0 JavaThread "Equinox resolver thread - Equinox Container: 4247c70b-5146-48bf-a2ff-590c502841a5" daemon [_thread_blocked, id=27124, stack(0x000000379f500000,0x000000379f600000)]
  0x000001bfd5a07a30 JavaThread "Equinox resolver thread - Equinox Container: 4247c70b-5146-48bf-a2ff-590c502841a5" daemon [_thread_blocked, id=53272, stack(0x000000379f600000,0x000000379f700000)]
  0x000001bfd5a09710 JavaThread "Equinox resolver thread - Equinox Container: 4247c70b-5146-48bf-a2ff-590c502841a5" daemon [_thread_blocked, id=40064, stack(0x000000379f700000,0x000000379f800000)]
  0x000001bfd5a05d50 JavaThread "Equinox resolver thread - Equinox Container: 4247c70b-5146-48bf-a2ff-590c502841a5" daemon [_thread_blocked, id=51256, stack(0x000000379f800000,0x000000379f900000)]
  0x000001bfd5a066f0 JavaThread "Equinox resolver thread - Equinox Container: 4247c70b-5146-48bf-a2ff-590c502841a5" daemon [_thread_blocked, id=36756, stack(0x000000379f900000,0x000000379fa00000)]
  0x000001bfd5a07f00 JavaThread "Equinox resolver thread - Equinox Container: 4247c70b-5146-48bf-a2ff-590c502841a5" daemon [_thread_blocked, id=14400, stack(0x000000379fa00000,0x000000379fb00000)]
  0x000001bfd5a07090 JavaThread "Equinox resolver thread - Equinox Container: 4247c70b-5146-48bf-a2ff-590c502841a5" daemon [_thread_blocked, id=20008, stack(0x000000379fb00000,0x000000379fc00000)]
  0x000001bfd5a06bc0 JavaThread "Equinox resolver thread - Equinox Container: 4247c70b-5146-48bf-a2ff-590c502841a5" daemon [_thread_blocked, id=42088, stack(0x000000379fc00000,0x000000379fd00000)]
  0x000001bfd5cb19e0 JavaThread "Equinox resolver thread - Equinox Container: 4247c70b-5146-48bf-a2ff-590c502841a5" daemon [_thread_blocked, id=26288, stack(0x000000379fd00000,0x000000379fe00000)]
  0x000001bfd5cafd00 JavaThread "Equinox resolver thread - Equinox Container: 4247c70b-5146-48bf-a2ff-590c502841a5" daemon [_thread_blocked, id=9404, stack(0x000000379fe00000,0x000000379ff00000)]
  0x000001bfd5caf830 JavaThread "Equinox resolver thread - Equinox Container: 4247c70b-5146-48bf-a2ff-590c502841a5" daemon [_thread_blocked, id=28248, stack(0x000000379ff00000,0x00000037a0000000)]
  0x000001bfd5caf360 JavaThread "Equinox resolver thread - Equinox Container: 4247c70b-5146-48bf-a2ff-590c502841a5" daemon [_thread_blocked, id=10676, stack(0x00000037a0000000,0x00000037a0100000)]
  0x000001bfd5cb01d0 JavaThread "Equinox resolver thread - Equinox Container: 4247c70b-5146-48bf-a2ff-590c502841a5" daemon [_thread_blocked, id=53004, stack(0x00000037a0100000,0x00000037a0200000)]
  0x000001bfd5cb06a0 JavaThread "Equinox resolver thread - Equinox Container: 4247c70b-5146-48bf-a2ff-590c502841a5" daemon [_thread_blocked, id=46860, stack(0x00000037a0200000,0x00000037a0300000)]
  0x000001bfd5cb0b70 JavaThread "Equinox resolver thread - Equinox Container: 4247c70b-5146-48bf-a2ff-590c502841a5" daemon [_thread_blocked, id=43548, stack(0x00000037a0300000,0x00000037a0400000)]
  0x000001bfd5cae4f0 JavaThread "Equinox resolver thread - Equinox Container: 4247c70b-5146-48bf-a2ff-590c502841a5" daemon [_thread_blocked, id=6088, stack(0x00000037a0400000,0x00000037a0500000)]
  0x000001bfd5cb1040 JavaThread "Equinox resolver thread - Equinox Container: 4247c70b-5146-48bf-a2ff-590c502841a5" daemon [_thread_blocked, id=34892, stack(0x00000037a0500000,0x00000037a0600000)]
  0x000001bfd5cae020 JavaThread "SCR Component Actor" daemon [_thread_blocked, id=13976, stack(0x00000037a0600000,0x00000037a0700000)]
  0x000001bfd5cae9c0 JavaThread "Worker-JM" [_thread_blocked, id=28064, stack(0x00000037a0900000,0x00000037a0a00000)]
  0x000001bfd5cb2850 JavaThread "Worker-0: Initialize Workspace" [_thread_in_native, id=15308, stack(0x00000037a0d00000,0x00000037a0e00000)]
  0x000001bfd5caee90 JavaThread "Worker-1" [_thread_blocked, id=38008, stack(0x00000037a0e00000,0x00000037a0f00000)]
  0x000001bfd5cb2d20 JavaThread "Bundle File Closer" daemon [_thread_blocked, id=8984, stack(0x000000379de00000,0x000000379df00000)]
  0x000001bfd512ab30 JavaThread "C1 CompilerThread1" daemon [_thread_blocked, id=3568, stack(0x00000037a1100000,0x00000037a1200000)]
  0x000001bfd5cb31f0 JavaThread "Java indexing" daemon [_thread_blocked, id=29968, stack(0x00000037a1400000,0x00000037a1500000)]
  0x000001bfd5cb53a0 JavaThread "JNA Cleaner" daemon [_thread_blocked, id=17608, stack(0x00000037a1800000,0x00000037a1900000)]
  0x000001bfd5cb5870 JavaThread "pool-2-thread-1" [_thread_blocked, id=45704, stack(0x00000037a1900000,0x00000037a1a00000)]
  0x000001bfd5cb36c0 JavaThread "pool-1-thread-1" [_thread_blocked, id=45200, stack(0x00000037a1a00000,0x00000037a1b00000)]
  0x000001bfd5cb3b90 JavaThread "Worker-2: Java indexing... " [_thread_blocked, id=52620, stack(0x00000037a1c00000,0x00000037a1d00000)]
  0x000001bfd5cb4530 JavaThread "Worker-3" [_thread_blocked, id=44012, stack(0x00000037a1e00000,0x00000037a1f00000)]
  0x000001bfdb6174b0 JavaThread "C2 CompilerThread1" daemon [_thread_in_native, id=16748, stack(0x00000037a1300000,0x00000037a1400000)]
  0x000001bfd50351a0 JavaThread "C2 CompilerThread2" daemon [_thread_in_native, id=52184, stack(0x00000037a1b00000,0x00000037a1c00000)]

Other Threads:
  0x000001bfd0587130 VMThread "VM Thread" [stack: 0x000000379d200000,0x000000379d300000] [id=37768]
  0x000001bfd4fe6b30 WatcherThread [stack: 0x000000379e200000,0x000000379e300000] [id=43208]
  0x000001bfbc71ca40 GCTaskThread "GC Thread#0" [stack: 0x000000379d100000,0x000000379d200000] [id=51012]
  0x000001bfd5a17b90 GCTaskThread "GC Thread#1" [stack: 0x000000379e300000,0x000000379e400000] [id=45924]
  0x000001bfd5543680 GCTaskThread "GC Thread#2" [stack: 0x000000379e400000,0x000000379e500000] [id=46092]
  0x000001bfd5543930 GCTaskThread "GC Thread#3" [stack: 0x000000379e500000,0x000000379e600000] [id=1856]
  0x000001bfd5862030 GCTaskThread "GC Thread#4" [stack: 0x000000379e600000,0x000000379e700000] [id=39972]
  0x000001bfd58626e0 GCTaskThread "GC Thread#5" [stack: 0x000000379e700000,0x000000379e800000] [id=29408]
  0x000001bfd5311f70 GCTaskThread "GC Thread#6" [stack: 0x000000379f100000,0x000000379f200000] [id=23956]
  0x000001bfd5a3bee0 GCTaskThread "GC Thread#7" [stack: 0x000000379f200000,0x000000379f300000] [id=17812]
  0x000001bfd7ea8490 GCTaskThread "GC Thread#8" [stack: 0x00000037a0800000,0x00000037a0900000] [id=29976]
  0x000001bfd7ea81e0 GCTaskThread "GC Thread#9" [stack: 0x00000037a0a00000,0x00000037a0b00000] [id=26864]
  0x000001bfd7ea8740 GCTaskThread "GC Thread#10" [stack: 0x00000037a0b00000,0x00000037a0c00000] [id=14952]
  0x000001bfd7ea8ca0 GCTaskThread "GC Thread#11" [stack: 0x00000037a0c00000,0x00000037a0d00000] [id=18204]
  0x000001bfd7ea89f0 GCTaskThread "GC Thread#12" [stack: 0x00000037a0700000,0x00000037a0800000] [id=43148]
  0x000001bfd7ea8f50 GCTaskThread "GC Thread#13" [stack: 0x00000037a0f00000,0x00000037a1000000] [id=33924]
  0x000001bfd7ea7f30 GCTaskThread "GC Thread#14" [stack: 0x00000037a1000000,0x00000037a1100000] [id=32736]
  0x000001bfd7ea7720 GCTaskThread "GC Thread#15" [stack: 0x00000037a1500000,0x00000037a1600000] [id=45788]
  0x000001bfd7ea79d0 GCTaskThread "GC Thread#16" [stack: 0x00000037a1600000,0x00000037a1700000] [id=39480]
  0x000001bfd92802e0 GCTaskThread "GC Thread#17" [stack: 0x00000037a1700000,0x00000037a1800000] [id=38760]

Threads with active compile tasks:
C2 CompilerThread0    18270 7808       4       org.eclipse.jdt.internal.compiler.util.JrtFileSystem$2::visitFile (10 bytes)
C2 CompilerThread1    18270 8399   !   4       org.eclipse.jdt.internal.core.search.indexing.BinaryIndexer::indexDocument (1144 bytes)
C2 CompilerThread2    18270 7809       4       org.eclipse.jdt.internal.compiler.util.JrtFileSystem$2::visitFile (72 bytes)

VM state: at safepoint (normal execution)

VM Mutex/Monitor currently owned by a thread:  ([mutex/lock_event])
[0x000001bfbc6f7cd0] Threads_lock - owner thread: 0x000001bfd0587130
[0x000001bfbc6f7970] Heap_lock - owner thread: 0x000001bfd5cb31f0

Heap address: 0x00000000c0000000, size: 1024 MB, Compressed Oops mode: 32-bit

CDS archive(s) not mapped
Compressed class space mapped at: 0x0000000100000000-0x0000000140000000, reserved size: 1073741824
Narrow klass base: 0x0000000000000000, Narrow klass shift: 3, Narrow klass range: 0x140000000

GC Precious Log:
 CPUs: 24 total, 24 available
 Memory: 16087M
 Large Page Support: Disabled
 NUMA Support: Disabled
 Compressed Oops: Enabled (32-bit)
 Alignments: Space 512K, Generation 512K, Heap 2M
 Heap Min Capacity: 100M
 Heap Initial Capacity: 100M
 Heap Max Capacity: 1G
 Pre-touch: Disabled
 Parallel Workers: 18

Heap:
 PSYoungGen      total 12288K, used 12252K [0x00000000eab00000, 0x00000000eb980000, 0x0000000100000000)
  eden space 9728K, 100% used [0x00000000eab00000,0x00000000eb480000,0x00000000eb480000)
  from space 2560K, 98% used [0x00000000eb500000,0x00000000eb777210,0x00000000eb780000)
  to   space 2048K, 0% used [0x00000000eb780000,0x00000000eb780000,0x00000000eb980000)
 ParOldGen       total 144896K, used 127626K [0x00000000c0000000, 0x00000000c8d80000, 0x00000000eab00000)
  object space 144896K, 88% used [0x00000000c0000000,0x00000000c7ca28f0,0x00000000c8d80000)
 Metaspace       used 55251K, committed 56064K, reserved 1105920K
  class space    used 5894K, committed 6272K, reserved 1048576K

Card table byte_map: [0x000001bfbc0b0000,0x000001bfbc2c0000] _byte_map_base: 0x000001bfbbab0000

Marking Bits: (ParMarkBitMap*) 0x00007ffdc7722cc0
 Begin Bits: [0x000001bfce390000, 0x000001bfcf390000)
 End Bits:   [0x000001bfcf390000, 0x000001bfd0390000)

Polling page: 0x000001bfba6a0000

Metaspace:

Usage:
  Non-class:     48.20 MB used.
      Class:      5.76 MB used.
       Both:     53.96 MB used.

Virtual space:
  Non-class space:       56.00 MB reserved,      48.62 MB ( 87%) committed,  7 nodes.
      Class space:        1.00 GB reserved,       6.12 MB ( <1%) committed,  1 nodes.
             Both:        1.05 GB reserved,      54.75 MB (  5%) committed. 

Chunk freelists:
   Non-Class:  2.58 MB
       Class:  1.72 MB
        Both:  4.29 MB

MaxMetaspaceSize: unlimited
CompressedClassSpaceSize: 1.00 GB
Initial GC threshold: 21.00 MB
Current GC threshold: 91.25 MB
CDS: off
MetaspaceReclaimPolicy: balanced
 - commit_granule_bytes: 65536.
 - commit_granule_words: 8192.
 - virtual_space_node_default_size: 1048576.
 - enlarge_chunks_in_place: 1.
 - new_chunks_are_fully_committed: 0.
 - uncommit_free_chunks: 1.
 - use_allocation_guard: 0.
 - handle_deallocations: 1.


Internal statistics:

num_allocs_failed_limit: 6.
num_arena_births: 442.
num_arena_deaths: 14.
num_vsnodes_births: 8.
num_vsnodes_deaths: 0.
num_space_committed: 876.
num_space_uncommitted: 0.
num_chunks_returned_to_freelist: 20.
num_chunks_taken_from_freelist: 2196.
num_chunk_merges: 7.
num_chunk_splits: 1486.
num_chunks_enlarged: 1027.
num_purges: 2.
num_inconsistent_stats: 0.

CodeHeap 'non-profiled nmethods': size=119168Kb used=4718Kb max_used=4718Kb free=114449Kb
 bounds [0x000001bfc6f30000, 0x000001bfc73d0000, 0x000001bfce390000]
CodeHeap 'profiled nmethods': size=119104Kb used=16162Kb max_used=16162Kb free=102941Kb
 bounds [0x000001bfbfae0000, 0x000001bfc0ab0000, 0x000001bfc6f30000]
CodeHeap 'non-nmethods': size=7488Kb used=1890Kb max_used=3103Kb free=5597Kb
 bounds [0x000001bfbf390000, 0x000001bfbf6a0000, 0x000001bfbfae0000]
 total_blobs=8222 nmethods=7564 adapters=571
 compilation: enabled
              stopped_count=0, restarted_count=0
 full_count=0

Compilation events (20 events):
Event: 15.946 Thread 0x000001bfd21e5090 nmethod 7976 0x000001bfc73c1710 code [0x000001bfc73c1a00, 0x000001bfc73c4580]
Event: 15.946 Thread 0x000001bfd21e5090 8308       4       org.eclipse.jdt.internal.compiler.classfmt.InnerClassInfo::getSourceName (57 bytes)
Event: 15.951 Thread 0x000001bfd21e5090 nmethod 8308 0x000001bfc73c5910 code [0x000001bfc73c5aa0, 0x000001bfc73c5e98]
Event: 15.951 Thread 0x000001bfd21e5090 7896       4       jdk.internal.jrtfs.JrtPath::subpath (7 bytes)
Event: 15.960 Thread 0x000001bfd50351a0 nmethod 7901 0x000001bfc73c6190 code [0x000001bfc73c63a0, 0x000001bfc73c7428]
Event: 15.961 Thread 0x000001bfd50351a0 7897       4       jdk.internal.jrtfs.JrtPath::subpath (129 bytes)
Event: 15.970 Thread 0x000001bfd21e5090 nmethod 7896 0x000001bfc73c7c90 code [0x000001bfc73c7ea0, 0x000001bfc73c8fa8]
Event: 15.971 Thread 0x000001bfd21e5090 7808       4       org.eclipse.jdt.internal.compiler.util.JrtFileSystem$2::visitFile (10 bytes)
Event: 15.981 Thread 0x000001bfd50351a0 nmethod 7897 0x000001bfc73c9890 code [0x000001bfc73c9aa0, 0x000001bfc73caac8]
Event: 15.981 Thread 0x000001bfd50351a0 7809       4       org.eclipse.jdt.internal.compiler.util.JrtFileSystem$2::visitFile (72 bytes)
Event: 16.043 Thread 0x000001bfd4fbe330 8415       3       java.util.ArrayList$ArrayListSpliterator::forEachRemaining (127 bytes)
Event: 16.044 Thread 0x000001bfd4fbe330 nmethod 8415 0x000001bfc0aa4a90 code [0x000001bfc0aa4c80, 0x000001bfc0aa5288]
Event: 16.079 Thread 0x000001bfd512ab30 8419       3       org.eclipse.jdt.internal.compiler.classfmt.ModuleInfo$ModuleReferenceInfo::<init> (15 bytes)
Event: 16.079 Thread 0x000001bfd4fbe330 8420       1       org.eclipse.jdt.internal.compiler.classfmt.ModuleInfo$PackageExportInfo::name (5 bytes)
Event: 16.079 Thread 0x000001bfd512ab30 nmethod 8419 0x000001bfc0aa5510 code [0x000001bfc0aa56a0, 0x000001bfc0aa5838]
Event: 16.079 Thread 0x000001bfd4fbe330 nmethod 8420 0x000001bfc73cb310 code [0x000001bfc73cb4a0, 0x000001bfc73cb578]
Event: 16.128 Thread 0x000001bfd4fbe330 8421       1       org.apache.maven.artifact.versioning.VersionRange::getRecommendedVersion (5 bytes)
Event: 16.129 Thread 0x000001bfd4fbe330 nmethod 8421 0x000001bfc73cb610 code [0x000001bfc73cb7a0, 0x000001bfc73cb878]
Event: 16.145 Thread 0x000001bfd4fbe330 8422       3       java.io.FileInputStream::read (9 bytes)
Event: 16.145 Thread 0x000001bfd4fbe330 nmethod 8422 0x000001bfc0aa5910 code [0x000001bfc0aa5ac0, 0x000001bfc0aa5c08]

GC Heap History (20 events):
Event: 15.950 GC heap after
{Heap after GC invocations=52 (full 4):
 PSYoungGen      total 11264K, used 1525K [0x00000000eab00000, 0x00000000ebf00000, 0x0000000100000000)
  eden space 9728K, 0% used [0x00000000eab00000,0x00000000eab00000,0x00000000eb480000)
  from space 1536K, 99% used [0x00000000eb980000,0x00000000ebafd6c8,0x00000000ebb00000)
  to   space 5120K, 0% used [0x00000000eb480000,0x00000000eb480000,0x00000000eb980000)
 ParOldGen       total 119808K, used 107672K [0x00000000c0000000, 0x00000000c7500000, 0x00000000eab00000)
  object space 119808K, 89% used [0x00000000c0000000,0x00000000c6926060,0x00000000c7500000)
 Metaspace       used 55221K, committed 56064K, reserved 1105920K
  class space    used 5891K, committed 6272K, reserved 1048576K
}
Event: 15.974 GC heap before
{Heap before GC invocations=53 (full 4):
 PSYoungGen      total 11264K, used 11253K [0x00000000eab00000, 0x00000000ebf00000, 0x0000000100000000)
  eden space 9728K, 100% used [0x00000000eab00000,0x00000000eb480000,0x00000000eb480000)
  from space 1536K, 99% used [0x00000000eb980000,0x00000000ebafd6c8,0x00000000ebb00000)
  to   space 5120K, 0% used [0x00000000eb480000,0x00000000eb480000,0x00000000eb980000)
 ParOldGen       total 119808K, used 107672K [0x00000000c0000000, 0x00000000c7500000, 0x00000000eab00000)
  object space 119808K, 89% used [0x00000000c0000000,0x00000000c6926060,0x00000000c7500000)
 Metaspace       used 55221K, committed 56064K, reserved 1105920K
  class space    used 5891K, committed 6272K, reserved 1048576K
}
Event: 15.976 GC heap after
{Heap after GC invocations=53 (full 4):
 PSYoungGen      total 12800K, used 2719K [0x00000000eab00000, 0x00000000ebb80000, 0x0000000100000000)
  eden space 9728K, 0% used [0x00000000eab00000,0x00000000eab00000,0x00000000eb480000)
  from space 3072K, 88% used [0x00000000eb480000,0x00000000eb727f80,0x00000000eb780000)
  to   space 3584K, 0% used [0x00000000eb800000,0x00000000eb800000,0x00000000ebb80000)
 ParOldGen       total 119808K, used 109242K [0x00000000c0000000, 0x00000000c7500000, 0x00000000eab00000)
  object space 119808K, 91% used [0x00000000c0000000,0x00000000c6aaeb68,0x00000000c7500000)
 Metaspace       used 55221K, committed 56064K, reserved 1105920K
  class space    used 5891K, committed 6272K, reserved 1048576K
}
Event: 16.002 GC heap before
{Heap before GC invocations=54 (full 4):
 PSYoungGen      total 12800K, used 12447K [0x00000000eab00000, 0x00000000ebb80000, 0x0000000100000000)
  eden space 9728K, 100% used [0x00000000eab00000,0x00000000eb480000,0x00000000eb480000)
  from space 3072K, 88% used [0x00000000eb480000,0x00000000eb727f80,0x00000000eb780000)
  to   space 3584K, 0% used [0x00000000eb800000,0x00000000eb800000,0x00000000ebb80000)
 ParOldGen       total 119808K, used 109242K [0x00000000c0000000, 0x00000000c7500000, 0x00000000eab00000)
  object space 119808K, 91% used [0x00000000c0000000,0x00000000c6aaeb68,0x00000000c7500000)
 Metaspace       used 55221K, committed 56064K, reserved 1105920K
  class space    used 5891K, committed 6272K, reserved 1048576K
}
Event: 16.005 GC heap after
{Heap after GC invocations=54 (full 4):
 PSYoungGen      total 12288K, used 2483K [0x00000000eab00000, 0x00000000eba80000, 0x0000000100000000)
  eden space 9728K, 0% used [0x00000000eab00000,0x00000000eab00000,0x00000000eb480000)
  from space 2560K, 97% used [0x00000000eb800000,0x00000000eba6cd58,0x00000000eba80000)
  to   space 3072K, 0% used [0x00000000eb480000,0x00000000eb480000,0x00000000eb780000)
 ParOldGen       total 119808K, used 111657K [0x00000000c0000000, 0x00000000c7500000, 0x00000000eab00000)
  object space 119808K, 93% used [0x00000000c0000000,0x00000000c6d0a4c0,0x00000000c7500000)
 Metaspace       used 55221K, committed 56064K, reserved 1105920K
  class space    used 5891K, committed 6272K, reserved 1048576K
}
Event: 16.032 GC heap before
{Heap before GC invocations=55 (full 4):
 PSYoungGen      total 12288K, used 12211K [0x00000000eab00000, 0x00000000eba80000, 0x0000000100000000)
  eden space 9728K, 100% used [0x00000000eab00000,0x00000000eb480000,0x00000000eb480000)
  from space 2560K, 97% used [0x00000000eb800000,0x00000000eba6cd58,0x00000000eba80000)
  to   space 3072K, 0% used [0x00000000eb480000,0x00000000eb480000,0x00000000eb780000)
 ParOldGen       total 119808K, used 111657K [0x00000000c0000000, 0x00000000c7500000, 0x00000000eab00000)
  object space 119808K, 93% used [0x00000000c0000000,0x00000000c6d0a4c0,0x00000000c7500000)
 Metaspace       used 55221K, committed 56064K, reserved 1105920K
  class space    used 5891K, committed 6272K, reserved 1048576K
}
Event: 16.035 GC heap after
{Heap after GC invocations=55 (full 4):
 PSYoungGen      total 12288K, used 2498K [0x00000000eab00000, 0x00000000eb980000, 0x0000000100000000)
  eden space 9728K, 0% used [0x00000000eab00000,0x00000000eab00000,0x00000000eb480000)
  from space 2560K, 97% used [0x00000000eb480000,0x00000000eb6f08a0,0x00000000eb700000)
  to   space 2560K, 0% used [0x00000000eb700000,0x00000000eb700000,0x00000000eb980000)
 ParOldGen       total 119808K, used 114046K [0x00000000c0000000, 0x00000000c7500000, 0x00000000eab00000)
  object space 119808K, 95% used [0x00000000c0000000,0x00000000c6f5f9f0,0x00000000c7500000)
 Metaspace       used 55221K, committed 56064K, reserved 1105920K
  class space    used 5891K, committed 6272K, reserved 1048576K
}
Event: 16.057 GC heap before
{Heap before GC invocations=56 (full 4):
 PSYoungGen      total 12288K, used 12226K [0x00000000eab00000, 0x00000000eb980000, 0x0000000100000000)
  eden space 9728K, 100% used [0x00000000eab00000,0x00000000eb480000,0x00000000eb480000)
  from space 2560K, 97% used [0x00000000eb480000,0x00000000eb6f08a0,0x00000000eb700000)
  to   space 2560K, 0% used [0x00000000eb700000,0x00000000eb700000,0x00000000eb980000)
 ParOldGen       total 119808K, used 114046K [0x00000000c0000000, 0x00000000c7500000, 0x00000000eab00000)
  object space 119808K, 95% used [0x00000000c0000000,0x00000000c6f5f9f0,0x00000000c7500000)
 Metaspace       used 55222K, committed 56064K, reserved 1105920K
  class space    used 5891K, committed 6272K, reserved 1048576K
}
Event: 16.060 GC heap after
{Heap after GC invocations=56 (full 4):
 PSYoungGen      total 12288K, used 2458K [0x00000000eab00000, 0x00000000eb980000, 0x0000000100000000)
  eden space 9728K, 0% used [0x00000000eab00000,0x00000000eab00000,0x00000000eb480000)
  from space 2560K, 96% used [0x00000000eb700000,0x00000000eb9668e0,0x00000000eb980000)
  to   space 2560K, 0% used [0x00000000eb480000,0x00000000eb480000,0x00000000eb700000)
 ParOldGen       total 119808K, used 116307K [0x00000000c0000000, 0x00000000c7500000, 0x00000000eab00000)
  object space 119808K, 97% used [0x00000000c0000000,0x00000000c7194fb8,0x00000000c7500000)
 Metaspace       used 55222K, committed 56064K, reserved 1105920K
  class space    used 5891K, committed 6272K, reserved 1048576K
}
Event: 16.081 GC heap before
{Heap before GC invocations=57 (full 4):
 PSYoungGen      total 12288K, used 12186K [0x00000000eab00000, 0x00000000eb980000, 0x0000000100000000)
  eden space 9728K, 100% used [0x00000000eab00000,0x00000000eb480000,0x00000000eb480000)
  from space 2560K, 96% used [0x00000000eb700000,0x00000000eb9668e0,0x00000000eb980000)
  to   space 2560K, 0% used [0x00000000eb480000,0x00000000eb480000,0x00000000eb700000)
 ParOldGen       total 119808K, used 116307K [0x00000000c0000000, 0x00000000c7500000, 0x00000000eab00000)
  object space 119808K, 97% used [0x00000000c0000000,0x00000000c7194fb8,0x00000000c7500000)
 Metaspace       used 55222K, committed 56064K, reserved 1105920K
  class space    used 5891K, committed 6272K, reserved 1048576K
}
Event: 16.083 GC heap after
{Heap after GC invocations=57 (full 4):
 PSYoungGen      total 12288K, used 2431K [0x00000000eab00000, 0x00000000eb980000, 0x0000000100000000)
  eden space 9728K, 0% used [0x00000000eab00000,0x00000000eab00000,0x00000000eb480000)
  from space 2560K, 94% used [0x00000000eb480000,0x00000000eb6dfd50,0x00000000eb700000)
  to   space 2560K, 0% used [0x00000000eb700000,0x00000000eb700000,0x00000000eb980000)
 ParOldGen       total 119808K, used 118554K [0x00000000c0000000, 0x00000000c7500000, 0x00000000eab00000)
  object space 119808K, 98% used [0x00000000c0000000,0x00000000c73c6908,0x00000000c7500000)
 Metaspace       used 55222K, committed 56064K, reserved 1105920K
  class space    used 5891K, committed 6272K, reserved 1048576K
}
Event: 16.083 GC heap before
{Heap before GC invocations=58 (full 5):
 PSYoungGen      total 12288K, used 2431K [0x00000000eab00000, 0x00000000eb980000, 0x0000000100000000)
  eden space 9728K, 0% used [0x00000000eab00000,0x00000000eab00000,0x00000000eb480000)
  from space 2560K, 94% used [0x00000000eb480000,0x00000000eb6dfd50,0x00000000eb700000)
  to   space 2560K, 0% used [0x00000000eb700000,0x00000000eb700000,0x00000000eb980000)
 ParOldGen       total 119808K, used 118554K [0x00000000c0000000, 0x00000000c7500000, 0x00000000eab00000)
  object space 119808K, 98% used [0x00000000c0000000,0x00000000c73c6908,0x00000000c7500000)
 Metaspace       used 55222K, committed 56064K, reserved 1105920K
  class space    used 5891K, committed 6272K, reserved 1048576K
}
Event: 16.127 GC heap after
{Heap after GC invocations=58 (full 5):
 PSYoungGen      total 12288K, used 0K [0x00000000eab00000, 0x00000000eb980000, 0x0000000100000000)
  eden space 9728K, 0% used [0x00000000eab00000,0x00000000eab00000,0x00000000eb480000)
  from space 2560K, 0% used [0x00000000eb700000,0x00000000eb700000,0x00000000eb980000)
  to   space 2560K, 0% used [0x00000000eb480000,0x00000000eb480000,0x00000000eb700000)
 ParOldGen       total 144896K, used 118407K [0x00000000c0000000, 0x00000000c8d80000, 0x00000000eab00000)
  object space 144896K, 81% used [0x00000000c0000000,0x00000000c73a1f98,0x00000000c8d80000)
 Metaspace       used 55222K, committed 56064K, reserved 1105920K
  class space    used 5891K, committed 6272K, reserved 1048576K
}
Event: 16.150 GC heap before
{Heap before GC invocations=59 (full 5):
 PSYoungGen      total 12288K, used 9728K [0x00000000eab00000, 0x00000000eb980000, 0x0000000100000000)
  eden space 9728K, 100% used [0x00000000eab00000,0x00000000eb480000,0x00000000eb480000)
  from space 2560K, 0% used [0x00000000eb700000,0x00000000eb700000,0x00000000eb980000)
  to   space 2560K, 0% used [0x00000000eb480000,0x00000000eb480000,0x00000000eb700000)
 ParOldGen       total 144896K, used 118407K [0x00000000c0000000, 0x00000000c8d80000, 0x00000000eab00000)
  object space 144896K, 81% used [0x00000000c0000000,0x00000000c73a1f98,0x00000000c8d80000)
 Metaspace       used 55223K, committed 56064K, reserved 1105920K
  class space    used 5891K, committed 6272K, reserved 1048576K
}
Event: 16.152 GC heap after
{Heap after GC invocations=59 (full 5):
 PSYoungGen      total 12288K, used 2539K [0x00000000eab00000, 0x00000000eba80000, 0x0000000100000000)
  eden space 9728K, 0% used [0x00000000eab00000,0x00000000eab00000,0x00000000eb480000)
  from space 2560K, 99% used [0x00000000eb480000,0x00000000eb6fadb8,0x00000000eb700000)
  to   space 3072K, 0% used [0x00000000eb780000,0x00000000eb780000,0x00000000eba80000)
 ParOldGen       total 144896K, used 118422K [0x00000000c0000000, 0x00000000c8d80000, 0x00000000eab00000)
  object space 144896K, 81% used [0x00000000c0000000,0x00000000c73a5948,0x00000000c8d80000)
 Metaspace       used 55223K, committed 56064K, reserved 1105920K
  class space    used 5891K, committed 6272K, reserved 1048576K
}
Event: 16.174 GC heap before
{Heap before GC invocations=60 (full 5):
 PSYoungGen      total 12288K, used 12267K [0x00000000eab00000, 0x00000000eba80000, 0x0000000100000000)
  eden space 9728K, 100% used [0x00000000eab00000,0x00000000eb480000,0x00000000eb480000)
  from space 2560K, 99% used [0x00000000eb480000,0x00000000eb6fadb8,0x00000000eb700000)
  to   space 3072K, 0% used [0x00000000eb780000,0x00000000eb780000,0x00000000eba80000)
 ParOldGen       total 144896K, used 118422K [0x00000000c0000000, 0x00000000c8d80000, 0x00000000eab00000)
  object space 144896K, 81% used [0x00000000c0000000,0x00000000c73a5948,0x00000000c8d80000)
 Metaspace       used 55223K, committed 56064K, reserved 1105920K
  class space    used 5891K, committed 6272K, reserved 1048576K
}
Event: 16.176 GC heap after
{Heap after GC invocations=60 (full 5):
 PSYoungGen      total 12800K, used 2630K [0x00000000eab00000, 0x00000000eba80000, 0x0000000100000000)
  eden space 9728K, 0% used [0x00000000eab00000,0x00000000eab00000,0x00000000eb480000)
  from space 3072K, 85% used [0x00000000eb780000,0x00000000eba11928,0x00000000eba80000)
  to   space 3072K, 0% used [0x00000000eb480000,0x00000000eb480000,0x00000000eb780000)
 ParOldGen       total 144896K, used 120713K [0x00000000c0000000, 0x00000000c8d80000, 0x00000000eab00000)
  object space 144896K, 83% used [0x00000000c0000000,0x00000000c75e2408,0x00000000c8d80000)
 Metaspace       used 55223K, committed 56064K, reserved 1105920K
  class space    used 5891K, committed 6272K, reserved 1048576K
}
Event: 16.198 GC heap before
{Heap before GC invocations=61 (full 5):
 PSYoungGen      total 12800K, used 12358K [0x00000000eab00000, 0x00000000eba80000, 0x0000000100000000)
  eden space 9728K, 100% used [0x00000000eab00000,0x00000000eb480000,0x00000000eb480000)
  from space 3072K, 85% used [0x00000000eb780000,0x00000000eba11928,0x00000000eba80000)
  to   space 3072K, 0% used [0x00000000eb480000,0x00000000eb480000,0x00000000eb780000)
 ParOldGen       total 144896K, used 120713K [0x00000000c0000000, 0x00000000c8d80000, 0x00000000eab00000)
  object space 144896K, 83% used [0x00000000c0000000,0x00000000c75e2408,0x00000000c8d80000)
 Metaspace       used 55223K, committed 56064K, reserved 1105920K
  class space    used 5891K, committed 6272K, reserved 1048576K
}
Event: 16.201 GC heap after
{Heap after GC invocations=61 (full 5):
 PSYoungGen      total 12800K, used 2534K [0x00000000eab00000, 0x00000000eba80000, 0x0000000100000000)
  eden space 9728K, 0% used [0x00000000eab00000,0x00000000eab00000,0x00000000eb480000)
  from space 3072K, 82% used [0x00000000eb480000,0x00000000eb6f9b58,0x00000000eb780000)
  to   space 3072K, 0% used [0x00000000eb780000,0x00000000eb780000,0x00000000eba80000)
 ParOldGen       total 144896K, used 123021K [0x00000000c0000000, 0x00000000c8d80000, 0x00000000eab00000)
  object space 144896K, 84% used [0x00000000c0000000,0x00000000c7823680,0x00000000c8d80000)
 Metaspace       used 55223K, committed 56064K, reserved 1105920K
  class space    used 5891K, committed 6272K, reserved 1048576K
}
Event: 16.221 GC heap before
{Heap before GC invocations=62 (full 5):
 PSYoungGen      total 12800K, used 12262K [0x00000000eab00000, 0x00000000eba80000, 0x0000000100000000)
  eden space 9728K, 100% used [0x00000000eab00000,0x00000000eb480000,0x00000000eb480000)
  from space 3072K, 82% used [0x00000000eb480000,0x00000000eb6f9b58,0x00000000eb780000)
  to   space 3072K, 0% used [0x00000000eb780000,0x00000000eb780000,0x00000000eba80000)
 ParOldGen       total 144896K, used 123021K [0x00000000c0000000, 0x00000000c8d80000, 0x00000000eab00000)
  object space 144896K, 84% used [0x00000000c0000000,0x00000000c7823680,0x00000000c8d80000)
 Metaspace       used 55223K, committed 56064K, reserved 1105920K
  class space    used 5891K, committed 6272K, reserved 1048576K
}

Deoptimization events (20 events):
Event: 15.869 Thread 0x000001bfd5cb31f0 DEOPT PACKING pc=0x000001bfc0a96b0b sp=0x00000037a14fe9f0
Event: 15.869 Thread 0x000001bfd5cb31f0 DEOPT UNPACKING pc=0x000001bfbf3e2843 sp=0x00000037a14fdf68 mode 0
Event: 15.870 Thread 0x000001bfd5cb31f0 DEOPT PACKING pc=0x000001bfc09cbe95 sp=0x00000037a14fe9d0
Event: 15.870 Thread 0x000001bfd5cb31f0 DEOPT UNPACKING pc=0x000001bfbf3e2843 sp=0x00000037a14fdef8 mode 0
Event: 15.877 Thread 0x000001bfd5cb31f0 DEOPT PACKING pc=0x000001bfc0a96b0b sp=0x00000037a14fe9f0
Event: 15.877 Thread 0x000001bfd5cb31f0 DEOPT UNPACKING pc=0x000001bfbf3e2843 sp=0x00000037a14fdf68 mode 0
Event: 15.877 Thread 0x000001bfd5cb31f0 DEOPT PACKING pc=0x000001bfc09cbe95 sp=0x00000037a14fe9d0
Event: 15.877 Thread 0x000001bfd5cb31f0 DEOPT UNPACKING pc=0x000001bfbf3e2843 sp=0x00000037a14fdef8 mode 0
Event: 15.881 Thread 0x000001bfd5cb31f0 DEOPT PACKING pc=0x000001bfc09cbe95 sp=0x00000037a14fe9d0
Event: 15.881 Thread 0x000001bfd5cb31f0 DEOPT UNPACKING pc=0x000001bfbf3e2843 sp=0x00000037a14fdef8 mode 0
Event: 15.884 Thread 0x000001bfd5cb31f0 DEOPT PACKING pc=0x000001bfc09cbe95 sp=0x00000037a14fe9d0
Event: 15.884 Thread 0x000001bfd5cb31f0 DEOPT UNPACKING pc=0x000001bfbf3e2843 sp=0x00000037a14fdef8 mode 0
Event: 15.886 Thread 0x000001bfd5cb31f0 DEOPT PACKING pc=0x000001bfc0a96b0b sp=0x00000037a14fe9f0
Event: 15.886 Thread 0x000001bfd5cb31f0 DEOPT UNPACKING pc=0x000001bfbf3e2843 sp=0x00000037a14fdf68 mode 0
Event: 15.888 Thread 0x000001bfd5cb31f0 DEOPT PACKING pc=0x000001bfc09cbe95 sp=0x00000037a14fe9d0
Event: 15.888 Thread 0x000001bfd5cb31f0 DEOPT UNPACKING pc=0x000001bfbf3e2843 sp=0x00000037a14fdef8 mode 0
Event: 15.890 Thread 0x000001bfd5cb31f0 DEOPT PACKING pc=0x000001bfc0a96b0b sp=0x00000037a14fe9f0
Event: 15.890 Thread 0x000001bfd5cb31f0 DEOPT UNPACKING pc=0x000001bfbf3e2843 sp=0x00000037a14fdf68 mode 0
Event: 15.897 Thread 0x000001bfd5cb31f0 DEOPT PACKING pc=0x000001bfc09cbe95 sp=0x00000037a14fe9d0
Event: 15.897 Thread 0x000001bfd5cb31f0 DEOPT UNPACKING pc=0x000001bfbf3e2843 sp=0x00000037a14fdef8 mode 0

Classes unloaded (7 events):
Event: 1.565 Thread 0x000001bfd0587130 Unloading class 0x0000000100218000 'java/lang/invoke/LambdaForm$MH+0x0000000100218000'
Event: 1.565 Thread 0x000001bfd0587130 Unloading class 0x0000000100217c00 'java/lang/invoke/LambdaForm$MH+0x0000000100217c00'
Event: 1.565 Thread 0x000001bfd0587130 Unloading class 0x0000000100217800 'java/lang/invoke/LambdaForm$MH+0x0000000100217800'
Event: 1.565 Thread 0x000001bfd0587130 Unloading class 0x0000000100217000 'java/lang/invoke/LambdaForm$MH+0x0000000100217000'
Event: 1.565 Thread 0x000001bfd0587130 Unloading class 0x0000000100216c00 'java/lang/invoke/LambdaForm$BMH+0x0000000100216c00'
Event: 1.565 Thread 0x000001bfd0587130 Unloading class 0x0000000100216800 'java/lang/invoke/LambdaForm$DMH+0x0000000100216800'
Event: 1.565 Thread 0x000001bfd0587130 Unloading class 0x0000000100214000 'java/lang/invoke/LambdaForm$DMH+0x0000000100214000'

Classes redefined (0 events):
No events

Internal exceptions (20 events):
Event: 15.630 Thread 0x000001bfd5cb2850 Exception <a 'java/lang/NoSuchMethodError'{0x00000000eab0f450}: 'int java.lang.invoke.DirectMethodHandle$Holder.invokeVirtual(java.lang.Object, java.lang.Object)'> (0x00000000eab0f450) 
thrown [s\src\hotspot\share\interpreter\linkResolver.cpp, line 759]
Event: 15.630 Thread 0x000001bfd5cb2850 Exception <a 'java/lang/NoSuchMethodError'{0x00000000eac03a08}: 'int java.lang.invoke.DirectMethodHandle$Holder.invokeStaticInit(java.lang.Object, int, int)'> (0x00000000eac03a08) 
thrown [s\src\hotspot\share\interpreter\linkResolver.cpp, line 759]
Event: 15.631 Thread 0x000001bfd5cb2850 Exception <a 'java/lang/NoSuchMethodError'{0x00000000eac0b4a0}: 'int java.lang.invoke.DirectMethodHandle$Holder.invokeStaticInit(java.lang.Object, long, long)'> (0x00000000eac0b4a0) 
thrown [s\src\hotspot\share\interpreter\linkResolver.cpp, line 759]
Event: 15.632 Thread 0x000001bfd5cb2850 Exception <a 'java/lang/NoSuchMethodError'{0x00000000eac12598}: 'int java.lang.invoke.DirectMethodHandle$Holder.invokeStaticInit(java.lang.Object, float, float)'> (0x00000000eac12598) 
thrown [s\src\hotspot\share\interpreter\linkResolver.cpp, line 759]
Event: 15.633 Thread 0x000001bfd5cb2850 Exception <a 'java/lang/NoSuchMethodError'{0x00000000ead09da8}: 'int java.lang.invoke.DirectMethodHandle$Holder.invokeStaticInit(java.lang.Object, double, double)'> (0x00000000ead09da8) 
thrown [s\src\hotspot\share\interpreter\linkResolver.cpp, line 759]
Event: 15.633 Thread 0x000001bfd5cb2850 Exception <a 'java/lang/NoSuchMethodError'{0x00000000ead0e658}: 'int java.lang.invoke.DirectMethodHandle$Holder.invokeStatic(java.lang.Object, long)'> (0x00000000ead0e658) 
thrown [s\src\hotspot\share\interpreter\linkResolver.cpp, line 759]
Event: 15.636 Thread 0x000001bfd5cb2850 Exception <a 'java/lang/NoSuchMethodError'{0x00000000eaddb928}: 'int java.lang.invoke.DirectMethodHandle$Holder.invokeSpecial(java.lang.Object, java.lang.Object, int, int)'> (0x00000000eaddb928) 
thrown [s\src\hotspot\share\interpreter\linkResolver.cpp, line 759]
Event: 15.637 Thread 0x000001bfd5cb2850 Exception <a 'java/lang/NoSuchMethodError'{0x00000000eae9eb18}: 'int java.lang.invoke.Invokers$Holder.linkToTargetMethod(java.lang.Object, java.lang.Object)'> (0x00000000eae9eb18) 
thrown [s\src\hotspot\share\interpreter\linkResolver.cpp, line 759]
Event: 15.639 Thread 0x000001bfd5cb2850 Exception <a 'java/lang/NoSuchMethodError'{0x00000000eafaef70}: 'java.lang.Object java.lang.invoke.DirectMethodHandle$Holder.invokeSpecial(java.lang.Object, java.lang.Object, java.lang.Object, java.lang.Object, java.lang.Object, java.lang.Object, java.lang.Object, java.lang.Object, java.lang.Object, java.lang.Object, java.lang.Object)'> (0x00000000eafaef70) 
thrown [s\src\hotspot\share\interpreter\linkResolver.cpp, line 759]
Event: 15.639 Thread 0x000001bfd5cb2850 Exception <a 'java/lang/NoSuchMethodError'{0x00000000eafb3740}: 'java.lang.Object java.lang.invoke.Invokers$Holder.invoke_MT(java.lang.Object, java.lang.Object, java.lang.Object, java.lang.Object, java.lang.Object, java.lang.Object, java.lang.Object, java.lang.Object, java.lang.Object, java.lang.Object, java.lang.Object)'> (0x00000000eafb3740) 
thrown [s\src\hotspot\share\interpreter\linkResolver.cpp, line 759]
Event: 15.649 Thread 0x000001bfd5cb2850 Exception <a 'java/lang/NoSuchMethodError'{0x00000000eb46aa10}: 'java.lang.Object java.lang.invoke.DirectMethodHandle$Holder.newInvokeSpecial(java.lang.Object, java.lang.Object, java.lang.Object, java.lang.Object, java.lang.Object, java.lang.Object, java.lang.Object, java.lang.Object)'> (0x00000000eb46aa10) 
thrown [s\src\hotspot\share\interpreter\linkResolver.cpp, line 759]
Event: 15.649 Thread 0x000001bfd5cb2850 Exception <a 'java/lang/NoSuchMethodError'{0x00000000eb46f978}: 'java.lang.Object java.lang.invoke.DirectMethodHandle$Holder.invokeSpecial(java.lang.Object, java.lang.Object, java.lang.Object, java.lang.Object, java.lang.Object, java.lang.Object, java.lang.Object, java.lang.Object, java.lang.Object)'> (0x00000000eb46f978) 
thrown [s\src\hotspot\share\interpreter\linkResolver.cpp, line 759]
Event: 15.649 Thread 0x000001bfd5cb2850 Exception <a 'java/lang/NoSuchMethodError'{0x00000000eb474288}: 'java.lang.Object java.lang.invoke.Invokers$Holder.linkToTargetMethod(java.lang.Object, java.lang.Object, java.lang.Object, java.lang.Object, java.lang.Object, java.lang.Object, java.lang.Object, java.lang.Object)'> (0x00000000eb474288) 
thrown [s\src\hotspot\share\interpreter\linkResolver.cpp, line 759]
Event: 15.651 Thread 0x000001bfd5cb2850 Exception <a 'java/lang/NoSuchMethodError'{0x00000000eb539368}: 'java.lang.Object java.lang.invoke.DirectMethodHandle$Holder.invokeSpecial(java.lang.Object, java.lang.Object, java.lang.Object, int, java.lang.Object, java.lang.Object)'> (0x00000000eb539368) 
thrown [s\src\hotspot\share\interpreter\linkResolver.cpp, line 759]
Event: 15.652 Thread 0x000001bfd5cb2850 Exception <a 'java/lang/NoSuchMethodError'{0x00000000eb540e90}: 'java.lang.Object java.lang.invoke.DirectMethodHandle$Holder.newInvokeSpecial(java.lang.Object, java.lang.Object, java.lang.Object, int)'> (0x00000000eb540e90) 
thrown [s\src\hotspot\share\interpreter\linkResolver.cpp, line 759]
Event: 15.652 Thread 0x000001bfd5cb2850 Exception <a 'java/lang/NoSuchMethodError'{0x00000000eb640950}: 'java.lang.Object java.lang.invoke.DirectMethodHandle$Holder.invokeSpecial(java.lang.Object, java.lang.Object, java.lang.Object, java.lang.Object, int)'> (0x00000000eb640950) 
thrown [s\src\hotspot\share\interpreter\linkResolver.cpp, line 759]
Event: 15.652 Thread 0x000001bfd5cb2850 Exception <a 'java/lang/NoSuchMethodError'{0x00000000eb644058}: 'java.lang.Object java.lang.invoke.Invokers$Holder.linkToTargetMethod(java.lang.Object, java.lang.Object, int, java.lang.Object)'> (0x00000000eb644058) 
thrown [s\src\hotspot\share\interpreter\linkResolver.cpp, line 759]
Event: 15.688 Thread 0x000001bfd5cb2850 Exception <a 'java/io/FileNotFoundException'{0x00000000eb3fd108}> (0x00000000eb3fd108) 
thrown [s\src\hotspot\share\prims\jni.cpp, line 516]
Event: 15.688 Thread 0x000001bfd5cb2850 Exception <a 'java/lang/NoSuchMethodError'{0x00000000eb444720}: 'void java.lang.invoke.DirectMethodHandle$Holder.invokeStatic(java.lang.Object, int)'> (0x00000000eb444720) 
thrown [s\src\hotspot\share\interpreter\linkResolver.cpp, line 759]
Event: 15.808 Thread 0x000001bfd5cb31f0 Implicit null exception at 0x000001bfc736ee9c to 0x000001bfc73782ec

VM Operations (20 events):
Event: 15.923 Executing VM operation: ParallelGCFailedAllocation done
Event: 15.948 Executing VM operation: ParallelGCFailedAllocation
Event: 15.950 Executing VM operation: ParallelGCFailedAllocation done
Event: 15.974 Executing VM operation: ParallelGCFailedAllocation
Event: 15.976 Executing VM operation: ParallelGCFailedAllocation done
Event: 16.002 Executing VM operation: ParallelGCFailedAllocation
Event: 16.005 Executing VM operation: ParallelGCFailedAllocation done
Event: 16.032 Executing VM operation: ParallelGCFailedAllocation
Event: 16.035 Executing VM operation: ParallelGCFailedAllocation done
Event: 16.057 Executing VM operation: ParallelGCFailedAllocation
Event: 16.060 Executing VM operation: ParallelGCFailedAllocation done
Event: 16.080 Executing VM operation: ParallelGCFailedAllocation
Event: 16.127 Executing VM operation: ParallelGCFailedAllocation done
Event: 16.150 Executing VM operation: ParallelGCFailedAllocation
Event: 16.152 Executing VM operation: ParallelGCFailedAllocation done
Event: 16.174 Executing VM operation: ParallelGCFailedAllocation
Event: 16.176 Executing VM operation: ParallelGCFailedAllocation done
Event: 16.198 Executing VM operation: ParallelGCFailedAllocation
Event: 16.201 Executing VM operation: ParallelGCFailedAllocation done
Event: 16.220 Executing VM operation: ParallelGCFailedAllocation

Events (20 events):
Event: 15.618 loading class java/lang/runtime/ObjectMethods
Event: 15.618 loading class java/lang/runtime/ObjectMethods done
Event: 15.621 loading class java/util/Collections$CopiesList
Event: 15.621 loading class java/util/Collections$CopiesList done
Event: 15.622 loading class java/lang/invoke/MethodHandleImpl$Makers
Event: 15.622 loading class java/lang/invoke/MethodHandleImpl$Makers done
Event: 15.622 loading class java/lang/invoke/MethodHandleImpl$Makers$1
Event: 15.622 loading class java/lang/invoke/MethodHandleImpl$Makers$1 done
Event: 15.622 loading class java/lang/invoke/MethodHandleImpl$Makers$2
Event: 15.622 loading class java/lang/invoke/MethodHandleImpl$Makers$2 done
Event: 15.622 loading class java/lang/invoke/MethodHandleImpl$Makers$3
Event: 15.622 loading class java/lang/invoke/MethodHandleImpl$Makers$3 done
Event: 15.625 loading class java/lang/invoke/DirectMethodHandle$EnsureInitialized
Event: 15.625 loading class java/lang/invoke/DirectMethodHandle$EnsureInitialized done
Event: 15.628 loading class java/lang/invoke/BoundMethodHandle$Species_I
Event: 15.628 loading class java/lang/invoke/BoundMethodHandle$Species_I done
Event: 15.629 loading class java/lang/runtime/ObjectMethods$1
Event: 15.629 loading class java/lang/runtime/ObjectMethods$1 done
Event: 15.635 loading class java/lang/invoke/DirectMethodHandle$1
Event: 15.635 loading class java/lang/invoke/DirectMethodHandle$1 done


Dynamic libraries:
0x00007ff73ecf0000 - 0x00007ff73ecfe000 	c:\Users\59553\.antigravity\extensions\redhat.java-1.12.0-win32-x64\jre\17.0.4.1-win32-x86_64\bin\java.exe
0x00007fff47be0000 - 0x00007fff47e49000 	C:\WINDOWS\SYSTEM32\ntdll.dll
0x00007fff45c00000 - 0x00007fff45cc9000 	C:\WINDOWS\System32\KERNEL32.DLL
0x00007fff44ee0000 - 0x00007fff452d3000 	C:\WINDOWS\System32\KERNELBASE.dll
0x00007fff45860000 - 0x00007fff459ab000 	C:\WINDOWS\System32\ucrtbase.dll
0x00007fff12920000 - 0x00007fff12938000 	c:\Users\59553\.antigravity\extensions\redhat.java-1.12.0-win32-x64\jre\17.0.4.1-win32-x86_64\bin\jli.dll
0x00007fff104c0000 - 0x00007fff104d9000 	c:\Users\59553\.antigravity\extensions\redhat.java-1.12.0-win32-x64\jre\17.0.4.1-win32-x86_64\bin\VCRUNTIME140.dll
0x00007fff45e90000 - 0x00007fff46054000 	C:\WINDOWS\System32\USER32.dll
0x00007fff20c80000 - 0x00007fff20f13000 	C:\WINDOWS\WinSxS\amd64_microsoft.windows.common-controls_6595b64144ccf1df_6.0.26100.5074_none_3e0d6f78e32fd63f\COMCTL32.dll
0x00007fff452e0000 - 0x00007fff45307000 	C:\WINDOWS\System32\win32u.dll
0x00007fff469a0000 - 0x00007fff46a49000 	C:\WINDOWS\System32\msvcrt.dll
0x00007fff46bb0000 - 0x00007fff46bdb000 	C:\WINDOWS\System32\GDI32.dll
0x00007fff455c0000 - 0x00007fff456ed000 	C:\WINDOWS\System32\gdi32full.dll
0x00007fff457b0000 - 0x00007fff45853000 	C:\WINDOWS\System32\msvcp_win.dll
0x00007fff45ad0000 - 0x00007fff45aff000 	C:\WINDOWS\System32\IMM32.DLL
0x00007fff3ceb0000 - 0x00007fff3cebc000 	c:\Users\59553\.antigravity\extensions\redhat.java-1.12.0-win32-x64\jre\17.0.4.1-win32-x86_64\bin\vcruntime140_1.dll
0x00007ffeffe30000 - 0x00007ffeffec1000 	c:\Users\59553\.antigravity\extensions\redhat.java-1.12.0-win32-x64\jre\17.0.4.1-win32-x86_64\bin\msvcp140.dll
0x00007ffdc6ba0000 - 0x00007ffdc77e6000 	c:\Users\59553\.antigravity\extensions\redhat.java-1.12.0-win32-x64\jre\17.0.4.1-win32-x86_64\bin\server\jvm.dll
0x00007fff47540000 - 0x00007fff475f4000 	C:\WINDOWS\System32\ADVAPI32.dll
0x00007fff45b20000 - 0x00007fff45bc6000 	C:\WINDOWS\System32\sechost.dll
0x00007fff459b0000 - 0x00007fff45ac8000 	C:\WINDOWS\System32\RPCRT4.dll
0x00007fff45b10000 - 0x00007fff45b18000 	C:\WINDOWS\System32\PSAPI.DLL
0x00007fff37a60000 - 0x00007fff37a6b000 	C:\WINDOWS\SYSTEM32\VERSION.dll
0x00007fff39ae0000 - 0x00007fff39b15000 	C:\WINDOWS\SYSTEM32\WINMM.dll
0x00007fff13730000 - 0x00007fff1373a000 	C:\WINDOWS\SYSTEM32\WSOCK32.dll
0x00007fff45db0000 - 0x00007fff45e24000 	C:\WINDOWS\System32\WS2_32.dll
0x00007fff43c40000 - 0x00007fff43c5b000 	C:\WINDOWS\SYSTEM32\kernel.appcore.dll
0x00007fff38f70000 - 0x00007fff38f7a000 	c:\Users\59553\.antigravity\extensions\redhat.java-1.12.0-win32-x64\jre\17.0.4.1-win32-x86_64\bin\jimage.dll
0x00007fff41fb0000 - 0x00007fff421f2000 	C:\WINDOWS\SYSTEM32\DBGHELP.DLL
0x00007fff46060000 - 0x00007fff463db000 	C:\WINDOWS\System32\combase.dll
0x00007fff45cd0000 - 0x00007fff45da7000 	C:\WINDOWS\System32\OLEAUT32.dll
0x00007fff138d0000 - 0x00007fff1390d000 	C:\WINDOWS\SYSTEM32\dbgcore.DLL
0x00007fff45520000 - 0x00007fff455b9000 	C:\WINDOWS\System32\bcryptPrimitives.dll
0x00007fff25e20000 - 0x00007fff25e2e000 	c:\Users\59553\.antigravity\extensions\redhat.java-1.12.0-win32-x64\jre\17.0.4.1-win32-x86_64\bin\instrument.dll
0x00007fff07d50000 - 0x00007fff07d75000 	c:\Users\59553\.antigravity\extensions\redhat.java-1.12.0-win32-x64\jre\17.0.4.1-win32-x86_64\bin\java.dll
0x00007fff0a760000 - 0x00007fff0a778000 	c:\Users\59553\.antigravity\extensions\redhat.java-1.12.0-win32-x64\jre\17.0.4.1-win32-x86_64\bin\zip.dll
0x00007fff46ce0000 - 0x00007fff4742d000 	C:\WINDOWS\System32\SHELL32.dll
0x00007fff44d70000 - 0x00007fff44edc000 	C:\WINDOWS\System32\wintypes.dll
0x00007fff429b0000 - 0x00007fff43209000 	C:\WINDOWS\SYSTEM32\windows.storage.dll
0x00007fff47440000 - 0x00007fff47530000 	C:\WINDOWS\System32\SHCORE.dll
0x00007fff46830000 - 0x00007fff46892000 	C:\WINDOWS\System32\shlwapi.dll
0x00007fff44c90000 - 0x00007fff44cb9000 	C:\WINDOWS\SYSTEM32\profapi.dll
0x00007fff09d80000 - 0x00007fff09d99000 	C:\Users\59553\.antigravity\extensions\redhat.java-1.12.0-win32-x64\jre\17.0.4.1-win32-x86_64\bin\net.dll
0x00007fff3b140000 - 0x00007fff3b25f000 	C:\WINDOWS\SYSTEM32\WINHTTP.dll
0x00007fff441a0000 - 0x00007fff4420b000 	C:\WINDOWS\system32\mswsock.dll
0x00007fff09290000 - 0x00007fff092a5000 	C:\Users\59553\.antigravity\extensions\redhat.java-1.12.0-win32-x64\jre\17.0.4.1-win32-x86_64\bin\nio.dll
0x00007fff19b60000 - 0x00007fff19b70000 	c:\Users\59553\.antigravity\extensions\redhat.java-1.12.0-win32-x64\jre\17.0.4.1-win32-x86_64\bin\verify.dll
0x00007fff06b70000 - 0x00007fff06bae000 	C:\Users\59553\AppData\Roaming\Antigravity\User\globalStorage\redhat.java\1.12.0\config_win\org.eclipse.equinox.launcher\org.eclipse.equinox.launcher.win32.win32.x86_64_1.2.600.v20220720-1916\eclipse_11700.dll
0x00007fff465d0000 - 0x00007fff46768000 	C:\WINDOWS\System32\ole32.dll
0x00007fff152b0000 - 0x00007fff152b9000 	C:\Users\59553\.antigravity\extensions\redhat.java-1.12.0-win32-x64\jre\17.0.4.1-win32-x86_64\bin\management.dll
0x00007fff147c0000 - 0x00007fff147cb000 	C:\Users\59553\.antigravity\extensions\redhat.java-1.12.0-win32-x64\jre\17.0.4.1-win32-x86_64\bin\management_ext.dll
0x00007fff44480000 - 0x00007fff4449b000 	C:\WINDOWS\SYSTEM32\CRYPTSP.dll
0x00007fff43ba0000 - 0x00007fff43bdb000 	C:\WINDOWS\system32\rsaenh.dll
0x00007fff44250000 - 0x00007fff4427b000 	C:\WINDOWS\SYSTEM32\USERENV.dll
0x00007fff44c60000 - 0x00007fff44c86000 	C:\WINDOWS\SYSTEM32\bcrypt.dll
0x00007fff44470000 - 0x00007fff4447c000 	C:\WINDOWS\SYSTEM32\CRYPTBASE.dll
0x00007fff435f0000 - 0x00007fff43624000 	C:\WINDOWS\SYSTEM32\IPHLPAPI.DLL
0x00007fff465c0000 - 0x00007fff465ca000 	C:\WINDOWS\System32\NSI.dll
0x00007fff3b820000 - 0x00007fff3b83e000 	C:\WINDOWS\SYSTEM32\dhcpcsvc6.DLL
0x00007fff3b540000 - 0x00007fff3b563000 	C:\WINDOWS\SYSTEM32\dhcpcsvc.DLL
0x00007fff43630000 - 0x00007fff43756000 	C:\WINDOWS\SYSTEM32\DNSAPI.dll
0x00007fff061d0000 - 0x00007fff06210000 	C:\Users\59553\AppData\Local\Temp\jna-50697327\jna8294879995418600203.dll
0x00007fff307d0000 - 0x00007fff307de000 	C:\Users\59553\.antigravity\extensions\redhat.java-1.12.0-win32-x64\jre\17.0.4.1-win32-x86_64\bin\sunmscapi.dll
0x00007fff45310000 - 0x00007fff45487000 	C:\WINDOWS\System32\CRYPT32.dll
0x00007fff446b0000 - 0x00007fff446e0000 	C:\WINDOWS\SYSTEM32\ncrypt.dll
0x00007fff44660000 - 0x00007fff4469f000 	C:\WINDOWS\SYSTEM32\NTASN1.dll
0x00007fff3a220000 - 0x00007fff3a22b000 	C:\Windows\System32\rasadhlp.dll
0x00007fff3b980000 - 0x00007fff3ba06000 	C:\WINDOWS\System32\fwpuclnt.dll

dbghelp: loaded successfully - version: 4.0.5 - missing functions: none
symbol engine: initialized successfully - sym options: 0x614 - pdb path: .;c:\Users\59553\.antigravity\extensions\redhat.java-1.12.0-win32-x64\jre\17.0.4.1-win32-x86_64\bin;C:\WINDOWS\SYSTEM32;C:\WINDOWS\WinSxS\amd64_microsoft.windows.common-controls_6595b64144ccf1df_6.0.26100.5074_none_3e0d6f78e32fd63f;c:\Users\59553\.antigravity\extensions\redhat.java-1.12.0-win32-x64\jre\17.0.4.1-win32-x86_64\bin\server;C:\Users\59553\AppData\Roaming\Antigravity\User\globalStorage\redhat.java\1.12.0\config_win\org.eclipse.equinox.launcher\org.eclipse.equinox.launcher.win32.win32.x86_64_1.2.600.v20220720-1916;C:\Users\59553\AppData\Local\Temp\jna-50697327

VM Arguments:
jvm_args: --add-modules=ALL-SYSTEM --add-opens=java.base/java.util=ALL-UNNAMED --add-opens=java.base/java.lang=ALL-UNNAMED --add-opens=java.base/sun.nio.fs=ALL-UNNAMED -Declipse.application=org.eclipse.jdt.ls.core.id1 -Dosgi.bundles.defaultStartLevel=4 -Declipse.product=org.eclipse.jdt.ls.core.product -Djava.import.generatesMetadataFilesAtProjectRoot=false -Dfile.encoding=utf8 -XX:+UseParallelGC -XX:GCTimeRatio=4 -XX:AdaptiveSizePolicyWeight=90 -Dsun.zip.disableMemoryMapping=true -Xmx1G -Xms100m -Xlog:disable -javaagent:c:\Users\59553\.antigravity\extensions\redhat.java-1.12.0-win32-x64\lombok\lombok-1.18.24.jar -XX:+HeapDumpOnOutOfMemoryError -XX:HeapDumpPath=c:\Users\59553\AppData\Roaming\Antigravity\User\workspaceStorage\74d62bd06157901407eed9eddba0cf6c\redhat.java 
java_command: c:\Users\59553\.antigravity\extensions\redhat.java-1.12.0-win32-x64\server\plugins\org.eclipse.equinox.launcher_1.6.400.v20210924-0641.jar -configuration c:\Users\59553\AppData\Roaming\Antigravity\User\globalStorage\redhat.java\1.12.0\config_win -data c:\Users\59553\AppData\Roaming\Antigravity\User\workspaceStorage\74d62bd06157901407eed9eddba0cf6c\redhat.java\jdt_ws
java_class_path (initial): c:\Users\59553\.antigravity\extensions\redhat.java-1.12.0-win32-x64\server\plugins\org.eclipse.equinox.launcher_1.6.400.v20210924-0641.jar
Launcher Type: SUN_STANDARD

[Global flags]
    uintx AdaptiveSizePolicyWeight                 = 90                                        {product} {command line}
     intx CICompilerCount                          = 12                                        {product} {ergonomic}
    uintx GCTimeRatio                              = 4                                         {product} {command line}
     bool HeapDumpOnOutOfMemoryError               = true                                   {manageable} {command line}
    ccstr HeapDumpPath                             = c:\Users\59553\AppData\Roaming\Antigravity\User\workspaceStorage\74d62bd06157901407eed9eddba0cf6c\redhat.java         {manageable} {command line}
   size_t InitialHeapSize                          = 104857600                                 {product} {command line}
   size_t MaxHeapSize                              = 1073741824                                {product} {command line}
   size_t MaxNewSize                               = 357564416                                 {product} {ergonomic}
   size_t MinHeapDeltaBytes                        = 524288                                    {product} {ergonomic}
   size_t MinHeapSize                              = 104857600                                 {product} {command line}
   size_t NewSize                                  = 34603008                                  {product} {ergonomic}
    uintx NonNMethodCodeHeapSize                   = 7602480                                {pd product} {ergonomic}
    uintx NonProfiledCodeHeapSize                  = 122027880                              {pd product} {ergonomic}
   size_t OldSize                                  = 70254592                                  {product} {ergonomic}
    uintx ProfiledCodeHeapSize                     = 122027880                              {pd product} {ergonomic}
    uintx ReservedCodeCacheSize                    = 251658240                              {pd product} {ergonomic}
     bool SegmentedCodeCache                       = true                                      {product} {ergonomic}
   size_t SoftMaxHeapSize                          = 1073741824                             {manageable} {ergonomic}
     bool UseCompressedClassPointers               = true                           {product lp64_product} {ergonomic}
     bool UseCompressedOops                        = true                           {product lp64_product} {ergonomic}
     bool UseLargePagesIndividualAllocation        = false                                  {pd product} {ergonomic}
     bool UseParallelGC                            = true                                      {product} {command line}

Logging:
Log output configuration:
 #0: stdout all=off uptime,level,tags
 #1: stderr all=off uptime,level,tags

Environment Variables:
JAVA_HOME=D:\jdk21
CLASSPATH=.;%JAVA_HOME%\lib\dt.jar;%JAVA_HOME%\lib\tools.jar
PATH=D:\ĐéÄâ»ú\VMware\bin\;D:;VMware\bin\;E:\bin\;C:\windows\system32;D:\jdk21\bin;C:\windows;C:\windows\System32\Wbem;C:\windows\System32\WindowsPowerShell\v1.0\;C:\windows\System32\OpenSSH\;C:\Program Files (x86)\NVIDIA Corporation\PhysX\Common;C:\Users\Administrator\AppData\Local\Microsoft\WindowsApps;C:\Program Files\HP\OMEN-Broadcast\Common;C:\WINDOWS\system32;C:\WINDOWS;C:\WINDOWS\System32\Wbem;C:\WINDOWS\System32\WindowsPowerShell\v1.0\;C:\WINDOWS\System32\OpenSSH\;C:\Program Files (x86)\Windows Kits\10\Windows Performance Toolkit\;C:\Program Files\Microsoft SQL Server\130\Tools\Binn\;C:\Program Files\NVIDIA Corporation\NVIDIA app\NvDLISR;D:\maltab\runtime\win64;D:\maltab\bin;D:\mysql\mysql-8.0.26-winx64\bin;D:\maven\apache-maven-3.9.4\bin;D:\jdk21\bin;D:\NodeJS\;C:\Program Files\Git\cmd;C:\Users\59553\AppData\Local\Temp\_MEI347522\PyQt5\Qt5\bin;C:\Users\59553\AppData\Local\Temp\_MEI347522;C:\Users\59553\AppData\Local\Temp\_MEI347522\pywin32_system32;C:\Program Files\Common Files\Oracle\Java\javapath;E:\bin\;C:\windows\system32;C:\windows;C:\windows\System32\Wbem;C:\windows\System32\WindowsPowerShell\v1.0\;C:\windows\System32\OpenSSH\;C:\Program Files (x86)\NVIDIA Corporation\PhysX\Common;C:\Users\Administrator\AppData\Local\Microsoft\WindowsApps;C:\Program Files\HP\OMEN-Broadcast\Common;C:\WINDOWS\system32;C:\WINDOWS;C:\WINDOWS\System32\Wbem;C:\WINDOWS\System32\WindowsPowerShell\v1.0\;C:\WINDOWS\System32\OpenSSH\;C:\Program Files (x86)\Windows Kits\10\Windows Performance Toolkit\;C:\Program Files\Microsoft SQL Server\130\Tools\Binn\;C:\Program Files\NVIDIA Corporation\NVIDIA app\NvDLISR;D:\maltab\runtime\win64;D:\maltab\bin;D:\mysql\mysql-8.0.26-winx64\bin;D:\python3\Scripts\;D:\python3\;C:\Users\59553\AppData\Local\Programs\Python\Launcher\;C:\Users\59553\AppData\Local\Programs\Python\Pytho;D:\visual studio code\Microsoft VS Code\bin;D:\DataGrip\DataGrip 2024.1.1\bin;;C:\Users\59553\AppData\Roaming\npm;D:\Antigravity\Antigravity\bin
USERNAME=59553
OS=Windows_NT
PROCESSOR_IDENTIFIER=Intel64 Family 6 Model 183 Stepping 1, GenuineIntel
TMP=C:\Users\59553\AppData\Local\Temp
TEMP=C:\Users\59553\AppData\Local\Temp



---------------  S Y S T E M  ---------------

OS:
 Windows 11 , 64 bit Build 26100 (10.0.26100.5074)
OS uptime: 10 days 22:59 hours
Hyper-V role detected

CPU: total 24 (initial active 24) (12 cores per cpu, 2 threads per core) family 6 model 183 stepping 1 microcode 0x129, cx8, cmov, fxsr, ht, mmx, 3dnowpref, sse, sse2, sse3, ssse3, sse4.1, sse4.2, popcnt, lzcnt, tsc, tscinvbit, avx, avx2, aes, erms, clmul, bmi1, bmi2, adx, sha, fma, vzeroupper, clflush, clflushopt, clwb, hv

Memory: 4k page, system-wide physical 16087M (720M free)
TotalPageFile size 49901M (AvailPageFile size 60M)
current process WorkingSet (physical memory assigned to process): 405M, peak: 405M
current process commit charge ("private bytes"): 447M, peak: 452M

vm_info: OpenJDK 64-Bit Server VM (17.0.4.1+1) for windows-amd64 JRE (17.0.4.1+1), built on Aug 17 2022 07:42:43 by "temurin" with MS VC++ 16.7 (VS2019)

END.
