#
# There is insufficient memory for the Java Runtime Environment to continue.
# Native memory allocation (mmap) failed to map 264241152 bytes for G1 virtual space
# Possible reasons:
#   The system is out of physical RAM or swap space
#   The process is running with CompressedOops enabled, and the Java Heap may be blocking the growth of the native heap
# Possible solutions:
#   Reduce memory load on the system
#   Increase physical memory or swap space
#   Check if swap backing store is full
#   Decrease Java heap size (-Xmx/-Xms)
#   Decrease number of Java threads
#   Decrease Java thread stack sizes (-Xss)
#   Set larger code cache with -XX:ReservedCodeCacheSize=
#   JVM is running with Zero Based Compressed Oops mode in which the Java heap is
#     placed in the first 32GB address space. The Java Heap base address is the
#     maximum limit for the native heap growth. Please use -XX:HeapBaseMinAddress
#     to set the Java Heap base and to place the Java Heap above 32GB virtual address.
# This output file may be truncated or incomplete.
#
#  Out of Memory Error (os_windows.cpp:3604), pid=30976, tid=11696
#
# JRE version:  (21.0.10+8) (build )
# Java VM: Java HotSpot(TM) 64-Bit Server VM (21.0.10+8-LTS-217, mixed mode, sharing, tiered, compressed oops, compressed class ptrs, g1 gc, windows-amd64)
# No core dump will be written. Minidumps are not enabled by default on client versions of Windows
#

---------------  S U M M A R Y ------------

Command Line: -Dmaven.multiModuleProjectDirectory=D:\soft\idea_2023.3.7\data\sky-take-out -Djansi.passthrough=true -Dmaven.home=D:\maven\apache-maven-3.9.4 -Dclassworlds.conf=D:\maven\apache-maven-3.9.4\bin\m2.conf -Dmaven.ext.class.path=D:\soft\idea_2023.3.7\plugins\maven\lib\maven-event-listener.jar -javaagent:D:\soft\idea_2023.3.7\lib\idea_rt.jar=12247:D:\soft\idea_2023.3.7\bin -Dfile.encoding=UTF-8 -Dsun.stdout.encoding=UTF-8 -Dsun.stderr.encoding=UTF-8 org.codehaus.classworlds.Launcher -Didea.version=2023.3.7 -s D:\maven\apache-maven-3.9.4\conf\settings.xml -DskipTests=true clean

Host: Intel(R) Core(TM) i7-14650HX, 24 cores, 15G,  Windows 11 , 64 bit Build 26100 (10.0.26100.5074)
Time: Thu Mar 26 10:27:43 2026 elapsed time: 0.011948 seconds (0d 0h 0m 0s)

---------------  T H R E A D  ---------------

Current thread (0x000001fc676c83a0):  JavaThread "Unknown thread" [_thread_in_vm, id=11696, stack(0x0000008dc9500000,0x0000008dc9600000) (1024K)]

Stack: [0x0000008dc9500000,0x0000008dc9600000]
Native frames: (J=compiled Java code, j=interpreted, Vv=VM code, C=native code)
V  [jvm.dll+0x6d0b59]
V  [jvm.dll+0x85fd56]
V  [jvm.dll+0x86224e]
V  [jvm.dll+0x862923]
V  [jvm.dll+0x282a16]
V  [jvm.dll+0x6cd405]
V  [jvm.dll+0x6c1f8a]
V  [jvm.dll+0x35bcc8]
V  [jvm.dll+0x363986]
V  [jvm.dll+0x3b4a3e]
V  [jvm.dll+0x3b4ce8]
V  [jvm.dll+0x32f98c]
V  [jvm.dll+0x3304db]
V  [jvm.dll+0x829d3e]
V  [jvm.dll+0x3c19d1]
V  [jvm.dll+0x812c0a]
V  [jvm.dll+0x4543d1]
V  [jvm.dll+0x455e21]
C  [jli.dll+0x5310]
C  [ucrtbase.dll+0x37b0]
C  [KERNEL32.DLL+0x2e8d7]
C  [ntdll.dll+0x8d9c]


---------------  P R O C E S S  ---------------

Threads class SMR info:
_java_thread_list=0x00007ffbad958c88, length=0, elements={
}

Java Threads: ( => current thread )
Total: 0

Other Threads:
  0x000001fc69b77260 WorkerThread "GC Thread#0"                     [id=42164, stack(0x0000008dc9600000,0x0000008dc9700000) (1024K)]
  0x000001fc69b88040 ConcurrentGCThread "G1 Main Marker"            [id=46136, stack(0x0000008dc9700000,0x0000008dc9800000) (1024K)]
  0x000001fc69b8a5e0 WorkerThread "G1 Conc#0"                       [id=16144, stack(0x0000008dc9800000,0x0000008dc9900000) (1024K)]

[error occurred during error reporting (printing all threads), id 0xc0000005, EXCEPTION_ACCESS_VIOLATION (0xc0000005) at pc=0x00007ffbad0c2447]
VM state: not at safepoint (not fully initialized)

VM Mutex/Monitor currently owned by a thread:  ([mutex/lock_event])
[0x00007ffbad9ca010] Heap_lock - owner thread: 0x000001fc676c83a0

Heap address: 0x0000000704a00000, size: 4022 MB, Compressed Oops mode: Zero based, Oop shift amount: 3

CDS archive(s) mapped at: [0x0000000000000000-0x0000000000000000-0x0000000000000000), size 0, SharedBaseAddress: 0x0000000800000000, ArchiveRelocationMode: 1.
Narrow klass base: 0x0000000000000000, Narrow klass shift: 0, Narrow klass range: 0x0

GC Precious Log:
 CardTable entry size: 512
 Card Set container configuration: InlinePtr #cards 4 size 8 Array Of Cards #cards 16 size 48 Howl #buckets 8 coarsen threshold 3686 Howl Bitmap #cards 512 size 80 coarsen threshold 460 Card regions per heap region 1 cards per card region 4096

Heap:
 garbage-first heap   total 0K, used 0K [0x0000000704a00000, 0x0000000800000000)
  region size 2048K, 0 young (0K), 0 survivors (0K)

[error occurred during error reporting (printing heap information), id 0xc0000005, EXCEPTION_ACCESS_VIOLATION (0xc0000005) at pc=0x00007ffbad4aac39]
GC Heap History (0 events):
No events

Dll operation events (1 events):
Event: 0.008 Loaded shared library D:\soft\jdk21\bin\java.dll

Deoptimization events (0 events):
No events

Classes loaded (0 events):
No events

Classes unloaded (0 events):
No events

Classes redefined (0 events):
No events

Internal exceptions (0 events):
No events

ZGC Phase Switch (0 events):
No events

VM Operations (0 events):
No events

Events (0 events):
No events


Dynamic libraries:
0x00007ff7875a0000 - 0x00007ff7875b0000 	D:\soft\jdk21\bin\java.exe
0x00007ffcd5180000 - 0x00007ffcd53e9000 	C:\WINDOWS\SYSTEM32\ntdll.dll
0x00007ffcd3b50000 - 0x00007ffcd3c19000 	C:\WINDOWS\System32\KERNEL32.DLL
0x00007ffcd29f0000 - 0x00007ffcd2de3000 	C:\WINDOWS\System32\KERNELBASE.dll
0x00007ffcd2690000 - 0x00007ffcd27db000 	C:\WINDOWS\System32\ucrtbase.dll
0x00007ffcc6740000 - 0x00007ffcc675e000 	D:\soft\jdk21\bin\VCRUNTIME140.dll
0x00007ffcc6760000 - 0x00007ffcc6779000 	D:\soft\jdk21\bin\jli.dll
0x00007ffcd3930000 - 0x00007ffcd39e4000 	C:\WINDOWS\System32\ADVAPI32.dll
0x00007ffcd3030000 - 0x00007ffcd30d9000 	C:\WINDOWS\System32\msvcrt.dll
0x00007ffcd3590000 - 0x00007ffcd3636000 	C:\WINDOWS\System32\sechost.dll
0x00007ffcd4760000 - 0x00007ffcd4878000 	C:\WINDOWS\System32\RPCRT4.dll
0x00007ffcd33c0000 - 0x00007ffcd3584000 	C:\WINDOWS\System32\USER32.dll
0x00007ffcd2f20000 - 0x00007ffcd2f47000 	C:\WINDOWS\System32\win32u.dll
0x00007ffcd3170000 - 0x00007ffcd319b000 	C:\WINDOWS\System32\GDI32.dll
0x00007ffcd15c0000 - 0x00007ffcd1853000 	C:\WINDOWS\WinSxS\amd64_microsoft.windows.common-controls_6595b64144ccf1df_6.0.26100.5074_none_3e0d6f78e32fd63f\COMCTL32.dll
0x00007ffcd2df0000 - 0x00007ffcd2f1d000 	C:\WINDOWS\System32\gdi32full.dll
0x00007ffcd2520000 - 0x00007ffcd25c3000 	C:\WINDOWS\System32\msvcp_win.dll
0x00007ffcc3b80000 - 0x00007ffcc3b8b000 	C:\WINDOWS\SYSTEM32\VERSION.dll
0x00007ffcd3fd0000 - 0x00007ffcd3fff000 	C:\WINDOWS\System32\IMM32.DLL
0x00007ffcd1ac0000 - 0x00007ffcd1acc000 	D:\soft\jdk21\bin\vcruntime140_1.dll
0x00007ffc93fe0000 - 0x00007ffc9406d000 	D:\soft\jdk21\bin\msvcp140.dll
0x00007ffbacd80000 - 0x00007ffbadaa7000 	D:\soft\jdk21\bin\server\jvm.dll
0x00007ffcd3820000 - 0x00007ffcd3894000 	C:\WINDOWS\System32\WS2_32.dll
0x00007ffccbb20000 - 0x00007ffccbb55000 	C:\WINDOWS\SYSTEM32\WINMM.dll
0x00007ffcd1de0000 - 0x00007ffcd1e3e000 	C:\WINDOWS\SYSTEM32\POWRPROF.dll
0x00007ffcd1a60000 - 0x00007ffcd1a74000 	C:\WINDOWS\SYSTEM32\UMPDC.dll
0x00007ffcd0820000 - 0x00007ffcd083b000 	C:\WINDOWS\SYSTEM32\kernel.appcore.dll
0x00007ffcc9a40000 - 0x00007ffcc9a4a000 	D:\soft\jdk21\bin\jimage.dll
0x00007ffcd1b90000 - 0x00007ffcd1dd2000 	C:\WINDOWS\SYSTEM32\DBGHELP.DLL
0x00007ffcd3c20000 - 0x00007ffcd3f9b000 	C:\WINDOWS\System32\combase.dll
0x00007ffcd3a60000 - 0x00007ffcd3b37000 	C:\WINDOWS\System32\OLEAUT32.dll
0x00007ffcd1a80000 - 0x00007ffcd1abd000 	C:\WINDOWS\SYSTEM32\dbgcore.DLL
0x00007ffcd2310000 - 0x00007ffcd23a9000 	C:\WINDOWS\System32\bcryptPrimitives.dll
0x00007ffcc9550000 - 0x00007ffcc9560000 	D:\soft\jdk21\bin\instrument.dll
0x00007ffcb8d10000 - 0x00007ffcb8d31000 	D:\soft\jdk21\bin\java.dll

dbghelp: loaded successfully - version: 4.0.5 - missing functions: none
symbol engine: initialized successfully - sym options: 0x614 - pdb path: .;D:\soft\jdk21\bin;C:\WINDOWS\SYSTEM32;C:\WINDOWS\WinSxS\amd64_microsoft.windows.common-controls_6595b64144ccf1df_6.0.26100.5074_none_3e0d6f78e32fd63f;D:\soft\jdk21\bin\server

VM Arguments:
jvm_args: -Dmaven.multiModuleProjectDirectory=D:\soft\idea_2023.3.7\data\sky-take-out -Djansi.passthrough=true -Dmaven.home=D:\maven\apache-maven-3.9.4 -Dclassworlds.conf=D:\maven\apache-maven-3.9.4\bin\m2.conf -Dmaven.ext.class.path=D:\soft\idea_2023.3.7\plugins\maven\lib\maven-event-listener.jar -javaagent:D:\soft\idea_2023.3.7\lib\idea_rt.jar=12247:D:\soft\idea_2023.3.7\bin -Dfile.encoding=UTF-8 -Dsun.stdout.encoding=UTF-8 -Dsun.stderr.encoding=UTF-8 
java_command: org.codehaus.classworlds.Launcher -Didea.version=2023.3.7 -s D:\maven\apache-maven-3.9.4\conf\settings.xml -DskipTests=true clean
java_class_path (initial): D:\maven\apache-maven-3.9.4\boot\plexus-classworlds-2.7.0.jar;D:\maven\apache-maven-3.9.4\boot\plexus-classworlds.license
Launcher Type: SUN_STANDARD

[Global flags]
     intx CICompilerCount                          = 12                                        {product} {ergonomic}
     uint ConcGCThreads                            = 5                                         {product} {ergonomic}
     uint G1ConcRefinementThreads                  = 18                                        {product} {ergonomic}
   size_t G1HeapRegionSize                         = 2097152                                   {product} {ergonomic}
    uintx GCDrainStackTargetSize                   = 64                                        {product} {ergonomic}
   size_t InitialHeapSize                          = 264241152                                 {product} {ergonomic}
   size_t MarkStackSize                            = 4194304                                   {product} {ergonomic}
   size_t MaxHeapSize                              = 4217372672                                {product} {ergonomic}
   size_t MinHeapDeltaBytes                        = 2097152                                   {product} {ergonomic}
   size_t MinHeapSize                              = 8388608                                   {product} {ergonomic}
    uintx NonNMethodCodeHeapSize                   = 7602480                                {pd product} {ergonomic}
    uintx NonProfiledCodeHeapSize                  = 122027880                              {pd product} {ergonomic}
    uintx ProfiledCodeHeapSize                     = 122027880                              {pd product} {ergonomic}
    uintx ReservedCodeCacheSize                    = 251658240                              {pd product} {ergonomic}
     bool SegmentedCodeCache                       = true                                      {product} {ergonomic}
   size_t SoftMaxHeapSize                          = 4217372672                             {manageable} {ergonomic}
     bool UseCompressedOops                        = true                           {product lp64_product} {ergonomic}
     bool UseG1GC                                  = true                                      {product} {ergonomic}
     bool UseLargePagesIndividualAllocation        = false                                  {pd product} {ergonomic}

Logging:
Log output configuration:
 #0: stdout all=warning uptime,level,tags foldmultilines=false
 #1: stderr all=off uptime,level,tags foldmultilines=false

Environment Variables:
JAVA_HOME=D:\jdk21
CLASSPATH=.;%JAVA_HOME%\lib\dt.jar;%JAVA_HOME%\lib\tools.jar
PATH=D:\ĐéÄâ»ú\VMware\bin\;D:;VMware\bin\;E:\bin\;C:\windows\system32;D:\jdk21\bin;C:\windows;C:\windows\System32\Wbem;C:\windows\System32\WindowsPowerShell\v1.0\;C:\windows\System32\OpenSSH\;C:\Program Files (x86)\NVIDIA Corporation\PhysX\Common;C:\Users\Administrator\AppData\Local\Microsoft\WindowsApps;C:\Program Files\HP\OMEN-Broadcast\Common;C:\WINDOWS\system32;C:\WINDOWS;C:\WINDOWS\System32\Wbem;C:\WINDOWS\System32\WindowsPowerShell\v1.0\;C:\WINDOWS\System32\OpenSSH\;C:\Program Files (x86)\Windows Kits\10\Windows Performance Toolkit\;C:\Program Files\Microsoft SQL Server\130\Tools\Binn\;C:\Program Files\NVIDIA Corporation\NVIDIA app\NvDLISR;D:\maltab\runtime\win64;D:\maltab\bin;D:\mysql\mysql-8.0.26-winx64\bin;D:\maven\apache-maven-3.9.4\bin;D:\jdk21\bin;D:\NodeJS\;C:\Program Files\Git\cmd;C:\Users\59553\AppData\Local\Temp\_MEI347522\PyQt5\Qt5\bin;C:\Users\59553\AppData\Local\Temp\_MEI347522;C:\Users\59553\AppData\Local\Temp\_MEI347522\pywin32_system32;C:\Program Files\Common Files\Oracle\Java\javapath;E:\bin\;C:\windows\system32;C:\windows;C:\windows\System32\Wbem;C:\windows\System32\WindowsPowerShell\v1.0\;C:\windows\System32\OpenSSH\;C:\Program Files (x86)\NVIDIA Corporation\PhysX\Common;C:\Users\Administrator\AppData\Local\Microsoft\WindowsApps;C:\Program Files\HP\OMEN-Broadcast\Common;C:\WINDOWS\system32;C:\WINDOWS;C:\WINDOWS\System32\Wbem;C:\WINDOWS\System32\WindowsPowerShell\v1.0\;C:\WINDOWS\System32\OpenSSH\;C:\Program Files (x86)\Windows Kits\10\Windows Performance Toolkit\;C:\Program Files\Microsoft SQL Server\130\Tools\Binn\;C:\Program Files\NVIDIA Corporation\NVIDIA app\NvDLISR;D:\maltab\runtime\win64;D:\maltab\bin;D:\mysql\mysql-8.0.26-winx64\bin;D:\python3\Scripts\;D:\python3\;C:\Users\59553\AppData\Local\Programs\Python\Launcher\;C:\Users\59553\AppData\Local\Programs\Python\Pytho;D:\visual studio code\Microsoft VS Code\bin;D:\DataGrip\DataGrip 2024.1.1\bin;;C:\Users\59553\AppData\Roaming\npm;D:\Antigravity\Antigravity\bin
USERNAME=59553
OS=Windows_NT
PROCESSOR_IDENTIFIER=Intel64 Family 6 Model 183 Stepping 1, GenuineIntel
TMP=C:\Users\59553\AppData\Local\Temp
TEMP=C:\Users\59553\AppData\Local\Temp




Periodic native trim disabled

---------------  S Y S T E M  ---------------

OS:
 Windows 11 , 64 bit Build 26100 (10.0.26100.5074)
OS uptime: 3 days 19:51 hours
Hyper-V role detected

CPU: total 24 (initial active 24) (12 cores per cpu, 2 threads per core) family 6 model 183 stepping 1 microcode 0x129, cx8, cmov, fxsr, ht, mmx, 3dnowpref, sse, sse2, sse3, ssse3, sse4.1, sse4.2, popcnt, lzcnt, tsc, tscinvbit, avx, avx2, aes, erms, clmul, bmi1, bmi2, adx, sha, fma, vzeroupper, clflush, clflushopt, clwb, hv, serialize, rdtscp, rdpid, fsrm, f16c, cet_ibt, cet_ss
Processor Information for processor 0
  Max Mhz: 2200, Current Mhz: 2200, Mhz Limit: 2200
Processor Information for processor 1
  Max Mhz: 2200, Current Mhz: 2200, Mhz Limit: 2200
Processor Information for processor 2
  Max Mhz: 2200, Current Mhz: 2200, Mhz Limit: 2200
Processor Information for processor 3
  Max Mhz: 2200, Current Mhz: 2200, Mhz Limit: 2200
Processor Information for processor 4
  Max Mhz: 2200, Current Mhz: 2200, Mhz Limit: 2200
Processor Information for processor 5
  Max Mhz: 2200, Current Mhz: 2200, Mhz Limit: 2200
Processor Information for processor 6
  Max Mhz: 2200, Current Mhz: 2200, Mhz Limit: 2200
Processor Information for processor 7
  Max Mhz: 2200, Current Mhz: 2200, Mhz Limit: 2200
Processor Information for processor 8
  Max Mhz: 2200, Current Mhz: 2200, Mhz Limit: 2200
Processor Information for processor 9
  Max Mhz: 2200, Current Mhz: 2200, Mhz Limit: 2200
Processor Information for processor 10
  Max Mhz: 2200, Current Mhz: 2200, Mhz Limit: 2200
Processor Information for processor 11
  Max Mhz: 2200, Current Mhz: 2200, Mhz Limit: 2200
Processor Information for processor 12
  Max Mhz: 2200, Current Mhz: 2200, Mhz Limit: 2200
Processor Information for processor 13
  Max Mhz: 2200, Current Mhz: 2200, Mhz Limit: 2200
Processor Information for processor 14
  Max Mhz: 2200, Current Mhz: 2200, Mhz Limit: 2200
Processor Information for processor 15
  Max Mhz: 2200, Current Mhz: 2200, Mhz Limit: 2200
Processor Information for processor 16
  Max Mhz: 2200, Current Mhz: 2200, Mhz Limit: 2200
Processor Information for processor 17
  Max Mhz: 2200, Current Mhz: 1512, Mhz Limit: 2200
Processor Information for processor 18
  Max Mhz: 2200, Current Mhz: 1512, Mhz Limit: 2200
Processor Information for processor 19
  Max Mhz: 2200, Current Mhz: 1512, Mhz Limit: 2200
Processor Information for processor 20
  Max Mhz: 2200, Current Mhz: 1512, Mhz Limit: 2200
Processor Information for processor 21
  Max Mhz: 2200, Current Mhz: 1512, Mhz Limit: 2200
Processor Information for processor 22
  Max Mhz: 2200, Current Mhz: 1512, Mhz Limit: 2200
Processor Information for processor 23
  Max Mhz: 2200, Current Mhz: 1512, Mhz Limit: 2200

Memory: 4k page, system-wide physical 16087M (793M free)
TotalPageFile size 49853M (AvailPageFile size 188M)
current process WorkingSet (physical memory assigned to process): 13M, peak: 13M
current process commit charge ("private bytes"): 81M, peak: 333M

vm_info: Java HotSpot(TM) 64-Bit Server VM (21.0.10+8-LTS-217) for windows-amd64 JRE (21.0.10+8-LTS-217), built on 2025-12-18T14:59:28Z by "mach5run" with MS VC++ 17.13 (VS2022)

END.
