#
# There is insufficient memory for the Java Runtime Environment to continue.
# Native memory allocation (malloc) failed to allocate 2311536 bytes for Chunk::new
# Possible reasons:
#   The system is out of physical RAM or swap space
#   The process is running with CompressedOops enabled, and the Java Heap may be blocking the growth of the native heap
# Possible solutions:
#   Reduce memory load on the system
#   Increase physical memory or swap space
#   Check if swap backing store is full
#   Decrease Java heap size (-Xmx/-Xms)
#   Decrease number of Java threads
#   Decrease Java thread stack sizes (-Xss)
#   Set larger code cache with -XX:ReservedCodeCacheSize=
#   JVM is running with Unscaled Compressed Oops mode in which the Java heap is
#     placed in the first 4GB address space. The Java Heap base address is the
#     maximum limit for the native heap growth. Please use -XX:HeapBaseMinAddress
#     to set the Java Heap base and to place the Java Heap above 4GB virtual address.
# This output file may be truncated or incomplete.
#
#  Out of Memory Error (arena.cpp:189), pid=39844, tid=12048
#
# JRE version: OpenJDK Runtime Environment Temurin-17.0.4.1+1 (17.0.4.1+1) (build 17.0.4.1+1)
# Java VM: OpenJDK 64-Bit Server VM Temurin-17.0.4.1+1 (17.0.4.1+1, mixed mode, tiered, compressed oops, compressed class ptrs, parallel gc, windows-amd64)
# No core dump will be written. Minidumps are not enabled by default on client versions of Windows
#

---------------  S U M M A R Y ------------

Command Line: --add-modules=ALL-SYSTEM --add-opens=java.base/java.util=ALL-UNNAMED --add-opens=java.base/java.lang=ALL-UNNAMED --add-opens=java.base/sun.nio.fs=ALL-UNNAMED -Declipse.application=org.eclipse.jdt.ls.core.id1 -Dosgi.bundles.defaultStartLevel=4 -Declipse.product=org.eclipse.jdt.ls.core.product -Djava.import.generatesMetadataFilesAtProjectRoot=false -Dfile.encoding=utf8 -XX:+UseParallelGC -XX:GCTimeRatio=4 -XX:AdaptiveSizePolicyWeight=90 -Dsun.zip.disableMemoryMapping=true -Xmx1G -Xms100m -Xlog:disable -javaagent:c:\Users\59553\.antigravity\extensions\redhat.java-1.12.0-win32-x64\lombok\lombok-1.18.24.jar -XX:+HeapDumpOnOutOfMemoryError -XX:HeapDumpPath=c:\Users\59553\AppData\Roaming\Antigravity\User\workspaceStorage\74d62bd06157901407eed9eddba0cf6c\redhat.java c:\Users\59553\.antigravity\extensions\redhat.java-1.12.0-win32-x64\server\plugins\org.eclipse.equinox.launcher_1.6.400.v20210924-0641.jar -configuration c:\Users\59553\AppData\Roaming\Antigravity\User\globalStorage\redhat.java\1.12.0\config_win -data c:\Users\59553\AppData\Roaming\Antigravity\User\workspaceStorage\74d62bd06157901407eed9eddba0cf6c\redhat.java\jdt_ws

Host: Intel(R) Core(TM) i7-14650HX, 24 cores, 15G,  Windows 11 , 64 bit Build 26100 (10.0.26100.5074)
Time: Sun Mar 22 11:15:34 2026  Windows 11 , 64 bit Build 26100 (10.0.26100.5074) elapsed time: 5.477723 seconds (0d 0h 0m 5s)

---------------  T H R E A D  ---------------

Current thread (0x000001527cddcb20):  JavaThread "C2 CompilerThread2" daemon [_thread_in_native, id=12048, stack(0x0000002ce0600000,0x0000002ce0700000)]


Current CompileTask:
C2:   5477 3479   !   4       org.eclipse.osgi.internal.loader.classpath.ClasspathManager::findClassImpl (308 bytes)

Stack: [0x0000002ce0600000,0x0000002ce0700000]
Native frames: (J=compiled Java code, j=interpreted, Vv=VM code, C=native code)
V  [jvm.dll+0x67731a]
V  [jvm.dll+0x832284]
V  [jvm.dll+0x833a2e]
V  [jvm.dll+0x834093]
V  [jvm.dll+0x245775]
V  [jvm.dll+0xabd7b]
V  [jvm.dll+0xac30c]
V  [jvm.dll+0x363a42]
V  [jvm.dll+0x1bbf38]
V  [jvm.dll+0x2187d9]
V  [jvm.dll+0x217aa1]
V  [jvm.dll+0x1a3f8d]
V  [jvm.dll+0x227498]
V  [jvm.dll+0x2255e5]
V  [jvm.dll+0x7e7e9b]
V  [jvm.dll+0x7e240a]
V  [jvm.dll+0x6761a5]
C  [ucrtbase.dll+0x37b0]
C  [KERNEL32.DLL+0x2e8d7]
C  [ntdll.dll+0x8d9c]


---------------  P R O C E S S  ---------------

Threads class SMR info:
_java_thread_list=0x000001527cd61f80, length=52, elements={
0x0000015260cf9560, 0x0000015274b7ae00, 0x0000015274b7c990, 0x00000152767db770,
0x00000152767dd040, 0x00000152767dec10, 0x00000152767e14e0, 0x00000152767e6ad0,
0x0000015276812380, 0x0000015276813be0, 0x0000015260d5e550, 0x000001527694be50,
0x000001527694d100, 0x0000015276a0b020, 0x00000152796773f0, 0x0000015279ddf970,
0x000001527a08c130, 0x000001527a08e610, 0x000001527a08f6e0, 0x000001527a05f240,
0x000001527a05fb20, 0x0000015279dd2570, 0x000001527a254ca0, 0x0000015279db78e0,
0x0000015279db6a70, 0x0000015279db8280, 0x0000015279db8750, 0x0000015279db5c00,
0x0000015279db6f40, 0x0000015279db7410, 0x0000015279db60d0, 0x0000015279db7db0,
0x0000015279db5260, 0x0000015279db5730, 0x000001527a5bc980, 0x000001527a5bdcc0,
0x000001527a5bce50, 0x000001527a5bd320, 0x000001527a5bb170, 0x000001527a5be190,
0x000001527a5bb640, 0x000001527a5bbfe0, 0x000001527a5bd7f0, 0x000001527a5bbb10,
0x000001527a5baca0, 0x000001527a5bf000, 0x000001527a5bf4d0, 0x000001527a5bf9a0,
0x000001527a5bfe70, 0x000001527cddcb20, 0x000001527a5bc4b0, 0x000001527a5c0340
}

Java Threads: ( => current thread )
  0x0000015260cf9560 JavaThread "main" [_thread_blocked, id=46636, stack(0x0000002cdc600000,0x0000002cdc700000)]
  0x0000015274b7ae00 JavaThread "Reference Handler" daemon [_thread_blocked, id=27968, stack(0x0000002cdc900000,0x0000002cdca00000)]
  0x0000015274b7c990 JavaThread "Finalizer" daemon [_thread_blocked, id=22852, stack(0x0000002cdca00000,0x0000002cdcb00000)]
  0x00000152767db770 JavaThread "Signal Dispatcher" daemon [_thread_blocked, id=35116, stack(0x0000002cdcb00000,0x0000002cdcc00000)]
  0x00000152767dd040 JavaThread "Attach Listener" daemon [_thread_blocked, id=47136, stack(0x0000002cdcc00000,0x0000002cdcd00000)]
  0x00000152767dec10 JavaThread "Service Thread" daemon [_thread_blocked, id=13292, stack(0x0000002cdcd00000,0x0000002cdce00000)]
  0x00000152767e14e0 JavaThread "Monitor Deflation Thread" daemon [_thread_blocked, id=45292, stack(0x0000002cdce00000,0x0000002cdcf00000)]
  0x00000152767e6ad0 JavaThread "C2 CompilerThread0" daemon [_thread_in_native, id=16604, stack(0x0000002cdcf00000,0x0000002cdd000000)]
  0x0000015276812380 JavaThread "C1 CompilerThread0" daemon [_thread_blocked, id=3988, stack(0x0000002cdd000000,0x0000002cdd100000)]
  0x0000015276813be0 JavaThread "Sweeper thread" daemon [_thread_blocked, id=16124, stack(0x0000002cdd100000,0x0000002cdd200000)]
  0x0000015260d5e550 JavaThread "Common-Cleaner" daemon [_thread_blocked, id=32820, stack(0x0000002cdd200000,0x0000002cdd300000)]
  0x000001527694be50 JavaThread "C1 CompilerThread1" daemon [_thread_blocked, id=38720, stack(0x0000002cdd300000,0x0000002cdd400000)]
  0x000001527694d100 JavaThread "C1 CompilerThread2" daemon [_thread_blocked, id=13220, stack(0x0000002cdd400000,0x0000002cdd500000)]
  0x0000015276a0b020 JavaThread "C2 CompilerThread1" daemon [_thread_in_native, id=35596, stack(0x0000002cdd500000,0x0000002cdd600000)]
  0x00000152796773f0 JavaThread "Notification Thread" daemon [_thread_blocked, id=9416, stack(0x0000002cdd800000,0x0000002cdd900000)]
  0x0000015279ddf970 JavaThread "Equinox resolver thread - Equinox Container: b06f3534-37bd-4a34-95bb-19de754c471a" daemon [_thread_blocked, id=54996, stack(0x0000002cdd600000,0x0000002cdd700000)]
  0x000001527a08c130 JavaThread "Equinox resolver thread - Equinox Container: b06f3534-37bd-4a34-95bb-19de754c471a" daemon [_thread_blocked, id=45524, stack(0x0000002cddf00000,0x0000002cde000000)]
  0x000001527a08e610 JavaThread "Equinox resolver thread - Equinox Container: b06f3534-37bd-4a34-95bb-19de754c471a" daemon [_thread_blocked, id=39908, stack(0x0000002cde000000,0x0000002cde100000)]
  0x000001527a08f6e0 JavaThread "Equinox resolver thread - Equinox Container: b06f3534-37bd-4a34-95bb-19de754c471a" daemon [_thread_blocked, id=14412, stack(0x0000002cde100000,0x0000002cde200000)]
  0x000001527a05f240 JavaThread "Equinox resolver thread - Equinox Container: b06f3534-37bd-4a34-95bb-19de754c471a" daemon [_thread_blocked, id=29100, stack(0x0000002cde200000,0x0000002cde300000)]
  0x000001527a05fb20 JavaThread "Equinox resolver thread - Equinox Container: b06f3534-37bd-4a34-95bb-19de754c471a" daemon [_thread_blocked, id=20804, stack(0x0000002cde300000,0x0000002cde400000)]
  0x0000015279dd2570 JavaThread "Active Thread: Equinox Container: b06f3534-37bd-4a34-95bb-19de754c471a" [_thread_blocked, id=20580, stack(0x0000002cde400000,0x0000002cde500000)]
  0x000001527a254ca0 JavaThread "Framework Event Dispatcher: Equinox Container: b06f3534-37bd-4a34-95bb-19de754c471a" daemon [_thread_blocked, id=44488, stack(0x0000002cde500000,0x0000002cde600000)]
  0x0000015279db78e0 JavaThread "Start Level: Equinox Container: b06f3534-37bd-4a34-95bb-19de754c471a" daemon [_thread_in_vm, id=4964, stack(0x0000002cde600000,0x0000002cde700000)]
  0x0000015279db6a70 JavaThread "Refresh Thread: Equinox Container: b06f3534-37bd-4a34-95bb-19de754c471a" daemon [_thread_blocked, id=45876, stack(0x0000002cdea00000,0x0000002cdeb00000)]
  0x0000015279db8280 JavaThread "Equinox resolver thread - Equinox Container: b06f3534-37bd-4a34-95bb-19de754c471a" daemon [_thread_blocked, id=53792, stack(0x0000002cdeb00000,0x0000002cdec00000)]
  0x0000015279db8750 JavaThread "Equinox resolver thread - Equinox Container: b06f3534-37bd-4a34-95bb-19de754c471a" daemon [_thread_blocked, id=2756, stack(0x0000002cdec00000,0x0000002cded00000)]
  0x0000015279db5c00 JavaThread "Equinox resolver thread - Equinox Container: b06f3534-37bd-4a34-95bb-19de754c471a" daemon [_thread_blocked, id=30420, stack(0x0000002cded00000,0x0000002cdee00000)]
  0x0000015279db6f40 JavaThread "Equinox resolver thread - Equinox Container: b06f3534-37bd-4a34-95bb-19de754c471a" daemon [_thread_blocked, id=47316, stack(0x0000002cdee00000,0x0000002cdef00000)]
  0x0000015279db7410 JavaThread "Equinox resolver thread - Equinox Container: b06f3534-37bd-4a34-95bb-19de754c471a" daemon [_thread_blocked, id=55256, stack(0x0000002cdef00000,0x0000002cdf000000)]
  0x0000015279db60d0 JavaThread "Equinox resolver thread - Equinox Container: b06f3534-37bd-4a34-95bb-19de754c471a" daemon [_thread_blocked, id=22440, stack(0x0000002cdf000000,0x0000002cdf100000)]
  0x0000015279db7db0 JavaThread "Equinox resolver thread - Equinox Container: b06f3534-37bd-4a34-95bb-19de754c471a" daemon [_thread_blocked, id=49876, stack(0x0000002cdf100000,0x0000002cdf200000)]
  0x0000015279db5260 JavaThread "Equinox resolver thread - Equinox Container: b06f3534-37bd-4a34-95bb-19de754c471a" daemon [_thread_blocked, id=53580, stack(0x0000002cdf200000,0x0000002cdf300000)]
  0x0000015279db5730 JavaThread "Equinox resolver thread - Equinox Container: b06f3534-37bd-4a34-95bb-19de754c471a" daemon [_thread_blocked, id=38296, stack(0x0000002cdf300000,0x0000002cdf400000)]
  0x000001527a5bc980 JavaThread "Equinox resolver thread - Equinox Container: b06f3534-37bd-4a34-95bb-19de754c471a" daemon [_thread_blocked, id=21224, stack(0x0000002cdf400000,0x0000002cdf500000)]
  0x000001527a5bdcc0 JavaThread "Equinox resolver thread - Equinox Container: b06f3534-37bd-4a34-95bb-19de754c471a" daemon [_thread_blocked, id=54568, stack(0x0000002cdf500000,0x0000002cdf600000)]
  0x000001527a5bce50 JavaThread "Equinox resolver thread - Equinox Container: b06f3534-37bd-4a34-95bb-19de754c471a" daemon [_thread_blocked, id=42224, stack(0x0000002cdf600000,0x0000002cdf700000)]
  0x000001527a5bd320 JavaThread "Equinox resolver thread - Equinox Container: b06f3534-37bd-4a34-95bb-19de754c471a" daemon [_thread_blocked, id=34580, stack(0x0000002cdf700000,0x0000002cdf800000)]
  0x000001527a5bb170 JavaThread "Equinox resolver thread - Equinox Container: b06f3534-37bd-4a34-95bb-19de754c471a" daemon [_thread_blocked, id=5224, stack(0x0000002cdf800000,0x0000002cdf900000)]
  0x000001527a5be190 JavaThread "Equinox resolver thread - Equinox Container: b06f3534-37bd-4a34-95bb-19de754c471a" daemon [_thread_blocked, id=45308, stack(0x0000002cdf900000,0x0000002cdfa00000)]
  0x000001527a5bb640 JavaThread "Equinox resolver thread - Equinox Container: b06f3534-37bd-4a34-95bb-19de754c471a" daemon [_thread_blocked, id=46984, stack(0x0000002cdfa00000,0x0000002cdfb00000)]
  0x000001527a5bbfe0 JavaThread "Equinox resolver thread - Equinox Container: b06f3534-37bd-4a34-95bb-19de754c471a" daemon [_thread_blocked, id=30048, stack(0x0000002cdfb00000,0x0000002cdfc00000)]
  0x000001527a5bd7f0 JavaThread "Equinox resolver thread - Equinox Container: b06f3534-37bd-4a34-95bb-19de754c471a" daemon [_thread_blocked, id=28932, stack(0x0000002cdfc00000,0x0000002cdfd00000)]
  0x000001527a5bbb10 JavaThread "SCR Component Actor" daemon [_thread_blocked, id=44448, stack(0x0000002cdfd00000,0x0000002cdfe00000)]
  0x000001527a5baca0 JavaThread "SCR Component Registry" daemon [_thread_blocked, id=48700, stack(0x0000002cdfe00000,0x0000002cdff00000)]
  0x000001527a5bf000 JavaThread "Worker-JM" [_thread_blocked, id=35388, stack(0x0000002ce0000000,0x0000002ce0100000)]
  0x000001527a5bf4d0 JavaThread "Worker-0: Repository registry initialization" [_thread_in_Java, id=9832, stack(0x0000002ce0400000,0x0000002ce0500000)]
  0x000001527a5bf9a0 JavaThread "Worker-1: Updating Maven Dependencies" [_thread_blocked, id=31372, stack(0x0000002ce0500000,0x0000002ce0600000)]
  0x000001527a5bfe70 JavaThread "Bundle File Closer" daemon [_thread_blocked, id=43288, stack(0x0000002cde700000,0x0000002cde800000)]
=>0x000001527cddcb20 JavaThread "C2 CompilerThread2" daemon [_thread_in_native, id=12048, stack(0x0000002ce0600000,0x0000002ce0700000)]
  0x000001527a5bc4b0 JavaThread "Java indexing" daemon [_thread_blocked, id=2020, stack(0x0000002ce0a00000,0x0000002ce0b00000)]
  0x000001527a5c0340 JavaThread "Worker-2" [_thread_blocked, id=45376, stack(0x0000002ce0b00000,0x0000002ce0c00000)]

Other Threads:
  0x0000015276788db0 VMThread "VM Thread" [stack: 0x0000002cdc800000,0x0000002cdc900000] [id=20752]
  0x00000152796780c0 WatcherThread [stack: 0x0000002cdd900000,0x0000002cdda00000] [id=44292]
  0x0000015260d0e7d0 GCTaskThread "GC Thread#0" [stack: 0x0000002cdc700000,0x0000002cdc800000] [id=50112]
  0x0000015279ef5610 GCTaskThread "GC Thread#1" [stack: 0x0000002cdda00000,0x0000002cddb00000] [id=33340]
  0x0000015279e0c9d0 GCTaskThread "GC Thread#2" [stack: 0x0000002cddb00000,0x0000002cddc00000] [id=28044]
  0x0000015279e345a0 GCTaskThread "GC Thread#3" [stack: 0x0000002cddc00000,0x0000002cddd00000] [id=55072]
  0x0000015279b35730 GCTaskThread "GC Thread#4" [stack: 0x0000002cddd00000,0x0000002cdde00000] [id=22872]
  0x0000015279b35df0 GCTaskThread "GC Thread#5" [stack: 0x0000002cdde00000,0x0000002cddf00000] [id=34552]
  0x000001527a20a8d0 GCTaskThread "GC Thread#6" [stack: 0x0000002cde800000,0x0000002cde900000] [id=3000]
  0x000001527a20ab80 GCTaskThread "GC Thread#7" [stack: 0x0000002cde900000,0x0000002cdea00000] [id=1904]
  0x000001527c187b70 GCTaskThread "GC Thread#8" [stack: 0x0000002cdff00000,0x0000002ce0000000] [id=29048]
  0x000001527c186e00 GCTaskThread "GC Thread#9" [stack: 0x0000002ce0100000,0x0000002ce0200000] [id=48304]
  0x000001527c1878c0 GCTaskThread "GC Thread#10" [stack: 0x0000002ce0200000,0x0000002ce0300000] [id=21292]
  0x000001527c186b50 GCTaskThread "GC Thread#11" [stack: 0x0000002ce0300000,0x0000002ce0400000] [id=48680]
  0x000001527c187610 GCTaskThread "GC Thread#12" [stack: 0x0000002ce0700000,0x0000002ce0800000] [id=52276]
  0x000001527c187360 GCTaskThread "GC Thread#13" [stack: 0x0000002ce0800000,0x0000002ce0900000] [id=52944]
  0x000001527c188380 GCTaskThread "GC Thread#14" [stack: 0x0000002ce0900000,0x0000002ce0a00000] [id=45380]
  0x000001527c84fdd0 GCTaskThread "GC Thread#15" [stack: 0x0000002ce0c00000,0x0000002ce0d00000] [id=49188]
  0x000001527c84f870 GCTaskThread "GC Thread#16" [stack: 0x0000002ce0d00000,0x0000002ce0e00000] [id=48220]
  0x000001527c850080 GCTaskThread "GC Thread#17" [stack: 0x0000002ce0e00000,0x0000002ce0f00000] [id=49232]

Threads with active compile tasks:
C2 CompilerThread0     5603 3785       4       sun.nio.cs.StreamDecoder::implRead (243 bytes)
C1 CompilerThread0     5603 3896       3       jdk.internal.org.objectweb.asm.ClassVisitor::<init> (88 bytes)
C1 CompilerThread1     5603 3894       3       jdk.internal.org.objectweb.asm.ClassWriter::<init> (68 bytes)
C1 CompilerThread2     5603 3898       3       jdk.internal.org.objectweb.asm.ClassWriter::visit (160 bytes)
C2 CompilerThread1     5603 3774       4       sun.nio.cs.UTF_8$Decoder::decodeArrayLoop (688 bytes)
C2 CompilerThread2     5603 3479   !   4       org.eclipse.osgi.internal.loader.classpath.ClasspathManager::findClassImpl (308 bytes)

VM state: not at safepoint (normal execution)

VM Mutex/Monitor currently owned by a thread:  ([mutex/lock_event])
[0x0000015260ce5330] CodeCache_lock - owner thread: 0x0000000000000000

Heap address: 0x00000000c0000000, size: 1024 MB, Compressed Oops mode: 32-bit

CDS archive(s) not mapped
Compressed class space mapped at: 0x0000000100000000-0x0000000140000000, reserved size: 1073741824
Narrow klass base: 0x0000000000000000, Narrow klass shift: 3, Narrow klass range: 0x140000000

GC Precious Log:
 CPUs: 24 total, 24 available
 Memory: 16087M
 Large Page Support: Disabled
 NUMA Support: Disabled
 Compressed Oops: Enabled (32-bit)
 Alignments: Space 512K, Generation 512K, Heap 2M
 Heap Min Capacity: 100M
 Heap Initial Capacity: 100M
 Heap Max Capacity: 1G
 Pre-touch: Disabled
 Parallel Workers: 18

Heap:
 PSYoungGen      total 26112K, used 8466K [0x00000000eab00000, 0x00000000ec900000, 0x0000000100000000)
  eden space 23552K, 27% used [0x00000000eab00000,0x00000000eb13a648,0x00000000ec200000)
  from space 2560K, 81% used [0x00000000ec500000,0x00000000ec70a400,0x00000000ec780000)
  to   space 1536K, 0% used [0x00000000ec780000,0x00000000ec780000,0x00000000ec900000)
 ParOldGen       total 68608K, used 11704K [0x00000000c0000000, 0x00000000c4300000, 0x00000000eab00000)
  object space 68608K, 17% used [0x00000000c0000000,0x00000000c0b6e200,0x00000000c4300000)
 Metaspace       used 34804K, committed 35392K, reserved 1081344K
  class space    used 3532K, committed 3776K, reserved 1048576K

Card table byte_map: [0x00000152606a0000,0x00000152608b0000] _byte_map_base: 0x00000152600a0000

Marking Bits: (ParMarkBitMap*) 0x00007ffdc7722cc0
 Begin Bits: [0x0000015272980000, 0x0000015273980000)
 End Bits:   [0x0000015273980000, 0x0000015274980000)

Polling page: 0x000001525ec70000

Metaspace:

Usage:
  Non-class:     30.54 MB used.
      Class:      3.45 MB used.
       Both:     33.99 MB used.

Virtual space:
  Non-class space:       32.00 MB reserved,      30.88 MB ( 96%) committed,  4 nodes.
      Class space:        1.00 GB reserved,       3.69 MB ( <1%) committed,  1 nodes.
             Both:        1.03 GB reserved,      34.56 MB (  3%) committed. 

Chunk freelists:
   Non-Class:  1.04 MB
       Class:  351.00 KB
        Both:  1.38 MB

MaxMetaspaceSize: unlimited
CompressedClassSpaceSize: 1.00 GB
Initial GC threshold: 21.00 MB
Current GC threshold: 35.00 MB
CDS: off
MetaspaceReclaimPolicy: balanced
 - commit_granule_bytes: 65536.
 - commit_granule_words: 8192.
 - virtual_space_node_default_size: 1048576.
 - enlarge_chunks_in_place: 1.
 - new_chunks_are_fully_committed: 0.
 - uncommit_free_chunks: 1.
 - use_allocation_guard: 0.
 - handle_deallocations: 1.


Internal statistics:

num_allocs_failed_limit: 3.
num_arena_births: 230.
num_arena_deaths: 14.
num_vsnodes_births: 5.
num_vsnodes_deaths: 0.
num_space_committed: 553.
num_space_uncommitted: 0.
num_chunks_returned_to_freelist: 17.
num_chunks_taken_from_freelist: 1249.
num_chunk_merges: 7.
num_chunk_splits: 842.
num_chunks_enlarged: 597.
num_purges: 2.
num_inconsistent_stats: 0.

CodeHeap 'non-profiled nmethods': size=119168Kb used=1688Kb max_used=1688Kb free=117479Kb
 bounds [0x000001526b520000, 0x000001526b790000, 0x0000015272980000]
CodeHeap 'profiled nmethods': size=119104Kb used=8308Kb max_used=8308Kb free=110795Kb
 bounds [0x00000152640d0000, 0x00000152648f0000, 0x000001526b520000]
CodeHeap 'non-nmethods': size=7488Kb used=2379Kb max_used=2961Kb free=5108Kb
 bounds [0x0000015263980000, 0x0000015263c70000, 0x00000152640d0000]
 total_blobs=4437 nmethods=3866 adapters=483
 compilation: enabled
              stopped_count=0, restarted_count=0
 full_count=0

Compilation events (20 events):
Event: 3.438 Thread 0x000001527694be50 3723       3       java.lang.reflect.Method::getAnnotation (6 bytes)
Event: 3.438 Thread 0x00000152795ece70 3724       3       java.lang.reflect.Executable::getAnnotation (23 bytes)
Event: 3.438 Thread 0x0000015276812380 nmethod 3722 0x000001526b69f990 code [0x000001526b69fb20, 0x000001526b69fbf8]
Event: 3.438 Thread 0x0000015276812380 3725       3       com.google.common.collect.AbstractIndexedListIterator::hasNext (17 bytes)
Event: 3.438 Thread 0x000001527694d100 nmethod 3718 0x000001526488dc90 code [0x000001526488dfe0, 0x000001526488f658]
Event: 3.438 Thread 0x000001527694be50 nmethod 3723 0x000001526488fe10 code [0x0000015264890020, 0x0000015264890708]
Event: 3.438 Thread 0x0000015276812380 nmethod 3725 0x0000015264890990 code [0x0000015264890b20, 0x0000015264890c98]
Event: 3.439 Thread 0x00000152795ece70 nmethod 3724 0x0000015264890d10 code [0x0000015264890f20, 0x00000152648915a8]
Event: 3.442 Thread 0x00000152795ece70 3727       3       java.lang.Class::privateGetDeclaredMethods (64 bytes)
Event: 3.442 Thread 0x00000152795ece70 nmethod 3727 0x0000015264891810 code [0x0000015264891a20, 0x0000015264892158]
Event: 3.442 Thread 0x0000015276812380 3728       3       java.lang.System$2::getConstantPool (5 bytes)
Event: 3.442 Thread 0x0000015276812380 nmethod 3728 0x0000015264892390 code [0x0000015264892540, 0x0000015264892688]
Event: 3.442 Thread 0x000001527694be50 3729       3       sun.reflect.generics.parser.SignatureParser::skipIdentifier (67 bytes)
Event: 3.443 Thread 0x000001527694be50 nmethod 3729 0x0000015264892790 code [0x00000152648929a0, 0x0000015264892f28]
Event: 3.443 Thread 0x00000152795ece70 3730       3       jdk.internal.org.objectweb.asm.MethodWriter::computeAllFrames (510 bytes)
Event: 3.443 Thread 0x00000152767e6ad0 nmethod 3622 0x000001526b69fc90 code [0x000001526b69fe40, 0x000001526b6a0458]
Event: 3.443 Thread 0x00000152767e6ad0 3726   !   4       org.eclipse.osgi.storage.bundlefile.CloseableBundleFile::getEntry (28 bytes)
Event: 3.444 Thread 0x000001527694be50 3731       3       java.lang.reflect.ProxyGenerator::dotToSlash (9 bytes)
Event: 3.444 Thread 0x000001527694be50 nmethod 3731 0x0000015264893110 code [0x00000152648932a0, 0x00000152648933c8]
Event: 3.444 Thread 0x00000152795ece70 nmethod 3730 0x0000015264893490 code [0x00000152648937c0, 0x0000015264894a68]

GC Heap History (18 events):
Event: 0.469 GC heap before
{Heap before GC invocations=1 (full 0):
 PSYoungGen      total 29696K, used 25600K [0x00000000eab00000, 0x00000000ecc00000, 0x0000000100000000)
  eden space 25600K, 100% used [0x00000000eab00000,0x00000000ec400000,0x00000000ec400000)
  from space 4096K, 0% used [0x00000000ec800000,0x00000000ec800000,0x00000000ecc00000)
  to   space 4096K, 0% used [0x00000000ec400000,0x00000000ec400000,0x00000000ec800000)
 ParOldGen       total 68608K, used 0K [0x00000000c0000000, 0x00000000c4300000, 0x00000000eab00000)
  object space 68608K, 0% used [0x00000000c0000000,0x00000000c0000000,0x00000000c4300000)
 Metaspace       used 10416K, committed 10560K, reserved 1064960K
  class space    used 1035K, committed 1088K, reserved 1048576K
}
Event: 0.473 GC heap after
{Heap after GC invocations=1 (full 0):
 PSYoungGen      total 29696K, used 3232K [0x00000000eab00000, 0x00000000ecc00000, 0x0000000100000000)
  eden space 25600K, 0% used [0x00000000eab00000,0x00000000eab00000,0x00000000ec400000)
  from space 4096K, 78% used [0x00000000ec400000,0x00000000ec728218,0x00000000ec800000)
  to   space 4096K, 0% used [0x00000000ec800000,0x00000000ec800000,0x00000000ecc00000)
 ParOldGen       total 68608K, used 16K [0x00000000c0000000, 0x00000000c4300000, 0x00000000eab00000)
  object space 68608K, 0% used [0x00000000c0000000,0x00000000c0004000,0x00000000c4300000)
 Metaspace       used 10416K, committed 10560K, reserved 1064960K
  class space    used 1035K, committed 1088K, reserved 1048576K
}
Event: 0.815 GC heap before
{Heap before GC invocations=2 (full 0):
 PSYoungGen      total 29696K, used 28832K [0x00000000eab00000, 0x00000000ecc00000, 0x0000000100000000)
  eden space 25600K, 100% used [0x00000000eab00000,0x00000000ec400000,0x00000000ec400000)
  from space 4096K, 78% used [0x00000000ec400000,0x00000000ec728218,0x00000000ec800000)
  to   space 4096K, 0% used [0x00000000ec800000,0x00000000ec800000,0x00000000ecc00000)
 ParOldGen       total 68608K, used 16K [0x00000000c0000000, 0x00000000c4300000, 0x00000000eab00000)
  object space 68608K, 0% used [0x00000000c0000000,0x00000000c0004000,0x00000000c4300000)
 Metaspace       used 13600K, committed 13760K, reserved 1064960K
  class space    used 1357K, committed 1408K, reserved 1048576K
}
Event: 0.818 GC heap after
{Heap after GC invocations=2 (full 0):
 PSYoungGen      total 29696K, used 4076K [0x00000000eab00000, 0x00000000ecc00000, 0x0000000100000000)
  eden space 25600K, 0% used [0x00000000eab00000,0x00000000eab00000,0x00000000ec400000)
  from space 4096K, 99% used [0x00000000ec800000,0x00000000ecbfb210,0x00000000ecc00000)
  to   space 4096K, 0% used [0x00000000ec400000,0x00000000ec400000,0x00000000ec800000)
 ParOldGen       total 68608K, used 869K [0x00000000c0000000, 0x00000000c4300000, 0x00000000eab00000)
  object space 68608K, 1% used [0x00000000c0000000,0x00000000c00d96f8,0x00000000c4300000)
 Metaspace       used 13600K, committed 13760K, reserved 1064960K
  class space    used 1357K, committed 1408K, reserved 1048576K
}
Event: 1.026 GC heap before
{Heap before GC invocations=3 (full 0):
 PSYoungGen      total 29696K, used 29676K [0x00000000eab00000, 0x00000000ecc00000, 0x0000000100000000)
  eden space 25600K, 100% used [0x00000000eab00000,0x00000000ec400000,0x00000000ec400000)
  from space 4096K, 99% used [0x00000000ec800000,0x00000000ecbfb210,0x00000000ecc00000)
  to   space 4096K, 0% used [0x00000000ec400000,0x00000000ec400000,0x00000000ec800000)
 ParOldGen       total 68608K, used 869K [0x00000000c0000000, 0x00000000c4300000, 0x00000000eab00000)
  object space 68608K, 1% used [0x00000000c0000000,0x00000000c00d96f8,0x00000000c4300000)
 Metaspace       used 14089K, committed 14272K, reserved 1064960K
  class space    used 1392K, committed 1472K, reserved 1048576K
}
Event: 1.032 GC heap after
{Heap after GC invocations=3 (full 0):
 PSYoungGen      total 29696K, used 4091K [0x00000000eab00000, 0x00000000ecc00000, 0x0000000100000000)
  eden space 25600K, 0% used [0x00000000eab00000,0x00000000eab00000,0x00000000ec400000)
  from space 4096K, 99% used [0x00000000ec400000,0x00000000ec7fef88,0x00000000ec800000)
  to   space 4096K, 0% used [0x00000000ec800000,0x00000000ec800000,0x00000000ecc00000)
 ParOldGen       total 68608K, used 7184K [0x00000000c0000000, 0x00000000c4300000, 0x00000000eab00000)
  object space 68608K, 10% used [0x00000000c0000000,0x00000000c0704220,0x00000000c4300000)
 Metaspace       used 14089K, committed 14272K, reserved 1064960K
  class space    used 1392K, committed 1472K, reserved 1048576K
}
Event: 1.340 GC heap before
{Heap before GC invocations=4 (full 0):
 PSYoungGen      total 29696K, used 29691K [0x00000000eab00000, 0x00000000ecc00000, 0x0000000100000000)
  eden space 25600K, 100% used [0x00000000eab00000,0x00000000ec400000,0x00000000ec400000)
  from space 4096K, 99% used [0x00000000ec400000,0x00000000ec7fef88,0x00000000ec800000)
  to   space 4096K, 0% used [0x00000000ec800000,0x00000000ec800000,0x00000000ecc00000)
 ParOldGen       total 68608K, used 7184K [0x00000000c0000000, 0x00000000c4300000, 0x00000000eab00000)
  object space 68608K, 10% used [0x00000000c0000000,0x00000000c0704220,0x00000000c4300000)
 Metaspace       used 17881K, committed 18240K, reserved 1073152K
  class space    used 1798K, committed 1984K, reserved 1048576K
}
Event: 1.343 GC heap after
{Heap after GC invocations=4 (full 0):
 PSYoungGen      total 29696K, used 4086K [0x00000000eab00000, 0x00000000ecc00000, 0x0000000100000000)
  eden space 25600K, 0% used [0x00000000eab00000,0x00000000eab00000,0x00000000ec400000)
  from space 4096K, 99% used [0x00000000ec800000,0x00000000ecbfd840,0x00000000ecc00000)
  to   space 4096K, 0% used [0x00000000ec400000,0x00000000ec400000,0x00000000ec800000)
 ParOldGen       total 68608K, used 9063K [0x00000000c0000000, 0x00000000c4300000, 0x00000000eab00000)
  object space 68608K, 13% used [0x00000000c0000000,0x00000000c08d9e20,0x00000000c4300000)
 Metaspace       used 17881K, committed 18240K, reserved 1073152K
  class space    used 1798K, committed 1984K, reserved 1048576K
}
Event: 1.556 GC heap before
{Heap before GC invocations=5 (full 0):
 PSYoungGen      total 29696K, used 20501K [0x00000000eab00000, 0x00000000ecc00000, 0x0000000100000000)
  eden space 25600K, 64% used [0x00000000eab00000,0x00000000ebb07d28,0x00000000ec400000)
  from space 4096K, 99% used [0x00000000ec800000,0x00000000ecbfd840,0x00000000ecc00000)
  to   space 4096K, 0% used [0x00000000ec400000,0x00000000ec400000,0x00000000ec800000)
 ParOldGen       total 68608K, used 9063K [0x00000000c0000000, 0x00000000c4300000, 0x00000000eab00000)
  object space 68608K, 13% used [0x00000000c0000000,0x00000000c08d9e20,0x00000000c4300000)
 Metaspace       used 21079K, committed 21504K, reserved 1073152K
  class space    used 2098K, committed 2304K, reserved 1048576K
}
Event: 1.559 GC heap after
{Heap after GC invocations=5 (full 0):
 PSYoungGen      total 29696K, used 4073K [0x00000000eab00000, 0x00000000ed000000, 0x0000000100000000)
  eden space 25600K, 0% used [0x00000000eab00000,0x00000000eab00000,0x00000000ec400000)
  from space 4096K, 99% used [0x00000000ec400000,0x00000000ec7fa438,0x00000000ec800000)
  to   space 6144K, 0% used [0x00000000eca00000,0x00000000eca00000,0x00000000ed000000)
 ParOldGen       total 68608K, used 10623K [0x00000000c0000000, 0x00000000c4300000, 0x00000000eab00000)
  object space 68608K, 15% used [0x00000000c0000000,0x00000000c0a5fc28,0x00000000c4300000)
 Metaspace       used 21079K, committed 21504K, reserved 1073152K
  class space    used 2098K, committed 2304K, reserved 1048576K
}
Event: 1.559 GC heap before
{Heap before GC invocations=6 (full 1):
 PSYoungGen      total 29696K, used 4073K [0x00000000eab00000, 0x00000000ed000000, 0x0000000100000000)
  eden space 25600K, 0% used [0x00000000eab00000,0x00000000eab00000,0x00000000ec400000)
  from space 4096K, 99% used [0x00000000ec400000,0x00000000ec7fa438,0x00000000ec800000)
  to   space 6144K, 0% used [0x00000000eca00000,0x00000000eca00000,0x00000000ed000000)
 ParOldGen       total 68608K, used 10623K [0x00000000c0000000, 0x00000000c4300000, 0x00000000eab00000)
  object space 68608K, 15% used [0x00000000c0000000,0x00000000c0a5fc28,0x00000000c4300000)
 Metaspace       used 21079K, committed 21504K, reserved 1073152K
  class space    used 2098K, committed 2304K, reserved 1048576K
}
Event: 1.576 GC heap after
{Heap after GC invocations=6 (full 1):
 PSYoungGen      total 29696K, used 0K [0x00000000eab00000, 0x00000000ed000000, 0x0000000100000000)
  eden space 25600K, 0% used [0x00000000eab00000,0x00000000eab00000,0x00000000ec400000)
  from space 4096K, 0% used [0x00000000ec400000,0x00000000ec400000,0x00000000ec800000)
  to   space 6144K, 0% used [0x00000000eca00000,0x00000000eca00000,0x00000000ed000000)
 ParOldGen       total 68608K, used 10476K [0x00000000c0000000, 0x00000000c4300000, 0x00000000eab00000)
  object space 68608K, 15% used [0x00000000c0000000,0x00000000c0a3b0b0,0x00000000c4300000)
 Metaspace       used 21066K, committed 21504K, reserved 1073152K
  class space    used 2095K, committed 2304K, reserved 1048576K
}
Event: 1.855 GC heap before
{Heap before GC invocations=7 (full 1):
 PSYoungGen      total 29696K, used 25600K [0x00000000eab00000, 0x00000000ed000000, 0x0000000100000000)
  eden space 25600K, 100% used [0x00000000eab00000,0x00000000ec400000,0x00000000ec400000)
  from space 4096K, 0% used [0x00000000ec400000,0x00000000ec400000,0x00000000ec800000)
  to   space 6144K, 0% used [0x00000000eca00000,0x00000000eca00000,0x00000000ed000000)
 ParOldGen       total 68608K, used 10476K [0x00000000c0000000, 0x00000000c4300000, 0x00000000eab00000)
  object space 68608K, 15% used [0x00000000c0000000,0x00000000c0a3b0b0,0x00000000c4300000)
 Metaspace       used 24509K, committed 25024K, reserved 1073152K
  class space    used 2460K, committed 2688K, reserved 1048576K
}
Event: 1.857 GC heap after
{Heap after GC invocations=7 (full 1):
 PSYoungGen      total 28160K, used 2986K [0x00000000eab00000, 0x00000000ecd00000, 0x0000000100000000)
  eden space 25088K, 0% used [0x00000000eab00000,0x00000000eab00000,0x00000000ec380000)
  from space 3072K, 97% used [0x00000000eca00000,0x00000000ecceaa58,0x00000000ecd00000)
  to   space 4096K, 0% used [0x00000000ec500000,0x00000000ec500000,0x00000000ec900000)
 ParOldGen       total 68608K, used 10484K [0x00000000c0000000, 0x00000000c4300000, 0x00000000eab00000)
  object space 68608K, 15% used [0x00000000c0000000,0x00000000c0a3d0b0,0x00000000c4300000)
 Metaspace       used 24509K, committed 25024K, reserved 1073152K
  class space    used 2460K, committed 2688K, reserved 1048576K
}
Event: 2.062 GC heap before
{Heap before GC invocations=8 (full 1):
 PSYoungGen      total 28160K, used 28074K [0x00000000eab00000, 0x00000000ecd00000, 0x0000000100000000)
  eden space 25088K, 100% used [0x00000000eab00000,0x00000000ec380000,0x00000000ec380000)
  from space 3072K, 97% used [0x00000000eca00000,0x00000000ecceaa58,0x00000000ecd00000)
  to   space 4096K, 0% used [0x00000000ec500000,0x00000000ec500000,0x00000000ec900000)
 ParOldGen       total 68608K, used 10484K [0x00000000c0000000, 0x00000000c4300000, 0x00000000eab00000)
  object space 68608K, 15% used [0x00000000c0000000,0x00000000c0a3d0b0,0x00000000c4300000)
 Metaspace       used 27663K, committed 28160K, reserved 1081344K
  class space    used 2692K, committed 2880K, reserved 1048576K
}
Event: 2.064 GC heap after
{Heap after GC invocations=8 (full 1):
 PSYoungGen      total 28160K, used 3553K [0x00000000eab00000, 0x00000000ecb00000, 0x0000000100000000)
  eden space 24576K, 0% used [0x00000000eab00000,0x00000000eab00000,0x00000000ec300000)
  from space 3584K, 99% used [0x00000000ec500000,0x00000000ec8784b8,0x00000000ec880000)
  to   space 2560K, 0% used [0x00000000ec880000,0x00000000ec880000,0x00000000ecb00000)
 ParOldGen       total 68608K, used 10492K [0x00000000c0000000, 0x00000000c4300000, 0x00000000eab00000)
  object space 68608K, 15% used [0x00000000c0000000,0x00000000c0a3f0b0,0x00000000c4300000)
 Metaspace       used 27663K, committed 28160K, reserved 1081344K
  class space    used 2692K, committed 2880K, reserved 1048576K
}
Event: 3.297 GC heap before
{Heap before GC invocations=9 (full 1):
 PSYoungGen      total 28160K, used 28129K [0x00000000eab00000, 0x00000000ecb00000, 0x0000000100000000)
  eden space 24576K, 100% used [0x00000000eab00000,0x00000000ec300000,0x00000000ec300000)
  from space 3584K, 99% used [0x00000000ec500000,0x00000000ec8784b8,0x00000000ec880000)
  to   space 2560K, 0% used [0x00000000ec880000,0x00000000ec880000,0x00000000ecb00000)
 ParOldGen       total 68608K, used 10492K [0x00000000c0000000, 0x00000000c4300000, 0x00000000eab00000)
  object space 68608K, 15% used [0x00000000c0000000,0x00000000c0a3f0b0,0x00000000c4300000)
 Metaspace       used 30654K, committed 31232K, reserved 1081344K
  class space    used 2985K, committed 3200K, reserved 1048576K
}
Event: 3.299 GC heap after
{Heap after GC invocations=9 (full 1):
 PSYoungGen      total 26624K, used 2322K [0x00000000eab00000, 0x00000000ecb00000, 0x0000000100000000)
  eden space 24064K, 0% used [0x00000000eab00000,0x00000000eab00000,0x00000000ec280000)
  from space 2560K, 90% used [0x00000000ec880000,0x00000000ecac4980,0x00000000ecb00000)
  to   space 3072K, 0% used [0x00000000ec500000,0x00000000ec500000,0x00000000ec800000)
 ParOldGen       total 68608K, used 10500K [0x00000000c0000000, 0x00000000c4300000, 0x00000000eab00000)
  object space 68608K, 15% used [0x00000000c0000000,0x00000000c0a410b0,0x00000000c4300000)
 Metaspace       used 30654K, committed 31232K, reserved 1081344K
  class space    used 2985K, committed 3200K, reserved 1048576K
}

Deoptimization events (20 events):
Event: 3.383 Thread 0x000001527a5bf4d0 Uncommon trap: trap_request=0xffffff45 fr.pc=0x000001526b58e440 relative=0x0000000000000120
Event: 3.383 Thread 0x000001527a5bf4d0 Uncommon trap: reason=unstable_if action=reinterpret pc=0x000001526b58e440 method=java.util.HashMap.getNode(Ljava/lang/Object;)Ljava/util/HashMap$Node; @ 66 c2
Event: 3.383 Thread 0x000001527a5bf4d0 DEOPT PACKING pc=0x000001526b58e440 sp=0x0000002ce04feba0
Event: 3.383 Thread 0x000001527a5bf4d0 DEOPT UNPACKING pc=0x00000152639d20a3 sp=0x0000002ce04feb30 mode 2
Event: 3.391 Thread 0x0000015279db78e0 Uncommon trap: trap_request=0xffffff45 fr.pc=0x000001526b60047c relative=0x000000000000007c
Event: 3.391 Thread 0x0000015279db78e0 Uncommon trap: reason=unstable_if action=reinterpret pc=0x000001526b60047c method=com.sun.org.apache.xerces.internal.impl.XMLEntityScanner.checkBeforeLoad(Lcom/sun/xml/internal/stream/Entity$ScannedEntity;II)I @ 18 c2
Event: 3.391 Thread 0x0000015279db78e0 DEOPT PACKING pc=0x000001526b60047c sp=0x0000002cde6fda20
Event: 3.391 Thread 0x0000015279db78e0 DEOPT UNPACKING pc=0x00000152639d20a3 sp=0x0000002cde6fd9b0 mode 2
Event: 3.392 Thread 0x0000015279db78e0 Uncommon trap: trap_request=0xffffff45 fr.pc=0x000001526b60c258 relative=0x00000000000000b8
Event: 3.392 Thread 0x0000015279db78e0 Uncommon trap: reason=unstable_if action=reinterpret pc=0x000001526b60c258 method=com.sun.org.apache.xerces.internal.impl.XMLEntityScanner.peekChar()I @ 51 c2
Event: 3.392 Thread 0x0000015279db78e0 DEOPT PACKING pc=0x000001526b60c258 sp=0x0000002cde6fdc20
Event: 3.392 Thread 0x0000015279db78e0 DEOPT UNPACKING pc=0x00000152639d20a3 sp=0x0000002cde6fdba8 mode 2
Event: 3.441 Thread 0x0000015279db78e0 Uncommon trap: trap_request=0xffffff45 fr.pc=0x000001526b54e9b0 relative=0x0000000000000650
Event: 3.441 Thread 0x0000015279db78e0 Uncommon trap: reason=unstable_if action=reinterpret pc=0x000001526b54e9b0 method=java.lang.String.replace(Ljava/lang/CharSequence;Ljava/lang/CharSequence;)Ljava/lang/String; @ 42 c2
Event: 3.441 Thread 0x0000015279db78e0 DEOPT PACKING pc=0x000001526b54e9b0 sp=0x0000002cde6fb410
Event: 3.441 Thread 0x0000015279db78e0 DEOPT UNPACKING pc=0x00000152639d20a3 sp=0x0000002cde6fb3a0 mode 2
Event: 3.444 Thread 0x000001527a5bf4d0 Uncommon trap: trap_request=0xffffff45 fr.pc=0x000001526b641db4 relative=0x0000000000000114
Event: 3.444 Thread 0x000001527a5bf4d0 Uncommon trap: reason=unstable_if action=reinterpret pc=0x000001526b641db4 method=jdk.internal.org.objectweb.asm.SymbolTable.put(Ljdk/internal/org/objectweb/asm/SymbolTable$Entry;)Ljdk/internal/org/objectweb/asm/SymbolTable$Entry; @ 13 c2
Event: 3.444 Thread 0x000001527a5bf4d0 DEOPT PACKING pc=0x000001526b641db4 sp=0x0000002ce04fda10
Event: 3.444 Thread 0x000001527a5bf4d0 DEOPT UNPACKING pc=0x00000152639d20a3 sp=0x0000002ce04fd970 mode 2

Classes unloaded (7 events):
Event: 1.563 Thread 0x0000015276788db0 Unloading class 0x0000000100218000 'java/lang/invoke/LambdaForm$MH+0x0000000100218000'
Event: 1.563 Thread 0x0000015276788db0 Unloading class 0x0000000100217c00 'java/lang/invoke/LambdaForm$MH+0x0000000100217c00'
Event: 1.563 Thread 0x0000015276788db0 Unloading class 0x0000000100217800 'java/lang/invoke/LambdaForm$MH+0x0000000100217800'
Event: 1.563 Thread 0x0000015276788db0 Unloading class 0x0000000100217000 'java/lang/invoke/LambdaForm$MH+0x0000000100217000'
Event: 1.563 Thread 0x0000015276788db0 Unloading class 0x0000000100216c00 'java/lang/invoke/LambdaForm$BMH+0x0000000100216c00'
Event: 1.563 Thread 0x0000015276788db0 Unloading class 0x0000000100216800 'java/lang/invoke/LambdaForm$DMH+0x0000000100216800'
Event: 1.563 Thread 0x0000015276788db0 Unloading class 0x0000000100214000 'java/lang/invoke/LambdaForm$DMH+0x0000000100214000'

Classes redefined (0 events):
No events

Internal exceptions (20 events):
Event: 1.497 Thread 0x0000015279db78e0 Exception <a 'java/lang/NoSuchMethodError'{0x00000000eb6f2c40}: 'void java.lang.invoke.DirectMethodHandle$Holder.invokeStatic(java.lang.Object, java.lang.Object, int, java.lang.Object)'> (0x00000000eb6f2c40) 
thrown [s\src\hotspot\share\interpreter\linkResolver.cpp, line 759]
Event: 1.497 Thread 0x0000015279db78e0 Exception <a 'java/lang/NoSuchMethodError'{0x00000000eb6fa370}: 'void java.lang.invoke.DelegatingMethodHandle$Holder.delegate(java.lang.Object, java.lang.Object, int, java.lang.Object)'> (0x00000000eb6fa370) 
thrown [s\src\hotspot\share\interpreter\linkResolver.cpp, line 759]
Event: 1.498 Thread 0x0000015279db78e0 Exception <a 'java/lang/NoSuchMethodError'{0x00000000eb70bd28}: 'int java.lang.invoke.DirectMethodHandle$Holder.invokeStatic(java.lang.Object, java.lang.Object, int)'> (0x00000000eb70bd28) 
thrown [s\src\hotspot\share\interpreter\linkResolver.cpp, line 759]
Event: 1.498 Thread 0x0000015279db78e0 Exception <a 'java/lang/NoSuchMethodError'{0x00000000eb70fd50}: 'int java.lang.invoke.DirectMethodHandle$Holder.invokeSpecial(java.lang.Object, java.lang.Object, java.lang.Object, int)'> (0x00000000eb70fd50) 
thrown [s\src\hotspot\share\interpreter\linkResolver.cpp, line 759]
Event: 1.500 Thread 0x0000015279db78e0 Exception <a 'java/lang/NoSuchMethodError'{0x00000000eb72ba38}: 'java.lang.Object java.lang.invoke.DirectMethodHandle$Holder.invokeStatic(java.lang.Object, java.lang.Object, java.lang.Object, java.lang.Object, int)'> (0x00000000eb72ba38) 
thrown [s\src\hotspot\share\interpreter\linkResolver.cpp, line 759]
Event: 1.500 Thread 0x0000015279db78e0 Exception <a 'java/lang/NoSuchMethodError'{0x00000000eb737a30}: 'java.lang.Object java.lang.invoke.DelegatingMethodHandle$Holder.reinvoke_L(java.lang.Object, java.lang.Object, java.lang.Object, java.lang.Object, int, int)'> (0x00000000eb737a30) 
thrown [s\src\hotspot\share\interpreter\linkResolver.cpp, line 759]
Event: 1.502 Thread 0x0000015279db78e0 Exception <a 'java/lang/NoSuchMethodError'{0x00000000eb74fdf8}: 'java.lang.Object java.lang.invoke.Invokers$Holder.invokeExact_MT(java.lang.Object, java.lang.Object, java.lang.Object, java.lang.Object)'> (0x00000000eb74fdf8) 
thrown [s\src\hotspot\share\interpreter\linkResolver.cpp, line 759]
Event: 1.520 Thread 0x0000015279db78e0 Exception <a 'java/lang/NoSuchMethodError'{0x00000000eb85e5f8}: 'void java.lang.invoke.DirectMethodHandle$Holder.invokeSpecial(java.lang.Object, java.lang.Object, java.lang.Object)'> (0x00000000eb85e5f8) 
thrown [s\src\hotspot\share\interpreter\linkResolver.cpp, line 759]
Event: 1.594 Thread 0x0000015279db78e0 Exception <a 'java/lang/NoSuchMethodError'{0x00000000eac60b88}: 'int java.lang.invoke.DirectMethodHandle$Holder.invokeStaticInit(java.lang.Object, java.lang.Object, java.lang.Object)'> (0x00000000eac60b88) 
thrown [s\src\hotspot\share\interpreter\linkResolver.cpp, line 759]
Event: 1.601 Thread 0x0000015279db78e0 Exception <a 'java/lang/IncompatibleClassChangeError'{0x00000000eace9a40}: Found class java.lang.Object, but interface was expected> (0x00000000eace9a40) 
thrown [s\src\hotspot\share\interpreter\linkResolver.cpp, line 826]
Event: 1.881 Thread 0x0000015279db78e0 Exception <a 'java/io/FileNotFoundException'{0x00000000eb38fce8}> (0x00000000eb38fce8) 
thrown [s\src\hotspot\share\prims\jni.cpp, line 516]
Event: 1.881 Thread 0x0000015279db78e0 Exception <a 'java/io/FileNotFoundException'{0x00000000eb390fc8}> (0x00000000eb390fc8) 
thrown [s\src\hotspot\share\prims\jni.cpp, line 516]
Event: 1.881 Thread 0x0000015279db78e0 Exception <a 'java/io/FileNotFoundException'{0x00000000eb3922a8}> (0x00000000eb3922a8) 
thrown [s\src\hotspot\share\prims\jni.cpp, line 516]
Event: 2.129 Thread 0x0000015279db78e0 Exception <a 'java/io/FileNotFoundException'{0x00000000eb7ddce0}> (0x00000000eb7ddce0) 
thrown [s\src\hotspot\share\prims\jni.cpp, line 516]
Event: 3.163 Thread 0x0000015279db78e0 Exception <a 'java/lang/NoSuchMethodError'{0x00000000eb9b82a8}: 'java.lang.Object java.lang.invoke.DirectMethodHandle$Holder.invokeStaticInit(java.lang.Object, int, int, int, int)'> (0x00000000eb9b82a8) 
thrown [s\src\hotspot\share\interpreter\linkResolver.cpp, line 759]
Event: 3.167 Thread 0x000001527a5bf9a0 Exception <a 'java/lang/NoSuchMethodError'{0x00000000eba1da00}: 'java.lang.Object java.lang.invoke.DirectMethodHandle$Holder.newInvokeSpecial(java.lang.Object, java.lang.Object, java.lang.Object, java.lang.Object, java.lang.Object)'> (0x00000000eba1da00) 
thrown [s\src\hotspot\share\interpreter\linkResolver.cpp, line 759]
Event: 3.266 Thread 0x0000015279db78e0 Exception <a 'java/lang/NoSuchMethodError'{0x00000000ebf40938}: 'java.lang.Object java.lang.invoke.DirectMethodHandle$Holder.invokeStaticInit(java.lang.Object, java.lang.Object, int, int, int, int)'> (0x00000000ebf40938) 
thrown [s\src\hotspot\share\interpreter\linkResolver.cpp, line 759]
Event: 3.342 Thread 0x0000015279db78e0 Exception <a 'java/lang/ClassNotFoundException'{0x00000000eaf08d10}: com/sun/org/apache/xml/internal/serializer/spi/XMLEntitiesProvider> (0x00000000eaf08d10) 
thrown [s\src\hotspot\share\classfile\systemDictionary.cpp, line 256]
Event: 3.400 Thread 0x0000015279db78e0 Exception <a 'java/lang/NoSuchMethodError'{0x00000000eb5b1260}: 'void java.lang.invoke.DirectMethodHandle$Holder.invokeSpecial(java.lang.Object, java.lang.Object, java.lang.Object, int)'> (0x00000000eb5b1260) 
thrown [s\src\hotspot\share\interpreter\linkResolver.cpp, line 759]
Event: 3.419 Thread 0x0000015279db78e0 Exception <a 'java/io/FileNotFoundException'{0x00000000eb7fd630}> (0x00000000eb7fd630) 
thrown [s\src\hotspot\share\prims\jni.cpp, line 516]

VM Operations (20 events):
Event: 3.147 Executing VM operation: Cleanup
Event: 3.163 Executing VM operation: Cleanup done
Event: 3.179 Executing VM operation: HandshakeAllThreads
Event: 3.179 Executing VM operation: HandshakeAllThreads done
Event: 3.259 Executing VM operation: HandshakeAllThreads
Event: 3.259 Executing VM operation: HandshakeAllThreads done
Event: 3.297 Executing VM operation: ParallelGCFailedAllocation
Event: 3.299 Executing VM operation: ParallelGCFailedAllocation done
Event: 3.320 Executing VM operation: HandshakeAllThreads
Event: 3.321 Executing VM operation: HandshakeAllThreads done
Event: 3.338 Executing VM operation: HandshakeAllThreads
Event: 3.341 Executing VM operation: HandshakeAllThreads done
Event: 3.345 Executing VM operation: HandshakeAllThreads
Event: 3.345 Executing VM operation: HandshakeAllThreads done
Event: 3.352 Executing VM operation: HandshakeAllThreads
Event: 3.352 Executing VM operation: HandshakeAllThreads done
Event: 3.393 Executing VM operation: HandshakeAllThreads
Event: 3.393 Executing VM operation: HandshakeAllThreads done
Event: 4.394 Executing VM operation: Cleanup
Event: 4.447 Executing VM operation: Cleanup done

Events (20 events):
Event: 3.428 loading class sun/reflect/generics/repository/ClassRepository
Event: 3.428 loading class sun/reflect/generics/repository/GenericDeclRepository
Event: 3.428 loading class sun/reflect/generics/repository/AbstractRepository
Event: 3.428 loading class sun/reflect/generics/repository/AbstractRepository done
Event: 3.428 loading class sun/reflect/generics/repository/GenericDeclRepository done
Event: 3.428 loading class sun/reflect/generics/repository/ClassRepository done
Event: 3.428 loading class sun/reflect/generics/tree/FormalTypeParameter
Event: 3.428 loading class sun/reflect/generics/tree/FormalTypeParameter done
Event: 3.428 loading class sun/reflect/generics/tree/ClassSignature
Event: 3.428 loading class sun/reflect/generics/tree/Signature
Event: 3.428 loading class sun/reflect/generics/tree/Signature done
Event: 3.428 loading class sun/reflect/generics/tree/ClassSignature done
Event: 3.428 loading class java/lang/reflect/WildcardType
Event: 3.428 loading class java/lang/reflect/WildcardType done
Event: 3.430 loading class sun/reflect/generics/tree/TypeVariableSignature
Event: 3.430 loading class sun/reflect/generics/tree/TypeVariableSignature done
Event: 3.437 loading class java/nio/charset/IllegalCharsetNameException
Event: 3.438 loading class java/nio/charset/IllegalCharsetNameException done
Event: 3.442 loading class java/io/File$TempDirectory
Event: 3.442 loading class java/io/File$TempDirectory done


Dynamic libraries:
0x00007ff73ecf0000 - 0x00007ff73ecfe000 	c:\Users\59553\.antigravity\extensions\redhat.java-1.12.0-win32-x64\jre\17.0.4.1-win32-x86_64\bin\java.exe
0x00007fff47be0000 - 0x00007fff47e49000 	C:\WINDOWS\SYSTEM32\ntdll.dll
0x00007fff45c00000 - 0x00007fff45cc9000 	C:\WINDOWS\System32\KERNEL32.DLL
0x00007fff44ee0000 - 0x00007fff452d3000 	C:\WINDOWS\System32\KERNELBASE.dll
0x00007fff45860000 - 0x00007fff459ab000 	C:\WINDOWS\System32\ucrtbase.dll
0x00007fff104c0000 - 0x00007fff104d9000 	c:\Users\59553\.antigravity\extensions\redhat.java-1.12.0-win32-x64\jre\17.0.4.1-win32-x86_64\bin\VCRUNTIME140.dll
0x00007fff12920000 - 0x00007fff12938000 	c:\Users\59553\.antigravity\extensions\redhat.java-1.12.0-win32-x64\jre\17.0.4.1-win32-x86_64\bin\jli.dll
0x00007fff45e90000 - 0x00007fff46054000 	C:\WINDOWS\System32\USER32.dll
0x00007fff20c80000 - 0x00007fff20f13000 	C:\WINDOWS\WinSxS\amd64_microsoft.windows.common-controls_6595b64144ccf1df_6.0.26100.5074_none_3e0d6f78e32fd63f\COMCTL32.dll
0x00007fff452e0000 - 0x00007fff45307000 	C:\WINDOWS\System32\win32u.dll
0x00007fff46bb0000 - 0x00007fff46bdb000 	C:\WINDOWS\System32\GDI32.dll
0x00007fff469a0000 - 0x00007fff46a49000 	C:\WINDOWS\System32\msvcrt.dll
0x00007fff455c0000 - 0x00007fff456ed000 	C:\WINDOWS\System32\gdi32full.dll
0x00007fff457b0000 - 0x00007fff45853000 	C:\WINDOWS\System32\msvcp_win.dll
0x00007fff45ad0000 - 0x00007fff45aff000 	C:\WINDOWS\System32\IMM32.DLL
0x00007fff3ceb0000 - 0x00007fff3cebc000 	c:\Users\59553\.antigravity\extensions\redhat.java-1.12.0-win32-x64\jre\17.0.4.1-win32-x86_64\bin\vcruntime140_1.dll
0x00007ffeffe30000 - 0x00007ffeffec1000 	c:\Users\59553\.antigravity\extensions\redhat.java-1.12.0-win32-x64\jre\17.0.4.1-win32-x86_64\bin\msvcp140.dll
0x00007ffdc6ba0000 - 0x00007ffdc77e6000 	c:\Users\59553\.antigravity\extensions\redhat.java-1.12.0-win32-x64\jre\17.0.4.1-win32-x86_64\bin\server\jvm.dll
0x00007fff47540000 - 0x00007fff475f4000 	C:\WINDOWS\System32\ADVAPI32.dll
0x00007fff45b20000 - 0x00007fff45bc6000 	C:\WINDOWS\System32\sechost.dll
0x00007fff459b0000 - 0x00007fff45ac8000 	C:\WINDOWS\System32\RPCRT4.dll
0x00007fff45b10000 - 0x00007fff45b18000 	C:\WINDOWS\System32\PSAPI.DLL
0x00007fff13730000 - 0x00007fff1373a000 	C:\WINDOWS\SYSTEM32\WSOCK32.dll
0x00007fff37a60000 - 0x00007fff37a6b000 	C:\WINDOWS\SYSTEM32\VERSION.dll
0x00007fff39ae0000 - 0x00007fff39b15000 	C:\WINDOWS\SYSTEM32\WINMM.dll
0x00007fff45db0000 - 0x00007fff45e24000 	C:\WINDOWS\System32\WS2_32.dll
0x00007fff43c40000 - 0x00007fff43c5b000 	C:\WINDOWS\SYSTEM32\kernel.appcore.dll
0x00007fff38f70000 - 0x00007fff38f7a000 	c:\Users\59553\.antigravity\extensions\redhat.java-1.12.0-win32-x64\jre\17.0.4.1-win32-x86_64\bin\jimage.dll
0x00007fff41fb0000 - 0x00007fff421f2000 	C:\WINDOWS\SYSTEM32\DBGHELP.DLL
0x00007fff46060000 - 0x00007fff463db000 	C:\WINDOWS\System32\combase.dll
0x00007fff45cd0000 - 0x00007fff45da7000 	C:\WINDOWS\System32\OLEAUT32.dll
0x00007fff138d0000 - 0x00007fff1390d000 	C:\WINDOWS\SYSTEM32\dbgcore.DLL
0x00007fff45520000 - 0x00007fff455b9000 	C:\WINDOWS\System32\bcryptPrimitives.dll
0x00007fff25e20000 - 0x00007fff25e2e000 	c:\Users\59553\.antigravity\extensions\redhat.java-1.12.0-win32-x64\jre\17.0.4.1-win32-x86_64\bin\instrument.dll
0x00007fff07d50000 - 0x00007fff07d75000 	c:\Users\59553\.antigravity\extensions\redhat.java-1.12.0-win32-x64\jre\17.0.4.1-win32-x86_64\bin\java.dll
0x00007fff0a760000 - 0x00007fff0a778000 	c:\Users\59553\.antigravity\extensions\redhat.java-1.12.0-win32-x64\jre\17.0.4.1-win32-x86_64\bin\zip.dll
0x00007fff46ce0000 - 0x00007fff4742d000 	C:\WINDOWS\System32\SHELL32.dll
0x00007fff44d70000 - 0x00007fff44edc000 	C:\WINDOWS\System32\wintypes.dll
0x00007fff429b0000 - 0x00007fff43209000 	C:\WINDOWS\SYSTEM32\windows.storage.dll
0x00007fff47440000 - 0x00007fff47530000 	C:\WINDOWS\System32\SHCORE.dll
0x00007fff46830000 - 0x00007fff46892000 	C:\WINDOWS\System32\shlwapi.dll
0x00007fff44c90000 - 0x00007fff44cb9000 	C:\WINDOWS\SYSTEM32\profapi.dll
0x00007fff09d80000 - 0x00007fff09d99000 	C:\Users\59553\.antigravity\extensions\redhat.java-1.12.0-win32-x64\jre\17.0.4.1-win32-x86_64\bin\net.dll
0x00007fff3b140000 - 0x00007fff3b25f000 	C:\WINDOWS\SYSTEM32\WINHTTP.dll
0x00007fff441a0000 - 0x00007fff4420b000 	C:\WINDOWS\system32\mswsock.dll
0x00007fff09290000 - 0x00007fff092a5000 	C:\Users\59553\.antigravity\extensions\redhat.java-1.12.0-win32-x64\jre\17.0.4.1-win32-x86_64\bin\nio.dll
0x00007fff19b60000 - 0x00007fff19b70000 	c:\Users\59553\.antigravity\extensions\redhat.java-1.12.0-win32-x64\jre\17.0.4.1-win32-x86_64\bin\verify.dll
0x00007fff06b70000 - 0x00007fff06bae000 	C:\Users\59553\AppData\Roaming\Antigravity\User\globalStorage\redhat.java\1.12.0\config_win\org.eclipse.equinox.launcher\org.eclipse.equinox.launcher.win32.win32.x86_64_1.2.600.v20220720-1916\eclipse_11700.dll
0x00007fff465d0000 - 0x00007fff46768000 	C:\WINDOWS\System32\ole32.dll
0x00007fff44480000 - 0x00007fff4449b000 	C:\WINDOWS\SYSTEM32\CRYPTSP.dll
0x00007fff43ba0000 - 0x00007fff43bdb000 	C:\WINDOWS\system32\rsaenh.dll
0x00007fff44250000 - 0x00007fff4427b000 	C:\WINDOWS\SYSTEM32\USERENV.dll
0x00007fff44c60000 - 0x00007fff44c86000 	C:\WINDOWS\SYSTEM32\bcrypt.dll
0x00007fff44470000 - 0x00007fff4447c000 	C:\WINDOWS\SYSTEM32\CRYPTBASE.dll
0x00007fff435f0000 - 0x00007fff43624000 	C:\WINDOWS\SYSTEM32\IPHLPAPI.DLL
0x00007fff465c0000 - 0x00007fff465ca000 	C:\WINDOWS\System32\NSI.dll
0x00007fff3b820000 - 0x00007fff3b83e000 	C:\WINDOWS\SYSTEM32\dhcpcsvc6.DLL
0x00007fff3b540000 - 0x00007fff3b563000 	C:\WINDOWS\SYSTEM32\dhcpcsvc.DLL
0x00007fff43630000 - 0x00007fff43756000 	C:\WINDOWS\SYSTEM32\DNSAPI.dll
0x00007fff061d0000 - 0x00007fff06210000 	C:\Users\59553\AppData\Local\Temp\jna-50697327\jna14275530766596176213.dll

dbghelp: loaded successfully - version: 4.0.5 - missing functions: none
symbol engine: initialized successfully - sym options: 0x614 - pdb path: .;c:\Users\59553\.antigravity\extensions\redhat.java-1.12.0-win32-x64\jre\17.0.4.1-win32-x86_64\bin;C:\WINDOWS\SYSTEM32;C:\WINDOWS\WinSxS\amd64_microsoft.windows.common-controls_6595b64144ccf1df_6.0.26100.5074_none_3e0d6f78e32fd63f;c:\Users\59553\.antigravity\extensions\redhat.java-1.12.0-win32-x64\jre\17.0.4.1-win32-x86_64\bin\server;C:\Users\59553\AppData\Roaming\Antigravity\User\globalStorage\redhat.java\1.12.0\config_win\org.eclipse.equinox.launcher\org.eclipse.equinox.launcher.win32.win32.x86_64_1.2.600.v20220720-1916;C:\Users\59553\AppData\Local\Temp\jna-50697327

VM Arguments:
jvm_args: --add-modules=ALL-SYSTEM --add-opens=java.base/java.util=ALL-UNNAMED --add-opens=java.base/java.lang=ALL-UNNAMED --add-opens=java.base/sun.nio.fs=ALL-UNNAMED -Declipse.application=org.eclipse.jdt.ls.core.id1 -Dosgi.bundles.defaultStartLevel=4 -Declipse.product=org.eclipse.jdt.ls.core.product -Djava.import.generatesMetadataFilesAtProjectRoot=false -Dfile.encoding=utf8 -XX:+UseParallelGC -XX:GCTimeRatio=4 -XX:AdaptiveSizePolicyWeight=90 -Dsun.zip.disableMemoryMapping=true -Xmx1G -Xms100m -Xlog:disable -javaagent:c:\Users\59553\.antigravity\extensions\redhat.java-1.12.0-win32-x64\lombok\lombok-1.18.24.jar -XX:+HeapDumpOnOutOfMemoryError -XX:HeapDumpPath=c:\Users\59553\AppData\Roaming\Antigravity\User\workspaceStorage\74d62bd06157901407eed9eddba0cf6c\redhat.java 
java_command: c:\Users\59553\.antigravity\extensions\redhat.java-1.12.0-win32-x64\server\plugins\org.eclipse.equinox.launcher_1.6.400.v20210924-0641.jar -configuration c:\Users\59553\AppData\Roaming\Antigravity\User\globalStorage\redhat.java\1.12.0\config_win -data c:\Users\59553\AppData\Roaming\Antigravity\User\workspaceStorage\74d62bd06157901407eed9eddba0cf6c\redhat.java\jdt_ws
java_class_path (initial): c:\Users\59553\.antigravity\extensions\redhat.java-1.12.0-win32-x64\server\plugins\org.eclipse.equinox.launcher_1.6.400.v20210924-0641.jar
Launcher Type: SUN_STANDARD

[Global flags]
    uintx AdaptiveSizePolicyWeight                 = 90                                        {product} {command line}
     intx CICompilerCount                          = 12                                        {product} {ergonomic}
    uintx GCTimeRatio                              = 4                                         {product} {command line}
     bool HeapDumpOnOutOfMemoryError               = true                                   {manageable} {command line}
    ccstr HeapDumpPath                             = c:\Users\59553\AppData\Roaming\Antigravity\User\workspaceStorage\74d62bd06157901407eed9eddba0cf6c\redhat.java         {manageable} {command line}
   size_t InitialHeapSize                          = 104857600                                 {product} {command line}
   size_t MaxHeapSize                              = 1073741824                                {product} {command line}
   size_t MaxNewSize                               = 357564416                                 {product} {ergonomic}
   size_t MinHeapDeltaBytes                        = 524288                                    {product} {ergonomic}
   size_t MinHeapSize                              = 104857600                                 {product} {command line}
   size_t NewSize                                  = 34603008                                  {product} {ergonomic}
    uintx NonNMethodCodeHeapSize                   = 7602480                                {pd product} {ergonomic}
    uintx NonProfiledCodeHeapSize                  = 122027880                              {pd product} {ergonomic}
   size_t OldSize                                  = 70254592                                  {product} {ergonomic}
    uintx ProfiledCodeHeapSize                     = 122027880                              {pd product} {ergonomic}
    uintx ReservedCodeCacheSize                    = 251658240                              {pd product} {ergonomic}
     bool SegmentedCodeCache                       = true                                      {product} {ergonomic}
   size_t SoftMaxHeapSize                          = 1073741824                             {manageable} {ergonomic}
     bool UseCompressedClassPointers               = true                           {product lp64_product} {ergonomic}
     bool UseCompressedOops                        = true                           {product lp64_product} {ergonomic}
     bool UseLargePagesIndividualAllocation        = false                                  {pd product} {ergonomic}
     bool UseParallelGC                            = true                                      {product} {command line}

Logging:
Log output configuration:
 #0: stdout all=off uptime,level,tags
 #1: stderr all=off uptime,level,tags

Environment Variables:
JAVA_HOME=D:\jdk21
CLASSPATH=.;%JAVA_HOME%\lib\dt.jar;%JAVA_HOME%\lib\tools.jar
PATH=D:\剞攜儂\VMware\bin\;D:;VMware\bin\;E:\bin\;C:\windows\system32;D:\jdk21\bin;C:\windows;C:\windows\System32\Wbem;C:\windows\System32\WindowsPowerShell\v1.0\;C:\windows\System32\OpenSSH\;C:\Program Files (x86)\NVIDIA Corporation\PhysX\Common;C:\Users\Administrator\AppData\Local\Microsoft\WindowsApps;C:\Program Files\HP\OMEN-Broadcast\Common;C:\WINDOWS\system32;C:\WINDOWS;C:\WINDOWS\System32\Wbem;C:\WINDOWS\System32\WindowsPowerShell\v1.0\;C:\WINDOWS\System32\OpenSSH\;C:\Program Files (x86)\Windows Kits\10\Windows Performance Toolkit\;C:\Program Files\Microsoft SQL Server\130\Tools\Binn\;C:\Program Files\NVIDIA Corporation\NVIDIA app\NvDLISR;D:\maltab\runtime\win64;D:\maltab\bin;D:\mysql\mysql-8.0.26-winx64\bin;D:\maven\apache-maven-3.9.4\bin;D:\jdk21\bin;D:\NodeJS\;C:\Program Files\Git\cmd;C:\Users\59553\AppData\Local\Temp\_MEI347522\PyQt5\Qt5\bin;C:\Users\59553\AppData\Local\Temp\_MEI347522;C:\Users\59553\AppData\Local\Temp\_MEI347522\pywin32_system32;C:\Program Files\Common Files\Oracle\Java\javapath;E:\bin\;C:\windows\system32;C:\windows;C:\windows\System32\Wbem;C:\windows\System32\WindowsPowerShell\v1.0\;C:\windows\System32\OpenSSH\;C:\Program Files (x86)\NVIDIA Corporation\PhysX\Common;C:\Users\Administrator\AppData\Local\Microsoft\WindowsApps;C:\Program Files\HP\OMEN-Broadcast\Common;C:\WINDOWS\system32;C:\WINDOWS;C:\WINDOWS\System32\Wbem;C:\WINDOWS\System32\WindowsPowerShell\v1.0\;C:\WINDOWS\System32\OpenSSH\;C:\Program Files (x86)\Windows Kits\10\Windows Performance Toolkit\;C:\Program Files\Microsoft SQL Server\130\Tools\Binn\;C:\Program Files\NVIDIA Corporation\NVIDIA app\NvDLISR;D:\maltab\runtime\win64;D:\maltab\bin;D:\mysql\mysql-8.0.26-winx64\bin;D:\python3\Scripts\;D:\python3\;C:\Users\59553\AppData\Local\Programs\Python\Launcher\;C:\Users\59553\AppData\Local\Programs\Python\Pytho;D:\visual studio code\Microsoft VS Code\bin;D:\DataGrip\DataGrip 2024.1.1\bin;;C:\Users\59553\AppData\Roaming\npm;D:\Antigravity\Antigravity\bin
USERNAME=59553
OS=Windows_NT
PROCESSOR_IDENTIFIER=Intel64 Family 6 Model 183 Stepping 1, GenuineIntel
TMP=C:\Users\59553\AppData\Local\Temp
TEMP=C:\Users\59553\AppData\Local\Temp



---------------  S Y S T E M  ---------------

OS:
 Windows 11 , 64 bit Build 26100 (10.0.26100.5074)
OS uptime: 10 days 23:00 hours
Hyper-V role detected

CPU: total 24 (initial active 24) (12 cores per cpu, 2 threads per core) family 6 model 183 stepping 1 microcode 0x129, cx8, cmov, fxsr, ht, mmx, 3dnowpref, sse, sse2, sse3, ssse3, sse4.1, sse4.2, popcnt, lzcnt, tsc, tscinvbit, avx, avx2, aes, erms, clmul, bmi1, bmi2, adx, sha, fma, vzeroupper, clflush, clflushopt, clwb, hv

Memory: 4k page, system-wide physical 16087M (576M free)
TotalPageFile size 49901M (AvailPageFile size 11M)
current process WorkingSet (physical memory assigned to process): 187M, peak: 200M
current process commit charge ("private bytes"): 319M, peak: 333M

vm_info: OpenJDK 64-Bit Server VM (17.0.4.1+1) for windows-amd64 JRE (17.0.4.1+1), built on Aug 17 2022 07:42:43 by "temurin" with MS VC++ 16.7 (VS2019)

END.
